{"/home/misha/repos/Linq-Typed/dist/test.js":{"path":"/home/misha/repos/Linq-Typed/dist/test.js","statementMap":{"0":{"start":{"line":2,"column":0},"end":{"line":2,"column":62}},"1":{"start":{"line":3,"column":0},"end":{"line":3,"column":107}},"2":{"start":{"line":4,"column":14},"end":{"line":4,"column":28}},"3":{"start":{"line":5,"column":0},"end":{"line":5,"column":22}},"4":{"start":{"line":6,"column":0},"end":{"line":6,"column":13}},"5":{"start":{"line":9,"column":8},"end":{"line":9,"column":33}},"6":{"start":{"line":10,"column":8},"end":{"line":10,"column":31}},"7":{"start":{"line":11,"column":8},"end":{"line":11,"column":47}},"8":{"start":{"line":14,"column":0},"end":{"line":14,"column":26}},"9":{"start":{"line":17,"column":8},"end":{"line":17,"column":29}},"10":{"start":{"line":18,"column":8},"end":{"line":18,"column":27}},"11":{"start":{"line":21,"column":0},"end":{"line":21,"column":24}},"12":{"start":{"line":24,"column":8},"end":{"line":24,"column":29}},"13":{"start":{"line":25,"column":8},"end":{"line":25,"column":27}},"14":{"start":{"line":26,"column":8},"end":{"line":26,"column":31}},"15":{"start":{"line":27,"column":8},"end":{"line":27,"column":41}},"16":{"start":{"line":30,"column":0},"end":{"line":30,"column":18}},"17":{"start":{"line":33,"column":8},"end":{"line":33,"column":22}},"18":{"start":{"line":36,"column":0},"end":{"line":36,"column":18}},"19":{"start":{"line":39,"column":8},"end":{"line":39,"column":25}},"20":{"start":{"line":40,"column":8},"end":{"line":40,"column":25}},"21":{"start":{"line":43,"column":0},"end":{"line":43,"column":28}},"22":{"start":{"line":46,"column":8},"end":{"line":46,"column":33}},"23":{"start":{"line":47,"column":8},"end":{"line":47,"column":33}},"24":{"start":{"line":50,"column":0},"end":{"line":50,"column":26}},"25":{"start":{"line":51,"column":0},"end":{"line":55,"column":3}},"26":{"start":{"line":52,"column":17},"end":{"line":52,"column":19}},"27":{"start":{"line":53,"column":4},"end":{"line":53,"column":20}},"28":{"start":{"line":54,"column":4},"end":{"line":54,"column":30}},"29":{"start":{"line":56,"column":0},"end":{"line":60,"column":3}},"30":{"start":{"line":57,"column":17},"end":{"line":57,"column":19}},"31":{"start":{"line":58,"column":4},"end":{"line":58,"column":43}},"32":{"start":{"line":59,"column":4},"end":{"line":59,"column":57}},"33":{"start":{"line":61,"column":0},"end":{"line":66,"column":3}},"34":{"start":{"line":62,"column":21},"end":{"line":62,"column":66}},"35":{"start":{"line":63,"column":21},"end":{"line":63,"column":67}},"36":{"start":{"line":64,"column":18},"end":{"line":64,"column":37}},"37":{"start":{"line":65,"column":4},"end":{"line":65,"column":97}},"38":{"start":{"line":65,"column":52},"end":{"line":65,"column":80}},"39":{"start":{"line":67,"column":0},"end":{"line":76,"column":3}},"40":{"start":{"line":68,"column":17},"end":{"line":72,"column":5}},"41":{"start":{"line":75,"column":4},"end":{"line":75,"column":55}},"42":{"start":{"line":75,"column":28},"end":{"line":75,"column":52}},"43":{"start":{"line":77,"column":0},"end":{"line":86,"column":3}},"44":{"start":{"line":78,"column":17},"end":{"line":82,"column":5}},"45":{"start":{"line":84,"column":4},"end":{"line":84,"column":63}},"46":{"start":{"line":84,"column":25},"end":{"line":84,"column":60}},"47":{"start":{"line":85,"column":4},"end":{"line":85,"column":23}},"48":{"start":{"line":87,"column":0},"end":{"line":93,"column":3}},"49":{"start":{"line":88,"column":17},"end":{"line":88,"column":19}},"50":{"start":{"line":89,"column":4},"end":{"line":89,"column":43}},"51":{"start":{"line":90,"column":4},"end":{"line":90,"column":24}},"52":{"start":{"line":91,"column":4},"end":{"line":91,"column":58}},"53":{"start":{"line":92,"column":4},"end":{"line":92,"column":80}},"54":{"start":{"line":94,"column":0},"end":{"line":103,"column":3}},"55":{"start":{"line":95,"column":19},"end":{"line":95,"column":40}},"56":{"start":{"line":96,"column":19},"end":{"line":100,"column":5}},"57":{"start":{"line":101,"column":4},"end":{"line":101,"column":33}},"58":{"start":{"line":102,"column":4},"end":{"line":102,"column":41}},"59":{"start":{"line":102,"column":29},"end":{"line":102,"column":34}},"60":{"start":{"line":104,"column":0},"end":{"line":113,"column":3}},"61":{"start":{"line":105,"column":17},"end":{"line":108,"column":5}},"62":{"start":{"line":109,"column":17},"end":{"line":109,"column":38}},"63":{"start":{"line":110,"column":4},"end":{"line":110,"column":53}},"64":{"start":{"line":111,"column":4},"end":{"line":111,"column":39}},"65":{"start":{"line":112,"column":4},"end":{"line":112,"column":53}},"66":{"start":{"line":114,"column":0},"end":{"line":141,"column":3}},"67":{"start":{"line":115,"column":17},"end":{"line":119,"column":5}},"68":{"start":{"line":120,"column":17},"end":{"line":124,"column":5}},"69":{"start":{"line":125,"column":21},"end":{"line":132,"column":5}},"70":{"start":{"line":133,"column":4},"end":{"line":135,"column":30}},"71":{"start":{"line":136,"column":4},"end":{"line":140,"column":7}},"72":{"start":{"line":142,"column":0},"end":{"line":152,"column":3}},"73":{"start":{"line":143,"column":19},"end":{"line":150,"column":5}},"74":{"start":{"line":151,"column":4},"end":{"line":151,"column":37}},"75":{"start":{"line":153,"column":0},"end":{"line":164,"column":3}},"76":{"start":{"line":154,"column":19},"end":{"line":161,"column":5}},"77":{"start":{"line":162,"column":4},"end":{"line":162,"column":28}},"78":{"start":{"line":163,"column":4},"end":{"line":163,"column":45}},"79":{"start":{"line":163,"column":27},"end":{"line":163,"column":39}},"80":{"start":{"line":165,"column":0},"end":{"line":177,"column":3}},"81":{"start":{"line":166,"column":17},"end":{"line":170,"column":5}},"82":{"start":{"line":171,"column":4},"end":{"line":174,"column":53}},"83":{"start":{"line":173,"column":23},"end":{"line":173,"column":31}},"84":{"start":{"line":175,"column":20},"end":{"line":175,"column":22}},"85":{"start":{"line":176,"column":4},"end":{"line":176,"column":58}},"86":{"start":{"line":178,"column":0},"end":{"line":194,"column":3}},"87":{"start":{"line":179,"column":17},"end":{"line":179,"column":49}},"88":{"start":{"line":180,"column":17},"end":{"line":186,"column":5}},"89":{"start":{"line":187,"column":21},"end":{"line":191,"column":5}},"90":{"start":{"line":192,"column":4},"end":{"line":192,"column":61}},"91":{"start":{"line":193,"column":4},"end":{"line":193,"column":53}},"92":{"start":{"line":195,"column":0},"end":{"line":208,"column":3}},"93":{"start":{"line":196,"column":17},"end":{"line":201,"column":5}},"94":{"start":{"line":202,"column":19},"end":{"line":206,"column":5}},"95":{"start":{"line":207,"column":4},"end":{"line":207,"column":67}},"96":{"start":{"line":207,"column":39},"end":{"line":207,"column":46}},"97":{"start":{"line":209,"column":0},"end":{"line":215,"column":3}},"98":{"start":{"line":210,"column":14},"end":{"line":210,"column":43}},"99":{"start":{"line":211,"column":4},"end":{"line":211,"column":32}},"100":{"start":{"line":212,"column":4},"end":{"line":214,"column":7}},"101":{"start":{"line":212,"column":19},"end":{"line":212,"column":33}},"102":{"start":{"line":216,"column":0},"end":{"line":220,"column":3}},"103":{"start":{"line":217,"column":14},"end":{"line":217,"column":43}},"104":{"start":{"line":218,"column":4},"end":{"line":218,"column":41}},"105":{"start":{"line":219,"column":4},"end":{"line":219,"column":45}},"106":{"start":{"line":221,"column":0},"end":{"line":225,"column":3}},"107":{"start":{"line":222,"column":21},"end":{"line":222,"column":51}},"108":{"start":{"line":223,"column":21},"end":{"line":223,"column":31}},"109":{"start":{"line":224,"column":4},"end":{"line":224,"column":73}},"110":{"start":{"line":226,"column":0},"end":{"line":232,"column":3}},"111":{"start":{"line":227,"column":4},"end":{"line":227,"column":55}},"112":{"start":{"line":228,"column":4},"end":{"line":228,"column":47}},"113":{"start":{"line":228,"column":36},"end":{"line":228,"column":41}},"114":{"start":{"line":229,"column":4},"end":{"line":231,"column":7}},"115":{"start":{"line":229,"column":19},"end":{"line":229,"column":29}},"116":{"start":{"line":233,"column":0},"end":{"line":236,"column":3}},"117":{"start":{"line":234,"column":4},"end":{"line":234,"column":64}},"118":{"start":{"line":235,"column":4},"end":{"line":235,"column":41}},"119":{"start":{"line":237,"column":0},"end":{"line":242,"column":3}},"120":{"start":{"line":238,"column":18},"end":{"line":238,"column":55}},"121":{"start":{"line":239,"column":15},"end":{"line":239,"column":17}},"122":{"start":{"line":240,"column":4},"end":{"line":240,"column":52}},"123":{"start":{"line":240,"column":29},"end":{"line":240,"column":49}},"124":{"start":{"line":241,"column":4},"end":{"line":241,"column":52}},"125":{"start":{"line":243,"column":0},"end":{"line":256,"column":3}},"126":{"start":{"line":244,"column":17},"end":{"line":249,"column":5}},"127":{"start":{"line":250,"column":19},"end":{"line":254,"column":5}},"128":{"start":{"line":255,"column":4},"end":{"line":255,"column":71}},"129":{"start":{"line":255,"column":36},"end":{"line":255,"column":43}},"130":{"start":{"line":255,"column":52},"end":{"line":255,"column":60}},"131":{"start":{"line":257,"column":0},"end":{"line":280,"column":3}},"132":{"start":{"line":258,"column":19},"end":{"line":258,"column":58}},"133":{"start":{"line":259,"column":18},"end":{"line":259,"column":54}},"134":{"start":{"line":260,"column":22},"end":{"line":260,"column":62}},"135":{"start":{"line":261,"column":19},"end":{"line":261,"column":60}},"136":{"start":{"line":262,"column":18},"end":{"line":262,"column":58}},"137":{"start":{"line":263,"column":21},"end":{"line":263,"column":68}},"138":{"start":{"line":264,"column":18},"end":{"line":264,"column":59}},"139":{"start":{"line":265,"column":19},"end":{"line":265,"column":45}},"140":{"start":{"line":266,"column":17},"end":{"line":266,"column":49}},"141":{"start":{"line":270,"column":18},"end":{"line":273,"column":7}},"142":{"start":{"line":270,"column":51},"end":{"line":270,"column":57}},"143":{"start":{"line":270,"column":66},"end":{"line":270,"column":75}},"144":{"start":{"line":270,"column":105},"end":{"line":273,"column":5}},"145":{"start":{"line":272,"column":42},"end":{"line":272,"column":50}},"146":{"start":{"line":274,"column":21},"end":{"line":278,"column":5}},"147":{"start":{"line":279,"column":4},"end":{"line":279,"column":100}},"148":{"start":{"line":279,"column":36},"end":{"line":279,"column":77}},"149":{"start":{"line":281,"column":0},"end":{"line":297,"column":3}},"150":{"start":{"line":282,"column":19},"end":{"line":289,"column":5}},"151":{"start":{"line":290,"column":19},"end":{"line":290,"column":72}},"152":{"start":{"line":291,"column":18},"end":{"line":291,"column":71}},"153":{"start":{"line":292,"column":21},"end":{"line":292,"column":77}},"154":{"start":{"line":293,"column":17},"end":{"line":293,"column":42}},"155":{"start":{"line":294,"column":4},"end":{"line":294,"column":38}},"156":{"start":{"line":295,"column":4},"end":{"line":295,"column":43}},"157":{"start":{"line":296,"column":4},"end":{"line":296,"column":33}},"158":{"start":{"line":298,"column":0},"end":{"line":315,"column":3}},"159":{"start":{"line":299,"column":17},"end":{"line":303,"column":5}},"160":{"start":{"line":304,"column":17},"end":{"line":304,"column":50}},"161":{"start":{"line":305,"column":4},"end":{"line":305,"column":27}},"162":{"start":{"line":306,"column":4},"end":{"line":306,"column":38}},"163":{"start":{"line":307,"column":4},"end":{"line":307,"column":31}},"164":{"start":{"line":308,"column":4},"end":{"line":308,"column":30}},"165":{"start":{"line":309,"column":4},"end":{"line":311,"column":7}},"166":{"start":{"line":309,"column":19},"end":{"line":309,"column":42}},"167":{"start":{"line":312,"column":4},"end":{"line":314,"column":7}},"168":{"start":{"line":312,"column":19},"end":{"line":312,"column":56}},"169":{"start":{"line":316,"column":0},"end":{"line":341,"column":3}},"170":{"start":{"line":317,"column":17},"end":{"line":321,"column":5}},"171":{"start":{"line":322,"column":19},"end":{"line":328,"column":5}},"172":{"start":{"line":329,"column":20},"end":{"line":332,"column":5}},"173":{"start":{"line":333,"column":4},"end":{"line":333,"column":35}},"174":{"start":{"line":334,"column":4},"end":{"line":334,"column":30}},"175":{"start":{"line":335,"column":4},"end":{"line":337,"column":7}},"176":{"start":{"line":335,"column":19},"end":{"line":335,"column":50}},"177":{"start":{"line":338,"column":4},"end":{"line":340,"column":7}},"178":{"start":{"line":338,"column":19},"end":{"line":338,"column":64}},"179":{"start":{"line":342,"column":0},"end":{"line":348,"column":3}},"180":{"start":{"line":343,"column":16},"end":{"line":343,"column":40}},"181":{"start":{"line":344,"column":16},"end":{"line":344,"column":43}},"182":{"start":{"line":345,"column":4},"end":{"line":345,"column":45}},"183":{"start":{"line":345,"column":37},"end":{"line":345,"column":38}},"184":{"start":{"line":346,"column":21},"end":{"line":346,"column":29}},"185":{"start":{"line":347,"column":4},"end":{"line":347,"column":56}},"186":{"start":{"line":349,"column":0},"end":{"line":370,"column":3}},"187":{"start":{"line":350,"column":19},"end":{"line":350,"column":58}},"188":{"start":{"line":351,"column":18},"end":{"line":351,"column":54}},"189":{"start":{"line":352,"column":22},"end":{"line":352,"column":62}},"190":{"start":{"line":353,"column":19},"end":{"line":353,"column":60}},"191":{"start":{"line":354,"column":18},"end":{"line":354,"column":58}},"192":{"start":{"line":355,"column":21},"end":{"line":355,"column":68}},"193":{"start":{"line":356,"column":18},"end":{"line":356,"column":59}},"194":{"start":{"line":357,"column":20},"end":{"line":357,"column":46}},"195":{"start":{"line":358,"column":17},"end":{"line":358,"column":49}},"196":{"start":{"line":362,"column":18},"end":{"line":362,"column":133}},"197":{"start":{"line":362,"column":46},"end":{"line":362,"column":52}},"198":{"start":{"line":362,"column":61},"end":{"line":362,"column":70}},"199":{"start":{"line":362,"column":90},"end":{"line":362,"column":131}},"200":{"start":{"line":363,"column":21},"end":{"line":368,"column":5}},"201":{"start":{"line":369,"column":4},"end":{"line":369,"column":90}},"202":{"start":{"line":369,"column":36},"end":{"line":369,"column":67}},"203":{"start":{"line":371,"column":0},"end":{"line":377,"column":3}},"204":{"start":{"line":372,"column":4},"end":{"line":372,"column":54}},"205":{"start":{"line":373,"column":4},"end":{"line":373,"column":46}},"206":{"start":{"line":373,"column":35},"end":{"line":373,"column":40}},"207":{"start":{"line":374,"column":4},"end":{"line":376,"column":7}},"208":{"start":{"line":374,"column":19},"end":{"line":374,"column":28}},"209":{"start":{"line":378,"column":0},"end":{"line":381,"column":3}},"210":{"start":{"line":379,"column":4},"end":{"line":379,"column":63}},"211":{"start":{"line":380,"column":4},"end":{"line":380,"column":40}},"212":{"start":{"line":382,"column":0},"end":{"line":390,"column":3}},"213":{"start":{"line":383,"column":19},"end":{"line":387,"column":5}},"214":{"start":{"line":388,"column":4},"end":{"line":388,"column":37}},"215":{"start":{"line":388,"column":25},"end":{"line":388,"column":30}},"216":{"start":{"line":389,"column":4},"end":{"line":389,"column":35}},"217":{"start":{"line":391,"column":0},"end":{"line":400,"column":3}},"218":{"start":{"line":392,"column":19},"end":{"line":396,"column":5}},"219":{"start":{"line":397,"column":4},"end":{"line":397,"column":43}},"220":{"start":{"line":397,"column":27},"end":{"line":397,"column":32}},"221":{"start":{"line":398,"column":4},"end":{"line":398,"column":47}},"222":{"start":{"line":398,"column":27},"end":{"line":398,"column":32}},"223":{"start":{"line":399,"column":4},"end":{"line":399,"column":43}},"224":{"start":{"line":399,"column":36},"end":{"line":399,"column":37}},"225":{"start":{"line":401,"column":0},"end":{"line":409,"column":3}},"226":{"start":{"line":402,"column":19},"end":{"line":406,"column":5}},"227":{"start":{"line":407,"column":4},"end":{"line":407,"column":37}},"228":{"start":{"line":407,"column":25},"end":{"line":407,"column":30}},"229":{"start":{"line":408,"column":4},"end":{"line":408,"column":35}},"230":{"start":{"line":410,"column":0},"end":{"line":418,"column":3}},"231":{"start":{"line":411,"column":19},"end":{"line":415,"column":5}},"232":{"start":{"line":416,"column":4},"end":{"line":416,"column":46}},"233":{"start":{"line":416,"column":27},"end":{"line":416,"column":32}},"234":{"start":{"line":417,"column":4},"end":{"line":417,"column":41}},"235":{"start":{"line":417,"column":34},"end":{"line":417,"column":35}},"236":{"start":{"line":419,"column":0},"end":{"line":434,"column":3}},"237":{"start":{"line":420,"column":17},"end":{"line":423,"column":5}},"238":{"start":{"line":424,"column":21},"end":{"line":424,"column":47}},"239":{"start":{"line":425,"column":4},"end":{"line":425,"column":45}},"240":{"start":{"line":426,"column":4},"end":{"line":426,"column":45}},"241":{"start":{"line":427,"column":4},"end":{"line":427,"column":46}},"242":{"start":{"line":428,"column":4},"end":{"line":428,"column":47}},"243":{"start":{"line":429,"column":4},"end":{"line":429,"column":38}},"244":{"start":{"line":430,"column":4},"end":{"line":433,"column":26}},"245":{"start":{"line":435,"column":0},"end":{"line":441,"column":3}},"246":{"start":{"line":436,"column":19},"end":{"line":436,"column":37}},"247":{"start":{"line":437,"column":21},"end":{"line":437,"column":39}},"248":{"start":{"line":438,"column":4},"end":{"line":438,"column":60}},"249":{"start":{"line":438,"column":36},"end":{"line":438,"column":37}},"250":{"start":{"line":439,"column":4},"end":{"line":439,"column":130}},"251":{"start":{"line":439,"column":72},"end":{"line":439,"column":73}},"252":{"start":{"line":440,"column":4},"end":{"line":440,"column":44}},"253":{"start":{"line":442,"column":0},"end":{"line":456,"column":3}},"254":{"start":{"line":443,"column":19},"end":{"line":443,"column":37}},"255":{"start":{"line":444,"column":4},"end":{"line":451,"column":7}},"256":{"start":{"line":444,"column":46},"end":{"line":444,"column":47}},"257":{"start":{"line":452,"column":4},"end":{"line":454,"column":64}},"258":{"start":{"line":453,"column":32},"end":{"line":453,"column":33}},"259":{"start":{"line":455,"column":4},"end":{"line":455,"column":44}},"260":{"start":{"line":457,"column":0},"end":{"line":463,"column":3}},"261":{"start":{"line":458,"column":17},"end":{"line":458,"column":19}},"262":{"start":{"line":459,"column":4},"end":{"line":459,"column":43}},"263":{"start":{"line":460,"column":4},"end":{"line":460,"column":25}},"264":{"start":{"line":461,"column":4},"end":{"line":461,"column":58}},"265":{"start":{"line":462,"column":4},"end":{"line":462,"column":81}},"266":{"start":{"line":464,"column":0},"end":{"line":504,"column":3}},"267":{"start":{"line":465,"column":19},"end":{"line":474,"column":5}},"268":{"start":{"line":477,"column":21},"end":{"line":486,"column":5}},"269":{"start":{"line":487,"column":4},"end":{"line":490,"column":30}},"270":{"start":{"line":488,"column":26},"end":{"line":488,"column":38}},"271":{"start":{"line":489,"column":25},"end":{"line":489,"column":30}},"272":{"start":{"line":491,"column":4},"end":{"line":500,"column":7}},"273":{"start":{"line":501,"column":25},"end":{"line":501,"column":43}},"274":{"start":{"line":503,"column":4},"end":{"line":503,"column":75}},"275":{"start":{"line":503,"column":47},"end":{"line":503,"column":48}},"276":{"start":{"line":506,"column":0},"end":{"line":519,"column":3}},"277":{"start":{"line":507,"column":12},"end":{"line":507,"column":32}},"278":{"start":{"line":508,"column":12},"end":{"line":508,"column":32}},"279":{"start":{"line":509,"column":12},"end":{"line":509,"column":32}},"280":{"start":{"line":510,"column":19},"end":{"line":510,"column":28}},"281":{"start":{"line":511,"column":17},"end":{"line":515,"column":18}},"282":{"start":{"line":512,"column":22},"end":{"line":512,"column":25}},"283":{"start":{"line":513,"column":21},"end":{"line":513,"column":24}},"284":{"start":{"line":514,"column":21},"end":{"line":514,"column":24}},"285":{"start":{"line":516,"column":4},"end":{"line":516,"column":23}},"286":{"start":{"line":517,"column":4},"end":{"line":517,"column":23}},"287":{"start":{"line":518,"column":4},"end":{"line":518,"column":23}},"288":{"start":{"line":520,"column":0},"end":{"line":565,"column":3}},"289":{"start":{"line":521,"column":19},"end":{"line":530,"column":5}},"290":{"start":{"line":533,"column":21},"end":{"line":542,"column":5}},"291":{"start":{"line":543,"column":4},"end":{"line":546,"column":30}},"292":{"start":{"line":544,"column":26},"end":{"line":544,"column":38}},"293":{"start":{"line":545,"column":35},"end":{"line":545,"column":40}},"294":{"start":{"line":547,"column":4},"end":{"line":556,"column":7}},"295":{"start":{"line":557,"column":4},"end":{"line":564,"column":7}},"296":{"start":{"line":557,"column":57},"end":{"line":557,"column":58}},"297":{"start":{"line":566,"column":0},"end":{"line":584,"column":3}},"298":{"start":{"line":567,"column":19},"end":{"line":574,"column":5}},"299":{"start":{"line":575,"column":19},"end":{"line":575,"column":72}},"300":{"start":{"line":576,"column":18},"end":{"line":576,"column":71}},"301":{"start":{"line":577,"column":21},"end":{"line":577,"column":77}},"302":{"start":{"line":578,"column":17},"end":{"line":578,"column":42}},"303":{"start":{"line":579,"column":21},"end":{"line":579,"column":39}},"304":{"start":{"line":580,"column":4},"end":{"line":580,"column":36}},"305":{"start":{"line":581,"column":4},"end":{"line":581,"column":41}},"306":{"start":{"line":582,"column":4},"end":{"line":582,"column":31}},"307":{"start":{"line":583,"column":4},"end":{"line":583,"column":32}},"308":{"start":{"line":585,"column":0},"end":{"line":609,"column":3}},"309":{"start":{"line":586,"column":22},"end":{"line":595,"column":5}},"310":{"start":{"line":596,"column":26},"end":{"line":603,"column":5}},"311":{"start":{"line":604,"column":17},"end":{"line":604,"column":53}},"312":{"start":{"line":605,"column":17},"end":{"line":605,"column":29}},"313":{"start":{"line":606,"column":4},"end":{"line":606,"column":89}},"314":{"start":{"line":606,"column":41},"end":{"line":606,"column":61}},"315":{"start":{"line":607,"column":4},"end":{"line":607,"column":61}},"316":{"start":{"line":607,"column":36},"end":{"line":607,"column":42}},"317":{"start":{"line":608,"column":4},"end":{"line":608,"column":48}},"318":{"start":{"line":610,"column":0},"end":{"line":632,"column":3}},"319":{"start":{"line":611,"column":22},"end":{"line":620,"column":5}},"320":{"start":{"line":621,"column":26},"end":{"line":629,"column":5}},"321":{"start":{"line":630,"column":4},"end":{"line":630,"column":26}},"322":{"start":{"line":631,"column":4},"end":{"line":631,"column":42}},"323":{"start":{"line":633,"column":0},"end":{"line":653,"column":3}},"324":{"start":{"line":634,"column":22},"end":{"line":643,"column":5}},"325":{"start":{"line":644,"column":26},"end":{"line":650,"column":5}},"326":{"start":{"line":651,"column":4},"end":{"line":651,"column":32}},"327":{"start":{"line":652,"column":4},"end":{"line":652,"column":42}},"328":{"start":{"line":654,"column":0},"end":{"line":658,"column":3}},"329":{"start":{"line":655,"column":12},"end":{"line":655,"column":27}},"330":{"start":{"line":656,"column":4},"end":{"line":656,"column":16}},"331":{"start":{"line":657,"column":4},"end":{"line":657,"column":36}},"332":{"start":{"line":659,"column":0},"end":{"line":661,"column":3}},"333":{"start":{"line":660,"column":4},"end":{"line":660,"column":67}},"334":{"start":{"line":660,"column":38},"end":{"line":660,"column":43}},"335":{"start":{"line":662,"column":0},"end":{"line":682,"column":3}},"336":{"start":{"line":663,"column":22},"end":{"line":676,"column":5}},"337":{"start":{"line":677,"column":21},"end":{"line":677,"column":81}},"338":{"start":{"line":678,"column":4},"end":{"line":681,"column":30}},"339":{"start":{"line":679,"column":34},"end":{"line":679,"column":55}},"340":{"start":{"line":680,"column":23},"end":{"line":680,"column":31}},"341":{"start":{"line":683,"column":0},"end":{"line":692,"column":3}},"342":{"start":{"line":684,"column":17},"end":{"line":684,"column":51}},"343":{"start":{"line":685,"column":17},"end":{"line":685,"column":52}},"344":{"start":{"line":687,"column":18},"end":{"line":687,"column":30}},"345":{"start":{"line":688,"column":18},"end":{"line":688,"column":30}},"346":{"start":{"line":689,"column":18},"end":{"line":689,"column":24}},"347":{"start":{"line":690,"column":4},"end":{"line":690,"column":39}},"348":{"start":{"line":691,"column":4},"end":{"line":691,"column":40}},"349":{"start":{"line":693,"column":0},"end":{"line":712,"column":3}},"350":{"start":{"line":694,"column":20},"end":{"line":694,"column":22}},"351":{"start":{"line":695,"column":20},"end":{"line":695,"column":30}},"352":{"start":{"line":696,"column":20},"end":{"line":696,"column":39}},"353":{"start":{"line":697,"column":21},"end":{"line":697,"column":39}},"354":{"start":{"line":698,"column":4},"end":{"line":698,"column":37}},"355":{"start":{"line":699,"column":4},"end":{"line":701,"column":7}},"356":{"start":{"line":699,"column":19},"end":{"line":699,"column":35}},"357":{"start":{"line":702,"column":4},"end":{"line":704,"column":7}},"358":{"start":{"line":702,"column":19},"end":{"line":702,"column":35}},"359":{"start":{"line":705,"column":4},"end":{"line":705,"column":43}},"360":{"start":{"line":705,"column":30},"end":{"line":705,"column":37}},"361":{"start":{"line":706,"column":4},"end":{"line":708,"column":7}},"362":{"start":{"line":706,"column":19},"end":{"line":706,"column":48}},"363":{"start":{"line":706,"column":40},"end":{"line":706,"column":47}},"364":{"start":{"line":709,"column":4},"end":{"line":711,"column":7}},"365":{"start":{"line":709,"column":19},"end":{"line":709,"column":46}},"366":{"start":{"line":709,"column":40},"end":{"line":709,"column":45}},"367":{"start":{"line":713,"column":0},"end":{"line":728,"column":3}},"368":{"start":{"line":714,"column":20},"end":{"line":714,"column":22}},"369":{"start":{"line":715,"column":20},"end":{"line":715,"column":30}},"370":{"start":{"line":716,"column":20},"end":{"line":716,"column":39}},"371":{"start":{"line":717,"column":21},"end":{"line":717,"column":39}},"372":{"start":{"line":718,"column":4},"end":{"line":718,"column":47}},"373":{"start":{"line":719,"column":4},"end":{"line":719,"column":46}},"374":{"start":{"line":720,"column":4},"end":{"line":722,"column":7}},"375":{"start":{"line":720,"column":19},"end":{"line":720,"column":44}},"376":{"start":{"line":723,"column":4},"end":{"line":723,"column":52}},"377":{"start":{"line":723,"column":39},"end":{"line":723,"column":46}},"378":{"start":{"line":724,"column":4},"end":{"line":724,"column":58}},"379":{"start":{"line":724,"column":39},"end":{"line":724,"column":44}},"380":{"start":{"line":725,"column":4},"end":{"line":727,"column":7}},"381":{"start":{"line":725,"column":19},"end":{"line":725,"column":57}},"382":{"start":{"line":725,"column":49},"end":{"line":725,"column":56}},"383":{"start":{"line":729,"column":0},"end":{"line":736,"column":3}},"384":{"start":{"line":730,"column":19},"end":{"line":730,"column":47}},"385":{"start":{"line":731,"column":4},"end":{"line":734,"column":38}},"386":{"start":{"line":732,"column":32},"end":{"line":732,"column":33}},"387":{"start":{"line":735,"column":4},"end":{"line":735,"column":54}},"388":{"start":{"line":737,"column":0},"end":{"line":743,"column":3}},"389":{"start":{"line":738,"column":19},"end":{"line":738,"column":47}},"390":{"start":{"line":739,"column":4},"end":{"line":741,"column":42}},"391":{"start":{"line":742,"column":4},"end":{"line":742,"column":54}},"392":{"start":{"line":744,"column":0},"end":{"line":751,"column":3}},"393":{"start":{"line":745,"column":19},"end":{"line":745,"column":47}},"394":{"start":{"line":746,"column":4},"end":{"line":749,"column":34}},"395":{"start":{"line":747,"column":32},"end":{"line":747,"column":33}},"396":{"start":{"line":748,"column":28},"end":{"line":748,"column":39}},"397":{"start":{"line":750,"column":4},"end":{"line":750,"column":54}},"398":{"start":{"line":752,"column":0},"end":{"line":760,"column":3}},"399":{"start":{"line":753,"column":19},"end":{"line":757,"column":5}},"400":{"start":{"line":758,"column":4},"end":{"line":758,"column":30}},"401":{"start":{"line":759,"column":4},"end":{"line":759,"column":37}},"402":{"start":{"line":759,"column":25},"end":{"line":759,"column":30}},"403":{"start":{"line":761,"column":0},"end":{"line":768,"column":3}},"404":{"start":{"line":762,"column":19},"end":{"line":762,"column":47}},"405":{"start":{"line":763,"column":4},"end":{"line":766,"column":34}},"406":{"start":{"line":764,"column":32},"end":{"line":764,"column":33}},"407":{"start":{"line":767,"column":4},"end":{"line":767,"column":54}},"408":{"start":{"line":769,"column":0},"end":{"line":775,"column":3}},"409":{"start":{"line":770,"column":19},"end":{"line":770,"column":47}},"410":{"start":{"line":771,"column":4},"end":{"line":773,"column":30}},"411":{"start":{"line":774,"column":4},"end":{"line":774,"column":54}},"412":{"start":{"line":776,"column":0},"end":{"line":795,"column":3}},"413":{"start":{"line":777,"column":21},"end":{"line":777,"column":49}},"414":{"start":{"line":778,"column":19},"end":{"line":785,"column":5}},"415":{"start":{"line":786,"column":4},"end":{"line":786,"column":83}},"416":{"start":{"line":786,"column":42},"end":{"line":786,"column":60}},"417":{"start":{"line":787,"column":4},"end":{"line":794,"column":7}},"418":{"start":{"line":796,"column":0},"end":{"line":798,"column":3}},"419":{"start":{"line":797,"column":4},"end":{"line":797,"column":60}},"420":{"start":{"line":799,"column":0},"end":{"line":819,"column":3}},"421":{"start":{"line":800,"column":19},"end":{"line":804,"column":5}},"422":{"start":{"line":805,"column":23},"end":{"line":805,"column":65}},"423":{"start":{"line":805,"column":48},"end":{"line":805,"column":54}},"424":{"start":{"line":807,"column":4},"end":{"line":807,"column":61}},"425":{"start":{"line":809,"column":4},"end":{"line":809,"column":36}},"426":{"start":{"line":810,"column":24},"end":{"line":810,"column":78}},"427":{"start":{"line":810,"column":49},"end":{"line":810,"column":55}},"428":{"start":{"line":810,"column":62},"end":{"line":810,"column":67}},"429":{"start":{"line":812,"column":4},"end":{"line":812,"column":35}},"430":{"start":{"line":814,"column":4},"end":{"line":814,"column":47}},"431":{"start":{"line":814,"column":29},"end":{"line":814,"column":40}},"432":{"start":{"line":815,"column":4},"end":{"line":815,"column":47}},"433":{"start":{"line":815,"column":29},"end":{"line":815,"column":40}},"434":{"start":{"line":816,"column":25},"end":{"line":816,"column":50}},"435":{"start":{"line":817,"column":4},"end":{"line":817,"column":71}},"436":{"start":{"line":817,"column":39},"end":{"line":817,"column":44}},"437":{"start":{"line":818,"column":4},"end":{"line":818,"column":67}},"438":{"start":{"line":818,"column":39},"end":{"line":818,"column":46}},"439":{"start":{"line":820,"column":0},"end":{"line":822,"column":3}},"440":{"start":{"line":821,"column":4},"end":{"line":821,"column":57}},"441":{"start":{"line":823,"column":0},"end":{"line":863,"column":3}},"442":{"start":{"line":825,"column":21},"end":{"line":851,"column":5}},"443":{"start":{"line":856,"column":19},"end":{"line":856,"column":109}},"444":{"start":{"line":856,"column":42},"end":{"line":856,"column":67}},"445":{"start":{"line":856,"column":74},"end":{"line":856,"column":108}},"446":{"start":{"line":857,"column":19},"end":{"line":861,"column":5}},"447":{"start":{"line":862,"column":4},"end":{"line":862,"column":32}},"448":{"start":{"line":864,"column":0},"end":{"line":882,"column":3}},"449":{"start":{"line":865,"column":18},"end":{"line":865,"column":42}},"450":{"start":{"line":866,"column":18},"end":{"line":866,"column":42}},"451":{"start":{"line":867,"column":4},"end":{"line":867,"column":75}},"452":{"start":{"line":868,"column":19},"end":{"line":872,"column":5}},"453":{"start":{"line":873,"column":19},"end":{"line":876,"column":5}},"454":{"start":{"line":877,"column":19},"end":{"line":880,"column":5}},"455":{"start":{"line":881,"column":4},"end":{"line":881,"column":56}},"456":{"start":{"line":883,"column":0},"end":{"line":896,"column":3}},"457":{"start":{"line":884,"column":19},"end":{"line":893,"column":5}},"458":{"start":{"line":894,"column":21},"end":{"line":894,"column":48}},"459":{"start":{"line":895,"column":4},"end":{"line":895,"column":77}},"460":{"start":{"line":895,"column":38},"end":{"line":895,"column":54}},"461":{"start":{"line":897,"column":0},"end":{"line":906,"column":3}},"462":{"start":{"line":898,"column":20},"end":{"line":898,"column":32}},"463":{"start":{"line":899,"column":18},"end":{"line":899,"column":41}},"464":{"start":{"line":900,"column":4},"end":{"line":900,"column":118}},"465":{"start":{"line":900,"column":54},"end":{"line":900,"column":74}},"466":{"start":{"line":902,"column":21},"end":{"line":902,"column":50}},"467":{"start":{"line":903,"column":21},"end":{"line":903,"column":33}},"468":{"start":{"line":904,"column":19},"end":{"line":904,"column":42}},"469":{"start":{"line":905,"column":4},"end":{"line":905,"column":99}},"470":{"start":{"line":905,"column":56},"end":{"line":905,"column":76}},"471":{"start":{"line":907,"column":0},"end":{"line":916,"column":3}},"472":{"start":{"line":908,"column":4},"end":{"line":911,"column":29}},"473":{"start":{"line":909,"column":20},"end":{"line":909,"column":25}},"474":{"start":{"line":910,"column":21},"end":{"line":910,"column":26}},"475":{"start":{"line":912,"column":4},"end":{"line":915,"column":34}},"476":{"start":{"line":913,"column":20},"end":{"line":913,"column":25}},"477":{"start":{"line":914,"column":21},"end":{"line":914,"column":28}}},"fnMap":{"0":{"name":"(anonymous_0)","decl":{"start":{"line":8,"column":4},"end":{"line":8,"column":5}},"loc":{"start":{"line":8,"column":19},"end":{"line":12,"column":5}},"line":8},"1":{"name":"(anonymous_1)","decl":{"start":{"line":16,"column":4},"end":{"line":16,"column":5}},"loc":{"start":{"line":16,"column":21},"end":{"line":19,"column":5}},"line":16},"2":{"name":"(anonymous_2)","decl":{"start":{"line":23,"column":4},"end":{"line":23,"column":5}},"loc":{"start":{"line":23,"column":21},"end":{"line":28,"column":5}},"line":23},"3":{"name":"(anonymous_3)","decl":{"start":{"line":32,"column":4},"end":{"line":32,"column":5}},"loc":{"start":{"line":32,"column":12},"end":{"line":34,"column":5}},"line":32},"4":{"name":"(anonymous_4)","decl":{"start":{"line":38,"column":4},"end":{"line":38,"column":5}},"loc":{"start":{"line":38,"column":28},"end":{"line":41,"column":5}},"line":38},"5":{"name":"(anonymous_5)","decl":{"start":{"line":45,"column":4},"end":{"line":45,"column":5}},"loc":{"start":{"line":45,"column":25},"end":{"line":48,"column":5}},"line":45},"6":{"name":"(anonymous_6)","decl":{"start":{"line":51,"column":26},"end":{"line":51,"column":27}},"loc":{"start":{"line":51,"column":31},"end":{"line":55,"column":1}},"line":51},"7":{"name":"(anonymous_7)","decl":{"start":{"line":56,"column":31},"end":{"line":56,"column":32}},"loc":{"start":{"line":56,"column":36},"end":{"line":60,"column":1}},"line":56},"8":{"name":"(anonymous_8)","decl":{"start":{"line":61,"column":32},"end":{"line":61,"column":33}},"loc":{"start":{"line":61,"column":37},"end":{"line":66,"column":1}},"line":61},"9":{"name":"(anonymous_9)","decl":{"start":{"line":65,"column":25},"end":{"line":65,"column":26}},"loc":{"start":{"line":65,"column":52},"end":{"line":65,"column":80}},"line":65},"10":{"name":"(anonymous_10)","decl":{"start":{"line":67,"column":26},"end":{"line":67,"column":27}},"loc":{"start":{"line":67,"column":31},"end":{"line":76,"column":1}},"line":67},"11":{"name":"(anonymous_11)","decl":{"start":{"line":75,"column":21},"end":{"line":75,"column":22}},"loc":{"start":{"line":75,"column":28},"end":{"line":75,"column":52}},"line":75},"12":{"name":"(anonymous_12)","decl":{"start":{"line":77,"column":26},"end":{"line":77,"column":27}},"loc":{"start":{"line":77,"column":31},"end":{"line":86,"column":1}},"line":77},"13":{"name":"(anonymous_13)","decl":{"start":{"line":84,"column":20},"end":{"line":84,"column":21}},"loc":{"start":{"line":84,"column":25},"end":{"line":84,"column":60}},"line":84},"14":{"name":"(anonymous_14)","decl":{"start":{"line":87,"column":29},"end":{"line":87,"column":30}},"loc":{"start":{"line":87,"column":34},"end":{"line":93,"column":1}},"line":87},"15":{"name":"(anonymous_15)","decl":{"start":{"line":94,"column":30},"end":{"line":94,"column":31}},"loc":{"start":{"line":94,"column":35},"end":{"line":103,"column":1}},"line":94},"16":{"name":"(anonymous_16)","decl":{"start":{"line":102,"column":24},"end":{"line":102,"column":25}},"loc":{"start":{"line":102,"column":29},"end":{"line":102,"column":34}},"line":102},"17":{"name":"(anonymous_17)","decl":{"start":{"line":104,"column":27},"end":{"line":104,"column":28}},"loc":{"start":{"line":104,"column":32},"end":{"line":113,"column":1}},"line":104},"18":{"name":"(anonymous_18)","decl":{"start":{"line":114,"column":29},"end":{"line":114,"column":30}},"loc":{"start":{"line":114,"column":34},"end":{"line":141,"column":1}},"line":114},"19":{"name":"(anonymous_19)","decl":{"start":{"line":142,"column":31},"end":{"line":142,"column":32}},"loc":{"start":{"line":142,"column":36},"end":{"line":152,"column":1}},"line":142},"20":{"name":"(anonymous_20)","decl":{"start":{"line":153,"column":28},"end":{"line":153,"column":29}},"loc":{"start":{"line":153,"column":33},"end":{"line":164,"column":1}},"line":153},"21":{"name":"(anonymous_21)","decl":{"start":{"line":163,"column":22},"end":{"line":163,"column":23}},"loc":{"start":{"line":163,"column":27},"end":{"line":163,"column":39}},"line":163},"22":{"name":"(anonymous_22)","decl":{"start":{"line":165,"column":37},"end":{"line":165,"column":38}},"loc":{"start":{"line":165,"column":42},"end":{"line":177,"column":1}},"line":165},"23":{"name":"(anonymous_23)","decl":{"start":{"line":173,"column":16},"end":{"line":173,"column":17}},"loc":{"start":{"line":173,"column":23},"end":{"line":173,"column":31}},"line":173},"24":{"name":"(anonymous_24)","decl":{"start":{"line":178,"column":31},"end":{"line":178,"column":32}},"loc":{"start":{"line":178,"column":36},"end":{"line":194,"column":1}},"line":178},"25":{"name":"(anonymous_25)","decl":{"start":{"line":195,"column":33},"end":{"line":195,"column":34}},"loc":{"start":{"line":195,"column":38},"end":{"line":208,"column":1}},"line":195},"26":{"name":"(anonymous_26)","decl":{"start":{"line":207,"column":32},"end":{"line":207,"column":33}},"loc":{"start":{"line":207,"column":39},"end":{"line":207,"column":46}},"line":207},"27":{"name":"(anonymous_27)","decl":{"start":{"line":209,"column":32},"end":{"line":209,"column":33}},"loc":{"start":{"line":209,"column":37},"end":{"line":215,"column":1}},"line":209},"28":{"name":"(anonymous_28)","decl":{"start":{"line":212,"column":13},"end":{"line":212,"column":14}},"loc":{"start":{"line":212,"column":19},"end":{"line":212,"column":33}},"line":212},"29":{"name":"(anonymous_29)","decl":{"start":{"line":216,"column":41},"end":{"line":216,"column":42}},"loc":{"start":{"line":216,"column":46},"end":{"line":220,"column":1}},"line":216},"30":{"name":"(anonymous_30)","decl":{"start":{"line":221,"column":29},"end":{"line":221,"column":30}},"loc":{"start":{"line":221,"column":34},"end":{"line":225,"column":1}},"line":221},"31":{"name":"(anonymous_31)","decl":{"start":{"line":226,"column":28},"end":{"line":226,"column":29}},"loc":{"start":{"line":226,"column":33},"end":{"line":232,"column":1}},"line":226},"32":{"name":"(anonymous_32)","decl":{"start":{"line":228,"column":31},"end":{"line":228,"column":32}},"loc":{"start":{"line":228,"column":36},"end":{"line":228,"column":41}},"line":228},"33":{"name":"(anonymous_33)","decl":{"start":{"line":229,"column":13},"end":{"line":229,"column":14}},"loc":{"start":{"line":229,"column":19},"end":{"line":229,"column":29}},"line":229},"34":{"name":"(anonymous_34)","decl":{"start":{"line":233,"column":37},"end":{"line":233,"column":38}},"loc":{"start":{"line":233,"column":42},"end":{"line":236,"column":1}},"line":233},"35":{"name":"(anonymous_35)","decl":{"start":{"line":237,"column":30},"end":{"line":237,"column":31}},"loc":{"start":{"line":237,"column":35},"end":{"line":242,"column":1}},"line":237},"36":{"name":"(anonymous_36)","decl":{"start":{"line":240,"column":18},"end":{"line":240,"column":19}},"loc":{"start":{"line":240,"column":29},"end":{"line":240,"column":49}},"line":240},"37":{"name":"(anonymous_37)","decl":{"start":{"line":243,"column":30},"end":{"line":243,"column":31}},"loc":{"start":{"line":243,"column":35},"end":{"line":256,"column":1}},"line":243},"38":{"name":"(anonymous_38)","decl":{"start":{"line":255,"column":29},"end":{"line":255,"column":30}},"loc":{"start":{"line":255,"column":36},"end":{"line":255,"column":43}},"line":255},"39":{"name":"(anonymous_39)","decl":{"start":{"line":255,"column":45},"end":{"line":255,"column":46}},"loc":{"start":{"line":255,"column":52},"end":{"line":255,"column":60}},"line":255},"40":{"name":"(anonymous_40)","decl":{"start":{"line":257,"column":32},"end":{"line":257,"column":33}},"loc":{"start":{"line":257,"column":37},"end":{"line":280,"column":1}},"line":257},"41":{"name":"(anonymous_41)","decl":{"start":{"line":270,"column":41},"end":{"line":270,"column":42}},"loc":{"start":{"line":270,"column":51},"end":{"line":270,"column":57}},"line":270},"42":{"name":"(anonymous_42)","decl":{"start":{"line":270,"column":59},"end":{"line":270,"column":60}},"loc":{"start":{"line":270,"column":66},"end":{"line":270,"column":75}},"line":270},"43":{"name":"(anonymous_43)","decl":{"start":{"line":270,"column":77},"end":{"line":270,"column":78}},"loc":{"start":{"line":270,"column":105},"end":{"line":273,"column":5}},"line":270},"44":{"name":"(anonymous_44)","decl":{"start":{"line":272,"column":35},"end":{"line":272,"column":36}},"loc":{"start":{"line":272,"column":42},"end":{"line":272,"column":50}},"line":272},"45":{"name":"(anonymous_45)","decl":{"start":{"line":279,"column":29},"end":{"line":279,"column":30}},"loc":{"start":{"line":279,"column":36},"end":{"line":279,"column":77}},"line":279},"46":{"name":"(anonymous_46)","decl":{"start":{"line":281,"column":30},"end":{"line":281,"column":31}},"loc":{"start":{"line":281,"column":35},"end":{"line":297,"column":1}},"line":281},"47":{"name":"(anonymous_47)","decl":{"start":{"line":298,"column":29},"end":{"line":298,"column":30}},"loc":{"start":{"line":298,"column":34},"end":{"line":315,"column":1}},"line":298},"48":{"name":"(anonymous_48)","decl":{"start":{"line":309,"column":13},"end":{"line":309,"column":14}},"loc":{"start":{"line":309,"column":19},"end":{"line":309,"column":42}},"line":309},"49":{"name":"(anonymous_49)","decl":{"start":{"line":312,"column":13},"end":{"line":312,"column":14}},"loc":{"start":{"line":312,"column":19},"end":{"line":312,"column":56}},"line":312},"50":{"name":"(anonymous_50)","decl":{"start":{"line":316,"column":34},"end":{"line":316,"column":35}},"loc":{"start":{"line":316,"column":39},"end":{"line":341,"column":1}},"line":316},"51":{"name":"(anonymous_51)","decl":{"start":{"line":335,"column":13},"end":{"line":335,"column":14}},"loc":{"start":{"line":335,"column":19},"end":{"line":335,"column":50}},"line":335},"52":{"name":"(anonymous_52)","decl":{"start":{"line":338,"column":13},"end":{"line":338,"column":14}},"loc":{"start":{"line":338,"column":19},"end":{"line":338,"column":64}},"line":338},"53":{"name":"(anonymous_53)","decl":{"start":{"line":342,"column":32},"end":{"line":342,"column":33}},"loc":{"start":{"line":342,"column":37},"end":{"line":348,"column":1}},"line":342},"54":{"name":"(anonymous_54)","decl":{"start":{"line":345,"column":32},"end":{"line":345,"column":33}},"loc":{"start":{"line":345,"column":37},"end":{"line":345,"column":38}},"line":345},"55":{"name":"(anonymous_55)","decl":{"start":{"line":349,"column":27},"end":{"line":349,"column":28}},"loc":{"start":{"line":349,"column":32},"end":{"line":370,"column":1}},"line":349},"56":{"name":"(anonymous_56)","decl":{"start":{"line":362,"column":36},"end":{"line":362,"column":37}},"loc":{"start":{"line":362,"column":46},"end":{"line":362,"column":52}},"line":362},"57":{"name":"(anonymous_57)","decl":{"start":{"line":362,"column":54},"end":{"line":362,"column":55}},"loc":{"start":{"line":362,"column":61},"end":{"line":362,"column":70}},"line":362},"58":{"name":"(anonymous_58)","decl":{"start":{"line":362,"column":72},"end":{"line":362,"column":73}},"loc":{"start":{"line":362,"column":90},"end":{"line":362,"column":131}},"line":362},"59":{"name":"(anonymous_59)","decl":{"start":{"line":369,"column":29},"end":{"line":369,"column":30}},"loc":{"start":{"line":369,"column":36},"end":{"line":369,"column":67}},"line":369},"60":{"name":"(anonymous_60)","decl":{"start":{"line":371,"column":27},"end":{"line":371,"column":28}},"loc":{"start":{"line":371,"column":32},"end":{"line":377,"column":1}},"line":371},"61":{"name":"(anonymous_61)","decl":{"start":{"line":373,"column":30},"end":{"line":373,"column":31}},"loc":{"start":{"line":373,"column":35},"end":{"line":373,"column":40}},"line":373},"62":{"name":"(anonymous_62)","decl":{"start":{"line":374,"column":13},"end":{"line":374,"column":14}},"loc":{"start":{"line":374,"column":19},"end":{"line":374,"column":28}},"line":374},"63":{"name":"(anonymous_63)","decl":{"start":{"line":378,"column":36},"end":{"line":378,"column":37}},"loc":{"start":{"line":378,"column":41},"end":{"line":381,"column":1}},"line":378},"64":{"name":"(anonymous_64)","decl":{"start":{"line":382,"column":26},"end":{"line":382,"column":27}},"loc":{"start":{"line":382,"column":31},"end":{"line":390,"column":1}},"line":382},"65":{"name":"(anonymous_65)","decl":{"start":{"line":388,"column":20},"end":{"line":388,"column":21}},"loc":{"start":{"line":388,"column":25},"end":{"line":388,"column":30}},"line":388},"66":{"name":"(anonymous_66)","decl":{"start":{"line":391,"column":28},"end":{"line":391,"column":29}},"loc":{"start":{"line":391,"column":33},"end":{"line":400,"column":1}},"line":391},"67":{"name":"(anonymous_67)","decl":{"start":{"line":397,"column":22},"end":{"line":397,"column":23}},"loc":{"start":{"line":397,"column":27},"end":{"line":397,"column":32}},"line":397},"68":{"name":"(anonymous_68)","decl":{"start":{"line":398,"column":22},"end":{"line":398,"column":23}},"loc":{"start":{"line":398,"column":27},"end":{"line":398,"column":32}},"line":398},"69":{"name":"(anonymous_69)","decl":{"start":{"line":399,"column":31},"end":{"line":399,"column":32}},"loc":{"start":{"line":399,"column":36},"end":{"line":399,"column":37}},"line":399},"70":{"name":"(anonymous_70)","decl":{"start":{"line":401,"column":26},"end":{"line":401,"column":27}},"loc":{"start":{"line":401,"column":31},"end":{"line":409,"column":1}},"line":401},"71":{"name":"(anonymous_71)","decl":{"start":{"line":407,"column":20},"end":{"line":407,"column":21}},"loc":{"start":{"line":407,"column":25},"end":{"line":407,"column":30}},"line":407},"72":{"name":"(anonymous_72)","decl":{"start":{"line":410,"column":28},"end":{"line":410,"column":29}},"loc":{"start":{"line":410,"column":33},"end":{"line":418,"column":1}},"line":410},"73":{"name":"(anonymous_73)","decl":{"start":{"line":416,"column":22},"end":{"line":416,"column":23}},"loc":{"start":{"line":416,"column":27},"end":{"line":416,"column":32}},"line":416},"74":{"name":"(anonymous_74)","decl":{"start":{"line":417,"column":29},"end":{"line":417,"column":30}},"loc":{"start":{"line":417,"column":34},"end":{"line":417,"column":35}},"line":417},"75":{"name":"(anonymous_75)","decl":{"start":{"line":419,"column":29},"end":{"line":419,"column":30}},"loc":{"start":{"line":419,"column":34},"end":{"line":434,"column":1}},"line":419},"76":{"name":"(anonymous_76)","decl":{"start":{"line":435,"column":30},"end":{"line":435,"column":31}},"loc":{"start":{"line":435,"column":35},"end":{"line":441,"column":1}},"line":435},"77":{"name":"(anonymous_77)","decl":{"start":{"line":438,"column":31},"end":{"line":438,"column":32}},"loc":{"start":{"line":438,"column":36},"end":{"line":438,"column":37}},"line":438},"78":{"name":"(anonymous_78)","decl":{"start":{"line":439,"column":67},"end":{"line":439,"column":68}},"loc":{"start":{"line":439,"column":72},"end":{"line":439,"column":73}},"line":439},"79":{"name":"(anonymous_79)","decl":{"start":{"line":442,"column":40},"end":{"line":442,"column":41}},"loc":{"start":{"line":442,"column":45},"end":{"line":456,"column":1}},"line":442},"80":{"name":"(anonymous_80)","decl":{"start":{"line":444,"column":41},"end":{"line":444,"column":42}},"loc":{"start":{"line":444,"column":46},"end":{"line":444,"column":47}},"line":444},"81":{"name":"(anonymous_81)","decl":{"start":{"line":453,"column":27},"end":{"line":453,"column":28}},"loc":{"start":{"line":453,"column":32},"end":{"line":453,"column":33}},"line":453},"82":{"name":"(anonymous_82)","decl":{"start":{"line":457,"column":30},"end":{"line":457,"column":31}},"loc":{"start":{"line":457,"column":35},"end":{"line":463,"column":1}},"line":457},"83":{"name":"(anonymous_83)","decl":{"start":{"line":464,"column":29},"end":{"line":464,"column":30}},"loc":{"start":{"line":464,"column":34},"end":{"line":504,"column":1}},"line":464},"84":{"name":"(anonymous_84)","decl":{"start":{"line":488,"column":17},"end":{"line":488,"column":18}},"loc":{"start":{"line":488,"column":26},"end":{"line":488,"column":38}},"line":488},"85":{"name":"(anonymous_85)","decl":{"start":{"line":489,"column":16},"end":{"line":489,"column":17}},"loc":{"start":{"line":489,"column":25},"end":{"line":489,"column":30}},"line":489},"86":{"name":"(anonymous_86)","decl":{"start":{"line":503,"column":42},"end":{"line":503,"column":43}},"loc":{"start":{"line":503,"column":47},"end":{"line":503,"column":48}},"line":503},"87":{"name":"(anonymous_87)","decl":{"start":{"line":506,"column":37},"end":{"line":506,"column":38}},"loc":{"start":{"line":506,"column":42},"end":{"line":519,"column":1}},"line":506},"88":{"name":"(anonymous_88)","decl":{"start":{"line":512,"column":17},"end":{"line":512,"column":18}},"loc":{"start":{"line":512,"column":22},"end":{"line":512,"column":25}},"line":512},"89":{"name":"(anonymous_89)","decl":{"start":{"line":513,"column":16},"end":{"line":513,"column":17}},"loc":{"start":{"line":513,"column":21},"end":{"line":513,"column":24}},"line":513},"90":{"name":"(anonymous_90)","decl":{"start":{"line":514,"column":16},"end":{"line":514,"column":17}},"loc":{"start":{"line":514,"column":21},"end":{"line":514,"column":24}},"line":514},"91":{"name":"(anonymous_91)","decl":{"start":{"line":520,"column":39},"end":{"line":520,"column":40}},"loc":{"start":{"line":520,"column":44},"end":{"line":565,"column":1}},"line":520},"92":{"name":"(anonymous_92)","decl":{"start":{"line":544,"column":17},"end":{"line":544,"column":18}},"loc":{"start":{"line":544,"column":26},"end":{"line":544,"column":38}},"line":544},"93":{"name":"(anonymous_93)","decl":{"start":{"line":545,"column":26},"end":{"line":545,"column":27}},"loc":{"start":{"line":545,"column":35},"end":{"line":545,"column":40}},"line":545},"94":{"name":"(anonymous_94)","decl":{"start":{"line":557,"column":52},"end":{"line":557,"column":53}},"loc":{"start":{"line":557,"column":57},"end":{"line":557,"column":58}},"line":557},"95":{"name":"(anonymous_95)","decl":{"start":{"line":566,"column":29},"end":{"line":566,"column":30}},"loc":{"start":{"line":566,"column":34},"end":{"line":584,"column":1}},"line":566},"96":{"name":"(anonymous_96)","decl":{"start":{"line":585,"column":32},"end":{"line":585,"column":33}},"loc":{"start":{"line":585,"column":37},"end":{"line":609,"column":1}},"line":585},"97":{"name":"(anonymous_97)","decl":{"start":{"line":606,"column":36},"end":{"line":606,"column":37}},"loc":{"start":{"line":606,"column":41},"end":{"line":606,"column":61}},"line":606},"98":{"name":"(anonymous_98)","decl":{"start":{"line":607,"column":31},"end":{"line":607,"column":32}},"loc":{"start":{"line":607,"column":36},"end":{"line":607,"column":42}},"line":607},"99":{"name":"(anonymous_99)","decl":{"start":{"line":610,"column":31},"end":{"line":610,"column":32}},"loc":{"start":{"line":610,"column":36},"end":{"line":632,"column":1}},"line":610},"100":{"name":"(anonymous_100)","decl":{"start":{"line":633,"column":34},"end":{"line":633,"column":35}},"loc":{"start":{"line":633,"column":39},"end":{"line":653,"column":1}},"line":633},"101":{"name":"(anonymous_101)","decl":{"start":{"line":654,"column":30},"end":{"line":654,"column":31}},"loc":{"start":{"line":654,"column":35},"end":{"line":658,"column":1}},"line":654},"102":{"name":"(anonymous_102)","decl":{"start":{"line":659,"column":29},"end":{"line":659,"column":30}},"loc":{"start":{"line":659,"column":34},"end":{"line":661,"column":1}},"line":659},"103":{"name":"(anonymous_103)","decl":{"start":{"line":660,"column":33},"end":{"line":660,"column":34}},"loc":{"start":{"line":660,"column":38},"end":{"line":660,"column":43}},"line":660},"104":{"name":"(anonymous_104)","decl":{"start":{"line":662,"column":33},"end":{"line":662,"column":34}},"loc":{"start":{"line":662,"column":38},"end":{"line":682,"column":1}},"line":662},"105":{"name":"(anonymous_105)","decl":{"start":{"line":679,"column":20},"end":{"line":679,"column":21}},"loc":{"start":{"line":679,"column":32},"end":{"line":679,"column":57}},"line":679},"106":{"name":"(anonymous_106)","decl":{"start":{"line":680,"column":16},"end":{"line":680,"column":17}},"loc":{"start":{"line":680,"column":23},"end":{"line":680,"column":31}},"line":680},"107":{"name":"(anonymous_107)","decl":{"start":{"line":683,"column":36},"end":{"line":683,"column":37}},"loc":{"start":{"line":683,"column":41},"end":{"line":692,"column":1}},"line":683},"108":{"name":"(anonymous_108)","decl":{"start":{"line":693,"column":29},"end":{"line":693,"column":30}},"loc":{"start":{"line":693,"column":34},"end":{"line":712,"column":1}},"line":693},"109":{"name":"(anonymous_109)","decl":{"start":{"line":699,"column":13},"end":{"line":699,"column":14}},"loc":{"start":{"line":699,"column":19},"end":{"line":699,"column":35}},"line":699},"110":{"name":"(anonymous_110)","decl":{"start":{"line":702,"column":13},"end":{"line":702,"column":14}},"loc":{"start":{"line":702,"column":19},"end":{"line":702,"column":35}},"line":702},"111":{"name":"(anonymous_111)","decl":{"start":{"line":705,"column":25},"end":{"line":705,"column":26}},"loc":{"start":{"line":705,"column":30},"end":{"line":705,"column":37}},"line":705},"112":{"name":"(anonymous_112)","decl":{"start":{"line":706,"column":13},"end":{"line":706,"column":14}},"loc":{"start":{"line":706,"column":19},"end":{"line":706,"column":48}},"line":706},"113":{"name":"(anonymous_113)","decl":{"start":{"line":706,"column":35},"end":{"line":706,"column":36}},"loc":{"start":{"line":706,"column":40},"end":{"line":706,"column":47}},"line":706},"114":{"name":"(anonymous_114)","decl":{"start":{"line":709,"column":13},"end":{"line":709,"column":14}},"loc":{"start":{"line":709,"column":19},"end":{"line":709,"column":46}},"line":709},"115":{"name":"(anonymous_115)","decl":{"start":{"line":709,"column":35},"end":{"line":709,"column":36}},"loc":{"start":{"line":709,"column":40},"end":{"line":709,"column":45}},"line":709},"116":{"name":"(anonymous_116)","decl":{"start":{"line":713,"column":38},"end":{"line":713,"column":39}},"loc":{"start":{"line":713,"column":43},"end":{"line":728,"column":1}},"line":713},"117":{"name":"(anonymous_117)","decl":{"start":{"line":720,"column":13},"end":{"line":720,"column":14}},"loc":{"start":{"line":720,"column":19},"end":{"line":720,"column":44}},"line":720},"118":{"name":"(anonymous_118)","decl":{"start":{"line":723,"column":34},"end":{"line":723,"column":35}},"loc":{"start":{"line":723,"column":39},"end":{"line":723,"column":46}},"line":723},"119":{"name":"(anonymous_119)","decl":{"start":{"line":724,"column":34},"end":{"line":724,"column":35}},"loc":{"start":{"line":724,"column":39},"end":{"line":724,"column":44}},"line":724},"120":{"name":"(anonymous_120)","decl":{"start":{"line":725,"column":13},"end":{"line":725,"column":14}},"loc":{"start":{"line":725,"column":19},"end":{"line":725,"column":57}},"line":725},"121":{"name":"(anonymous_121)","decl":{"start":{"line":725,"column":44},"end":{"line":725,"column":45}},"loc":{"start":{"line":725,"column":49},"end":{"line":725,"column":56}},"line":725},"122":{"name":"(anonymous_122)","decl":{"start":{"line":729,"column":27},"end":{"line":729,"column":28}},"loc":{"start":{"line":729,"column":32},"end":{"line":736,"column":1}},"line":729},"123":{"name":"(anonymous_123)","decl":{"start":{"line":732,"column":27},"end":{"line":732,"column":28}},"loc":{"start":{"line":732,"column":32},"end":{"line":732,"column":33}},"line":732},"124":{"name":"(anonymous_124)","decl":{"start":{"line":737,"column":31},"end":{"line":737,"column":32}},"loc":{"start":{"line":737,"column":36},"end":{"line":743,"column":1}},"line":737},"125":{"name":"(anonymous_125)","decl":{"start":{"line":744,"column":32},"end":{"line":744,"column":33}},"loc":{"start":{"line":744,"column":37},"end":{"line":751,"column":1}},"line":744},"126":{"name":"(anonymous_126)","decl":{"start":{"line":747,"column":27},"end":{"line":747,"column":28}},"loc":{"start":{"line":747,"column":32},"end":{"line":747,"column":33}},"line":747},"127":{"name":"(anonymous_127)","decl":{"start":{"line":748,"column":19},"end":{"line":748,"column":20}},"loc":{"start":{"line":748,"column":28},"end":{"line":748,"column":39}},"line":748},"128":{"name":"(anonymous_128)","decl":{"start":{"line":752,"column":26},"end":{"line":752,"column":27}},"loc":{"start":{"line":752,"column":31},"end":{"line":760,"column":1}},"line":752},"129":{"name":"(anonymous_129)","decl":{"start":{"line":759,"column":20},"end":{"line":759,"column":21}},"loc":{"start":{"line":759,"column":25},"end":{"line":759,"column":30}},"line":759},"130":{"name":"(anonymous_130)","decl":{"start":{"line":761,"column":27},"end":{"line":761,"column":28}},"loc":{"start":{"line":761,"column":32},"end":{"line":768,"column":1}},"line":761},"131":{"name":"(anonymous_131)","decl":{"start":{"line":764,"column":27},"end":{"line":764,"column":28}},"loc":{"start":{"line":764,"column":32},"end":{"line":764,"column":33}},"line":764},"132":{"name":"(anonymous_132)","decl":{"start":{"line":769,"column":31},"end":{"line":769,"column":32}},"loc":{"start":{"line":769,"column":36},"end":{"line":775,"column":1}},"line":769},"133":{"name":"(anonymous_133)","decl":{"start":{"line":776,"column":32},"end":{"line":776,"column":33}},"loc":{"start":{"line":776,"column":37},"end":{"line":795,"column":1}},"line":776},"134":{"name":"(anonymous_134)","decl":{"start":{"line":786,"column":33},"end":{"line":786,"column":34}},"loc":{"start":{"line":786,"column":42},"end":{"line":786,"column":60}},"line":786},"135":{"name":"(anonymous_135)","decl":{"start":{"line":796,"column":30},"end":{"line":796,"column":31}},"loc":{"start":{"line":796,"column":35},"end":{"line":798,"column":1}},"line":796},"136":{"name":"(anonymous_136)","decl":{"start":{"line":799,"column":35},"end":{"line":799,"column":36}},"loc":{"start":{"line":799,"column":40},"end":{"line":819,"column":1}},"line":799},"137":{"name":"(anonymous_137)","decl":{"start":{"line":805,"column":43},"end":{"line":805,"column":44}},"loc":{"start":{"line":805,"column":48},"end":{"line":805,"column":54}},"line":805},"138":{"name":"(anonymous_138)","decl":{"start":{"line":810,"column":44},"end":{"line":810,"column":45}},"loc":{"start":{"line":810,"column":49},"end":{"line":810,"column":55}},"line":810},"139":{"name":"(anonymous_139)","decl":{"start":{"line":810,"column":57},"end":{"line":810,"column":58}},"loc":{"start":{"line":810,"column":62},"end":{"line":810,"column":67}},"line":810},"140":{"name":"(anonymous_140)","decl":{"start":{"line":814,"column":24},"end":{"line":814,"column":25}},"loc":{"start":{"line":814,"column":29},"end":{"line":814,"column":40}},"line":814},"141":{"name":"(anonymous_141)","decl":{"start":{"line":815,"column":24},"end":{"line":815,"column":25}},"loc":{"start":{"line":815,"column":29},"end":{"line":815,"column":40}},"line":815},"142":{"name":"(anonymous_142)","decl":{"start":{"line":817,"column":34},"end":{"line":817,"column":35}},"loc":{"start":{"line":817,"column":39},"end":{"line":817,"column":44}},"line":817},"143":{"name":"(anonymous_143)","decl":{"start":{"line":818,"column":34},"end":{"line":818,"column":35}},"loc":{"start":{"line":818,"column":39},"end":{"line":818,"column":46}},"line":818},"144":{"name":"(anonymous_144)","decl":{"start":{"line":820,"column":29},"end":{"line":820,"column":30}},"loc":{"start":{"line":820,"column":34},"end":{"line":822,"column":1}},"line":820},"145":{"name":"(anonymous_145)","decl":{"start":{"line":823,"column":31},"end":{"line":823,"column":32}},"loc":{"start":{"line":823,"column":36},"end":{"line":863,"column":1}},"line":823},"146":{"name":"(anonymous_146)","decl":{"start":{"line":856,"column":37},"end":{"line":856,"column":38}},"loc":{"start":{"line":856,"column":42},"end":{"line":856,"column":67}},"line":856},"147":{"name":"(anonymous_147)","decl":{"start":{"line":856,"column":69},"end":{"line":856,"column":70}},"loc":{"start":{"line":856,"column":74},"end":{"line":856,"column":108}},"line":856},"148":{"name":"(anonymous_148)","decl":{"start":{"line":864,"column":28},"end":{"line":864,"column":29}},"loc":{"start":{"line":864,"column":33},"end":{"line":882,"column":1}},"line":864},"149":{"name":"(anonymous_149)","decl":{"start":{"line":883,"column":28},"end":{"line":883,"column":29}},"loc":{"start":{"line":883,"column":33},"end":{"line":896,"column":1}},"line":883},"150":{"name":"(anonymous_150)","decl":{"start":{"line":895,"column":29},"end":{"line":895,"column":30}},"loc":{"start":{"line":895,"column":38},"end":{"line":895,"column":54}},"line":895},"151":{"name":"(anonymous_151)","decl":{"start":{"line":897,"column":26},"end":{"line":897,"column":27}},"loc":{"start":{"line":897,"column":31},"end":{"line":906,"column":1}},"line":897},"152":{"name":"(anonymous_152)","decl":{"start":{"line":900,"column":35},"end":{"line":900,"column":36}},"loc":{"start":{"line":900,"column":54},"end":{"line":900,"column":74}},"line":900},"153":{"name":"(anonymous_153)","decl":{"start":{"line":905,"column":37},"end":{"line":905,"column":38}},"loc":{"start":{"line":905,"column":56},"end":{"line":905,"column":76}},"line":905},"154":{"name":"(anonymous_154)","decl":{"start":{"line":907,"column":39},"end":{"line":907,"column":40}},"loc":{"start":{"line":907,"column":44},"end":{"line":916,"column":1}},"line":907},"155":{"name":"(anonymous_155)","decl":{"start":{"line":909,"column":15},"end":{"line":909,"column":16}},"loc":{"start":{"line":909,"column":20},"end":{"line":909,"column":25}},"line":909},"156":{"name":"(anonymous_156)","decl":{"start":{"line":910,"column":16},"end":{"line":910,"column":17}},"loc":{"start":{"line":910,"column":21},"end":{"line":910,"column":26}},"line":910},"157":{"name":"(anonymous_157)","decl":{"start":{"line":913,"column":15},"end":{"line":913,"column":16}},"loc":{"start":{"line":913,"column":20},"end":{"line":913,"column":25}},"line":913},"158":{"name":"(anonymous_158)","decl":{"start":{"line":914,"column":16},"end":{"line":914,"column":17}},"loc":{"start":{"line":914,"column":21},"end":{"line":914,"column":28}},"line":914}},"branchMap":{"0":{"loc":{"start":{"line":84,"column":25},"end":{"line":84,"column":60}},"type":"binary-expr","locations":[{"start":{"line":84,"column":25},"end":{"line":84,"column":34}},{"start":{"line":84,"column":38},"end":{"line":84,"column":60}}],"line":84}},"s":{"0":1,"1":1,"2":1,"3":1,"4":1,"5":5,"6":5,"7":5,"8":1,"9":6,"10":6,"11":1,"12":83,"13":83,"14":83,"15":83,"16":1,"17":2,"18":1,"19":3,"20":3,"21":1,"22":7,"23":7,"24":1,"25":1,"26":1,"27":1,"28":1,"29":1,"30":1,"31":1,"32":1,"33":1,"34":1,"35":1,"36":1,"37":1,"38":9,"39":1,"40":1,"41":1,"42":3,"43":1,"44":1,"45":1,"46":2,"47":1,"48":1,"49":1,"50":1,"51":1,"52":1,"53":1,"54":1,"55":1,"56":1,"57":1,"58":1,"59":6,"60":1,"61":1,"62":1,"63":1,"64":1,"65":1,"66":1,"67":1,"68":1,"69":1,"70":1,"71":1,"72":1,"73":1,"74":1,"75":1,"76":1,"77":1,"78":1,"79":6,"80":1,"81":1,"82":1,"83":3,"84":1,"85":1,"86":1,"87":1,"88":1,"89":1,"90":1,"91":1,"92":1,"93":1,"94":1,"95":1,"96":4,"97":1,"98":1,"99":1,"100":1,"101":1,"102":1,"103":1,"104":1,"105":1,"106":1,"107":1,"108":1,"109":1,"110":1,"111":1,"112":1,"113":5,"114":1,"115":1,"116":1,"117":1,"118":1,"119":1,"120":1,"121":1,"122":1,"123":4,"124":1,"125":1,"126":1,"127":1,"128":1,"129":4,"130":4,"131":1,"132":1,"133":1,"134":1,"135":1,"136":1,"137":1,"138":1,"139":1,"140":1,"141":1,"142":12,"143":12,"144":3,"145":4,"146":1,"147":1,"148":3,"149":1,"150":1,"151":1,"152":1,"153":1,"154":1,"155":1,"156":1,"157":1,"158":1,"159":1,"160":1,"161":1,"162":1,"163":1,"164":1,"165":1,"166":1,"167":1,"168":1,"169":1,"170":1,"171":1,"172":1,"173":1,"174":1,"175":1,"176":1,"177":1,"178":1,"179":1,"180":1,"181":1,"182":1,"183":2,"184":1,"185":1,"186":1,"187":1,"188":1,"189":1,"190":1,"191":1,"192":1,"193":1,"194":1,"195":1,"196":1,"197":36,"198":36,"199":12,"200":1,"201":1,"202":4,"203":1,"204":1,"205":1,"206":5,"207":1,"208":1,"209":1,"210":1,"211":1,"212":1,"213":1,"214":1,"215":6,"216":1,"217":1,"218":1,"219":1,"220":4,"221":1,"222":4,"223":1,"224":8,"225":1,"226":1,"227":1,"228":4,"229":1,"230":1,"231":1,"232":1,"233":4,"234":1,"235":6,"236":1,"237":1,"238":1,"239":1,"240":1,"241":1,"242":1,"243":1,"244":1,"245":1,"246":1,"247":1,"248":1,"249":22,"250":1,"251":8,"252":1,"253":1,"254":1,"255":1,"256":18,"257":1,"258":6,"259":1,"260":1,"261":1,"262":1,"263":1,"264":1,"265":1,"266":1,"267":1,"268":1,"269":1,"270":66,"271":12,"272":1,"273":1,"274":1,"275":22,"276":1,"277":1,"278":1,"279":1,"280":1,"281":1,"282":18,"283":4,"284":0,"285":1,"286":1,"287":1,"288":1,"289":1,"290":1,"291":1,"292":62,"293":10,"294":1,"295":1,"296":18,"297":1,"298":1,"299":1,"300":1,"301":1,"302":1,"303":1,"304":1,"305":1,"306":1,"307":1,"308":1,"309":1,"310":1,"311":1,"312":1,"313":1,"314":8,"315":1,"316":11,"317":1,"318":1,"319":1,"320":1,"321":1,"322":1,"323":1,"324":1,"325":1,"326":1,"327":1,"328":1,"329":1,"330":1,"331":1,"332":1,"333":1,"334":3,"335":1,"336":1,"337":1,"338":1,"339":9,"340":6,"341":1,"342":1,"343":1,"344":1,"345":1,"346":1,"347":1,"348":1,"349":1,"350":1,"351":1,"352":1,"353":1,"354":1,"355":1,"356":1,"357":1,"358":1,"359":1,"360":12,"361":1,"362":1,"363":6,"364":1,"365":1,"366":6,"367":1,"368":1,"369":1,"370":1,"371":1,"372":1,"373":1,"374":1,"375":1,"376":1,"377":18,"378":1,"379":6,"380":1,"381":1,"382":12,"383":1,"384":1,"385":1,"386":30,"387":1,"388":1,"389":1,"390":1,"391":1,"392":1,"393":1,"394":1,"395":30,"396":7,"397":1,"398":1,"399":1,"400":1,"401":1,"402":3,"403":1,"404":1,"405":1,"406":30,"407":1,"408":1,"409":1,"410":1,"411":1,"412":1,"413":1,"414":1,"415":1,"416":6,"417":1,"418":1,"419":1,"420":1,"421":1,"422":1,"423":18,"424":1,"425":1,"426":1,"427":18,"428":18,"429":1,"430":1,"431":6,"432":1,"433":4,"434":1,"435":1,"436":3,"437":1,"438":3,"439":1,"440":1,"441":1,"442":1,"443":1,"444":5,"445":5,"446":1,"447":1,"448":1,"449":1,"450":1,"451":1,"452":1,"453":1,"454":1,"455":1,"456":1,"457":1,"458":1,"459":1,"460":8,"461":1,"462":1,"463":1,"464":1,"465":3,"466":1,"467":1,"468":1,"469":1,"470":3,"471":1,"472":1,"473":5,"474":2,"475":1,"476":5,"477":2},"f":{"0":5,"1":6,"2":83,"3":2,"4":3,"5":7,"6":1,"7":1,"8":1,"9":9,"10":1,"11":3,"12":1,"13":2,"14":1,"15":1,"16":6,"17":1,"18":1,"19":1,"20":1,"21":6,"22":1,"23":3,"24":1,"25":1,"26":4,"27":1,"28":1,"29":1,"30":1,"31":1,"32":5,"33":1,"34":1,"35":1,"36":4,"37":1,"38":4,"39":4,"40":1,"41":12,"42":12,"43":3,"44":4,"45":3,"46":1,"47":1,"48":1,"49":1,"50":1,"51":1,"52":1,"53":1,"54":2,"55":1,"56":36,"57":36,"58":12,"59":4,"60":1,"61":5,"62":1,"63":1,"64":1,"65":6,"66":1,"67":4,"68":4,"69":8,"70":1,"71":4,"72":1,"73":4,"74":6,"75":1,"76":1,"77":22,"78":8,"79":1,"80":18,"81":6,"82":1,"83":1,"84":66,"85":12,"86":22,"87":1,"88":18,"89":4,"90":0,"91":1,"92":62,"93":10,"94":18,"95":1,"96":1,"97":8,"98":11,"99":1,"100":1,"101":1,"102":1,"103":3,"104":1,"105":9,"106":6,"107":1,"108":1,"109":1,"110":1,"111":12,"112":1,"113":6,"114":1,"115":6,"116":1,"117":1,"118":18,"119":6,"120":1,"121":12,"122":1,"123":30,"124":1,"125":1,"126":30,"127":7,"128":1,"129":3,"130":1,"131":30,"132":1,"133":1,"134":6,"135":1,"136":1,"137":18,"138":18,"139":18,"140":6,"141":4,"142":3,"143":3,"144":1,"145":1,"146":5,"147":5,"148":1,"149":1,"150":8,"151":1,"152":3,"153":3,"154":1,"155":5,"156":2,"157":5,"158":2},"b":{"0":[2,2]},"inputSourceMap":{"version":3,"file":"test.js","sourceRoot":"","sources":["../src/test.ts"],"names":[],"mappings":";;;AAAA,6BAAuB;AACvB,sBAAoB;AACpB,YAAY,CAAC;AAyBb,MAAa,OAAO;IAKlB,YAAY,CAAW;QACrB,IAAI,CAAC,OAAO,GAAG,CAAC,CAAC,OAAO,CAAC;QACzB,IAAI,CAAC,MAAM,GAAG,CAAC,CAAC,MAAM,CAAC;QACvB,IAAI,CAAC,cAAc,GAAG,CAAC,CAAC,cAAc,CAAC;IACzC,CAAC;CACF;AAVD,0BAUC;AAED,MAAa,MAAM;IAIjB,YAAY,GAAS;QACnB,IAAI,CAAC,IAAI,GAAG,GAAG,CAAC,IAAI,CAAC;QACrB,IAAI,CAAC,GAAG,GAAG,GAAG,CAAC,GAAI,CAAC;IACtB,CAAC;CACF;AARD,wBAQC;AAED,MAAa,GAAG;IAMd,YAAY,GAAS;QACnB,IAAI,CAAC,IAAI,GAAG,GAAG,CAAC,IAAI,CAAC;QACrB,IAAI,CAAC,GAAG,GAAG,GAAG,CAAC,GAAI,CAAC;QACpB,IAAI,CAAC,KAAK,GAAG,GAAG,CAAC,KAAM,CAAC;QACxB,IAAI,CAAC,UAAU,GAAG,GAAG,CAAC,UAAW,CAAC;IACpC,CAAC;CACF;AAZD,kBAYC;AAED,MAAa,GAAI,SAAQ,GAAG;IACnB,KAAK;QACV,OAAO,MAAM,CAAC;IAChB,CAAC;CACF;AAJD,kBAIC;AAED,MAAa,QAAQ;IACnB,YAAmB,IAAY,EAAS,IAAW;QAAhC,SAAI,GAAJ,IAAI,CAAQ;QAAS,SAAI,GAAJ,IAAI,CAAO;IAAI,CAAC;CACzD;AAFD,4BAEC;AAED,MAAa,OAAO;IAIlB,YAAY,OAAiB;QAC3B,IAAI,CAAC,IAAI,GAAG,OAAO,CAAC,IAAI,CAAC;QACzB,IAAI,CAAC,IAAI,GAAG,OAAO,CAAC,IAAI,CAAC;IAC3B,CAAC;CACF;AARD,0BAQC;AAED,IAAA,aAAI,EAAC,KAAK,EAAE,CAAC,CAAC,EAAE;IACd,MAAM,IAAI,GAAa,EAAE,CAAC;IAC1B,IAAI,CAAC,GAAG,CAAC,KAAK,CAAC,CAAC;IAChB,CAAC,CAAC,EAAE,CAAC,IAAI,CAAC,KAAK,EAAE,EAAE,KAAK,CAAC,CAAC;AAC5B,CAAC,CAAC,CAAC;AAEH,IAAA,aAAI,EAAC,UAAU,EAAE,CAAC,CAAC,EAAE;IACnB,MAAM,IAAI,GAAa,EAAE,CAAC;IAC1B,IAAI,CAAC,QAAQ,CAAC,CAAC,KAAK,EAAE,QAAQ,EAAE,IAAI,CAAC,CAAC,CAAC;IACvC,CAAC,CAAC,SAAS,CAAC,IAAI,CAAC,OAAO,EAAE,EAAE,CAAC,KAAK,EAAE,QAAQ,EAAE,IAAI,CAAC,CAAC,CAAC;AACvD,CAAC,CAAC,CAAC;AAEH,IAAA,aAAI,EAAC,WAAW,EAAE,CAAC,CAAC,EAAE;IACpB,MAAM,QAAQ,GAAG,6CAA6C,CAAC;IAC/D,MAAM,QAAQ,GAAG,8CAA8C,CAAC;IAChE,MAAM,KAAK,GAAG,QAAQ,CAAC,KAAK,CAAC,GAAG,CAAC,CAAC;IAClC,CAAC,CAAC,EAAE,CACF,KAAK,CAAC,SAAS,CACb,CAAC,eAAe,EAAE,IAAI,EAAE,EAAE,CAAC,IAAI,GAAG,GAAG,GAAG,eAAe,EACvD,EAAE,CACH,EACD,QAAQ,CACT,CAAC;AACJ,CAAC,CAAC,CAAC;AAEH,IAAA,aAAI,EAAC,KAAK,EAAE,CAAC,CAAC,EAAE;IACd,MAAM,IAAI,GAAG;QACX,IAAI,GAAG,CAAC,EAAE,GAAG,EAAE,EAAE,EAAE,IAAI,EAAE,QAAQ,EAAE,CAAC;QACpC,IAAI,GAAG,CAAC,EAAE,GAAG,EAAE,CAAC,EAAE,IAAI,EAAE,OAAO,EAAE,CAAC;QAClC,IAAI,GAAG,CAAC,EAAE,GAAG,EAAE,CAAC,EAAE,IAAI,EAAE,UAAU,EAAE,CAAC;KACtC,CAAC;IAEF,kCAAkC;IAClC,+BAA+B;IAC/B,CAAC,CAAC,KAAK,CAAC,IAAI,CAAC,GAAG,CAAC,GAAG,CAAC,EAAE,CAAC,GAAG,CAAC,IAAI,CAAC,UAAU,CAAC,GAAG,CAAC,CAAC,CAAC,CAAC;AACrD,CAAC,CAAC,CAAC;AAEH,IAAA,aAAI,EAAC,KAAK,EAAE,CAAC,CAAC,EAAE;IACd,MAAM,IAAI,GAAG;QACX,IAAI,GAAG,CAAC,EAAE,GAAG,EAAE,CAAC,EAAE,IAAI,EAAE,QAAQ,EAAE,UAAU,EAAE,IAAI,EAAE,CAAC;QACrD,IAAI,GAAG,CAAC,EAAE,GAAG,EAAE,CAAC,EAAE,IAAI,EAAE,OAAO,EAAE,UAAU,EAAE,KAAK,EAAE,CAAC;QACrD,IAAI,GAAG,CAAC,EAAE,GAAG,EAAE,CAAC,EAAE,IAAI,EAAE,UAAU,EAAE,UAAU,EAAE,KAAK,EAAE,CAAC;KACzD,CAAC;IAEF,+DAA+D;IAC/D,CAAC,CAAC,IAAI,CAAC,IAAI,CAAC,GAAG,CAAC,CAAC,CAAC,EAAE,CAAC,CAAC,CAAC,GAAG,GAAG,CAAC,IAAI,CAAC,CAAC,UAAU,KAAK,KAAK,CAAC,CAAC,CAAC;IAC3D,CAAC,CAAC,IAAI,CAAC,IAAI,CAAC,GAAG,EAAE,CAAC,CAAC;AACrB,CAAC,CAAC,CAAC;AAEH,IAAA,aAAI,EAAC,QAAQ,EAAE,CAAC,CAAC,EAAE;IACjB,MAAM,IAAI,GAAa,EAAE,CAAC;IAC1B,IAAI,CAAC,QAAQ,CAAC,CAAC,KAAK,EAAE,QAAQ,EAAE,IAAI,CAAC,CAAC,CAAC;IACvC,IAAI,CAAC,MAAM,CAAC,MAAM,CAAC,CAAC,CAAC,iBAAiB;IACtC,CAAC,CAAC,SAAS,CAAC,IAAI,CAAC,OAAO,EAAE,EAAE,CAAC,KAAK,EAAE,QAAQ,EAAE,IAAI,EAAE,CAAC,CAAC;IACtD,CAAC,CAAC,SAAS,CAAC,IAAI,CAAC,MAAM,CAAC,MAAM,CAAC,CAAC,OAAO,EAAE,EAAE,CAAC,KAAK,EAAE,QAAQ,EAAE,IAAI,EAAE,MAAM,CAAC,CAAC,CAAC;AAC9E,CAAC,CAAC,CAAC;AAEH,IAAA,aAAI,EAAC,SAAS,EAAE,CAAC,CAAC,EAAE;IAClB,MAAM,MAAM,GAAG,CAAC,EAAE,EAAE,EAAE,EAAE,GAAG,EAAE,EAAE,EAAE,EAAE,CAAC,CAAC;IACrC,MAAM,MAAM,GAAc;QACxB,EAAE,GAAG,EAAE,EAAE,EAAE,IAAI,EAAE,OAAO,EAAE;QAC1B,EAAE,GAAG,EAAE,EAAE,EAAE,IAAI,EAAE,OAAO,EAAE;QAC1B,EAAE,GAAG,EAAE,EAAE,EAAE,IAAI,EAAE,KAAK,EAAE;KACzB,CAAC;IACF,CAAC,CAAC,EAAE,CAAC,MAAM,CAAC,OAAO,EAAE,EAAE,IAAI,CAAC,CAAC;IAC7B,CAAC,CAAC,EAAE,CAAC,MAAM,CAAC,OAAO,CAAC,CAAC,CAAC,EAAE,CAAC,CAAC,CAAC,GAAG,CAAC,EAAE,EAAE,CAAC,CAAC;AACvC,CAAC,CAAC,CAAC;AAEH,IAAA,aAAI,EAAC,MAAM,EAAE,CAAC,CAAC,EAAE;IACf,MAAM,IAAI,GAAG;QACX,IAAI,GAAG,CAAC,EAAE,GAAG,EAAE,CAAC,EAAE,IAAI,EAAE,QAAQ,EAAE,UAAU,EAAE,IAAI,EAAE,CAAC;QACrD,IAAI,GAAG,CAAC,EAAE,GAAG,EAAE,CAAC,EAAE,IAAI,EAAE,UAAU,EAAE,UAAU,EAAE,KAAK,EAAE,CAAC;KACzD,CAAC;IAEF,MAAM,IAAI,GAAG,IAAI,CAAC,IAAI,EAAO,CAAC,OAAO,EAAE,CAAC;IAExC,CAAC,CAAC,IAAI,CAAC,OAAO,IAAI,CAAC,KAAK,EAAE,CAAC,KAAK,KAAK,UAAU,CAAC,CAAC;IACjD,CAAC,CAAC,EAAE,CAAC,IAAI,CAAC,KAAK,EAAE,CAAC,KAAK,EAAE,EAAE,MAAM,CAAC,CAAC;IACnC,CAAC,CAAC,IAAI,CAAC,OAAO,IAAI,CAAC,IAAI,EAAE,CAAC,KAAK,KAAK,WAAW,CAAC,CAAC;AACnD,CAAC,CAAC,CAAC;AAEH,IAAA,aAAI,EAAC,QAAQ,EAAE,CAAC,CAAC,EAAE;IACjB,MAAM,IAAI,GAAG;QACX,IAAI,GAAG,CAAC,EAAE,GAAG,EAAE,CAAC,EAAE,IAAI,EAAE,QAAQ,EAAE,CAAC;QACnC,IAAI,GAAG,CAAC,EAAE,GAAG,EAAE,CAAC,EAAE,IAAI,EAAE,OAAO,EAAE,CAAC;QAClC,IAAI,GAAG,CAAC,EAAE,GAAG,EAAE,CAAC,EAAE,IAAI,EAAE,UAAU,EAAE,CAAC;KACtC,CAAC;IACF,MAAM,IAAI,GAAG;QACX,IAAI,GAAG,CAAC,EAAE,GAAG,EAAE,CAAC,EAAE,IAAI,EAAE,SAAS,EAAE,CAAC;QACpC,IAAI,GAAG,CAAC,EAAE,GAAG,EAAE,EAAE,EAAE,IAAI,EAAE,QAAQ,EAAE,CAAC;QACpC,IAAI,GAAG,CAAC,EAAE,GAAG,EAAE,CAAC,EAAE,IAAI,EAAE,MAAM,EAAE,CAAC;KAClC,CAAC;IACF,MAAM,QAAQ,GAAG;QACf,IAAI,GAAG,CAAC,EAAE,GAAG,EAAE,CAAC,EAAE,IAAI,EAAE,QAAQ,EAAE,CAAC;QACnC,IAAI,GAAG,CAAC,EAAE,GAAG,EAAE,CAAC,EAAE,IAAI,EAAE,OAAO,EAAE,CAAC;QAClC,IAAI,GAAG,CAAC,EAAE,GAAG,EAAE,CAAC,EAAE,IAAI,EAAE,UAAU,EAAE,CAAC;QACrC,IAAI,GAAG,CAAC,EAAE,GAAG,EAAE,CAAC,EAAE,IAAI,EAAE,SAAS,EAAE,CAAC;QACpC,IAAI,GAAG,CAAC,EAAE,GAAG,EAAE,EAAE,EAAE,IAAI,EAAE,QAAQ,EAAE,CAAC;QACpC,IAAI,GAAG,CAAC,EAAE,GAAG,EAAE,CAAC,EAAE,IAAI,EAAE,MAAM,EAAE,CAAC;KAClC,CAAC;IACF,CAAC,CAAC,SAAS,CACT,IAAI;SACD,MAAM,CAAC,IAAI,CAAC;SACZ,OAAO,EAAE,EACZ,QAAQ,CACT,CAAC;IACF,CAAC,CAAC,SAAS,CACT,IAAI,EACJ;QACE,IAAI,GAAG,CAAC,EAAE,GAAG,EAAE,CAAC,EAAE,IAAI,EAAE,QAAQ,EAAE,CAAC;QACnC,IAAI,GAAG,CAAC,EAAE,GAAG,EAAE,CAAC,EAAE,IAAI,EAAE,OAAO,EAAE,CAAC;QAClC,IAAI,GAAG,CAAC,EAAE,GAAG,EAAE,CAAC,EAAE,IAAI,EAAE,UAAU,EAAE,CAAC;KACtC,CACF,CAAC;AACJ,CAAC,CAAC,CAAC;AAEH,IAAA,aAAI,EAAC,UAAU,EAAE,CAAC,CAAC,EAAE;IACnB,MAAM,MAAM,GAAG;QACb,OAAO;QACP,QAAQ;QACR,OAAO;QACP,QAAQ;QACR,cAAc;QACd,OAAO;KACR,CAAC;IACF,CAAC,CAAC,IAAI,CAAC,MAAM,CAAC,QAAQ,CAAC,OAAO,CAAC,CAAC,CAAC;AACnC,CAAC,CAAC,CAAC;AAEH,IAAA,aAAI,EAAC,OAAO,EAAE,CAAC,CAAC,EAAE;IAChB,MAAM,MAAM,GAAG;QACb,OAAO;QACP,QAAQ;QACR,OAAO;QACP,QAAQ;QACR,cAAc;QACd,OAAO;KACR,CAAC;IACF,CAAC,CAAC,EAAE,CAAC,MAAM,CAAC,KAAK,EAAE,EAAE,CAAC,CAAC,CAAC;IACxB,CAAC,CAAC,EAAE,CAAC,MAAM,CAAC,KAAK,CAAC,CAAC,CAAC,EAAE,CAAC,CAAC,CAAC,MAAM,GAAG,CAAC,CAAC,EAAE,CAAC,CAAC,CAAC;AAC3C,CAAC,CAAC,CAAC;AAEH,IAAA,aAAI,EAAC,gBAAgB,EAAE,CAAC,CAAC,EAAE;IACzB,MAAM,IAAI,GAAG;QACX,IAAI,GAAG,CAAC,EAAE,GAAG,EAAE,CAAC,EAAE,IAAI,EAAE,QAAQ,EAAE,CAAC;QACnC,IAAI,GAAG,CAAC,EAAE,GAAG,EAAE,CAAC,EAAE,IAAI,EAAE,OAAO,EAAE,CAAC;QAClC,IAAI,GAAG,CAAC,EAAE,GAAG,EAAE,CAAC,EAAE,IAAI,EAAE,UAAU,EAAE,CAAC;KACtC,CAAC;IACF,CAAC,CAAC,SAAS,CACT,IAAI;SACD,cAAc,EAAE;SAChB,MAAM,CAAC,GAAG,CAAC,EAAE,CAAC,GAAG,CAAC,IAAI,CAAC;SACvB,OAAO,EAAE,EACZ,CAAC,QAAQ,EAAE,OAAO,EAAE,UAAU,CAAC,CAChC,CAAC;IACF,MAAM,OAAO,GAAa,EAAE,CAAC;IAC7B,CAAC,CAAC,SAAS,CAAC,OAAO,CAAC,cAAc,CAAC,CAAC,CAAC,CAAC,OAAO,EAAE,EAAE,CAAC,CAAC,CAAC,CAAC,CAAC;AACxD,CAAC,CAAC,CAAC;AAEH,IAAA,aAAI,EAAC,UAAU,EAAE,CAAC,CAAC,EAAE;IACnB,MAAM,IAAI,GAAG,CAAC,EAAE,EAAE,EAAE,EAAE,EAAE,EAAE,EAAE,EAAE,EAAE,EAAE,EAAE,EAAE,EAAE,EAAE,EAAE,CAAC,CAAC;IAC9C,MAAM,IAAI,GAAG;QACX,IAAI,GAAG,CAAC,EAAE,GAAG,EAAE,CAAC,EAAE,IAAI,EAAE,UAAU,EAAE,CAAC;QACrC,IAAI,GAAG,CAAC,EAAE,GAAG,EAAE,CAAC,EAAE,IAAI,EAAE,UAAU,EAAE,CAAC;QACrC,IAAI,GAAG,CAAC,EAAE,GAAG,EAAE,CAAC,EAAE,IAAI,EAAE,QAAQ,EAAE,CAAC;QACnC,IAAI,GAAG,CAAC,EAAE,GAAG,EAAE,CAAC,EAAE,IAAI,EAAE,QAAQ,EAAE,CAAC;QACnC,IAAI,GAAG,CAAC,EAAE,GAAG,EAAE,EAAE,EAAE,IAAI,EAAE,SAAS,EAAE,CAAC;KACtC,CAAC;IACF,MAAM,QAAQ,GAAG;QACf,IAAI,GAAG,CAAC,EAAE,GAAG,EAAE,CAAC,EAAE,IAAI,EAAE,UAAU,EAAE,CAAC;QACrC,IAAI,GAAG,CAAC,EAAE,GAAG,EAAE,CAAC,EAAE,IAAI,EAAE,QAAQ,EAAE,CAAC;QACnC,IAAI,GAAG,CAAC,EAAE,GAAG,EAAE,EAAE,EAAE,IAAI,EAAE,SAAS,EAAE,CAAC;KACtC,CAAC;IACF,CAAC,CAAC,SAAS,CAAC,IAAI,CAAC,QAAQ,EAAE,CAAC,OAAO,EAAE,EAAE,CAAC,EAAE,EAAE,EAAE,EAAE,EAAE,EAAE,EAAE,CAAC,CAAC,CAAC;IACzD,CAAC,CAAC,SAAS,CAAC,IAAI,CAAC,QAAQ,EAAE,CAAC,OAAO,EAAE,EAAE,QAAQ,CAAC,CAAC;AACnD,CAAC,CAAC,CAAC;AAEH,IAAA,aAAI,EAAC,YAAY,EAAE,CAAC,CAAC,EAAE;IACrB,MAAM,IAAI,GAAG;QACX,IAAI,GAAG,CAAC,EAAE,GAAG,EAAE,CAAC,EAAE,IAAI,EAAE,UAAU,EAAE,CAAC;QACrC,IAAI,GAAG,CAAC,EAAE,GAAG,EAAE,CAAC,EAAE,IAAI,EAAE,OAAO,EAAE,CAAC;QAClC,IAAI,GAAG,CAAC,EAAE,GAAG,EAAE,CAAC,EAAE,IAAI,EAAE,QAAQ,EAAE,CAAC;QACnC,IAAI,GAAG,CAAC,EAAE,GAAG,EAAE,CAAC,EAAE,IAAI,EAAE,OAAO,EAAE,CAAC;KACnC,CAAC;IAEF,MAAM,MAAM,GAAG;QACb,IAAI,GAAG,CAAC,EAAE,GAAG,EAAE,CAAC,EAAE,IAAI,EAAE,UAAU,EAAE,CAAC;QACrC,IAAI,GAAG,CAAC,EAAE,GAAG,EAAE,CAAC,EAAE,IAAI,EAAE,OAAO,EAAE,CAAC;QAClC,IAAI,GAAG,CAAC,EAAE,GAAG,EAAE,CAAC,EAAE,IAAI,EAAE,QAAQ,EAAE,CAAC;KACpC,CAAC;IAEF,CAAC,CAAC,SAAS,CAAC,IAAI,CAAC,UAAU,CAAC,GAAG,CAAC,EAAE,CAAC,GAAG,CAAC,GAAG,CAAC,CAAC,OAAO,EAAE,EAAE,MAAM,CAAC,CAAC;AACjE,CAAC,CAAC,CAAC;AAEH,IAAA,aAAI,EAAC,WAAW,EAAE,CAAC,CAAC,EAAE;IACpB,MAAM,CAAC,GAAG,CAAC,KAAK,EAAE,MAAM,EAAE,KAAK,EAAE,KAAK,CAAC,CAAC;IACxC,CAAC,CAAC,EAAE,CAAC,CAAC,CAAC,SAAS,CAAC,CAAC,CAAC,EAAE,KAAK,CAAC,CAAC;IAC5B,CAAC,CAAC,MAAM,CACN,GAAG,EAAE,CAAC,CAAC,CAAC,SAAS,CAAC,CAAC,CAAC,EAAC;QACnB,OAAO,EACT,iHAAiH;KACpH,CAAC,CAAC;AACH,CAAC,CAAC,CAAC;AAEH,IAAA,aAAI,EAAC,oBAAoB,EAAE,CAAC,CAAC,EAAE;IAC7B,MAAM,CAAC,GAAG,CAAC,KAAK,EAAE,MAAM,EAAE,KAAK,EAAE,KAAK,CAAC,CAAC;IACxC,CAAC,CAAC,EAAE,CAAC,CAAC,CAAC,kBAAkB,CAAC,CAAC,CAAC,EAAE,KAAK,CAAC,CAAC;IACrC,CAAC,CAAC,EAAE,CAAC,CAAC,CAAC,kBAAkB,CAAC,CAAC,CAAC,EAAE,SAAS,CAAC,CAAC;AAC3C,CAAC,CAAC,CAAC;AAEH,IAAA,aAAI,EAAC,QAAQ,EAAE,CAAC,CAAC,EAAE;IACjB,MAAM,QAAQ,GAAG,CAAC,GAAG,EAAE,GAAG,EAAE,GAAG,EAAE,GAAG,EAAE,GAAG,EAAE,GAAG,CAAC,CAAC;IAChD,MAAM,QAAQ,GAAG,CAAC,GAAG,EAAE,GAAG,CAAC,CAAC;IAC5B,CAAC,CAAC,SAAS,CAAC,QAAQ,CAAC,MAAM,CAAC,QAAQ,CAAC,CAAC,OAAO,EAAE,EAAE,CAAC,CAAC,EAAE,GAAG,EAAE,GAAG,EAAE,GAAG,CAAC,CAAC,CAAC;AACvE,CAAC,CAAC,CAAC;AAEH,IAAA,aAAI,EAAC,OAAO,EAAE,CAAC,CAAC,EAAE;IAChB,CAAC,CAAC,EAAE,CAAC,CAAC,KAAK,EAAE,MAAM,EAAE,KAAK,EAAE,KAAK,CAAC,CAAC,KAAK,EAAE,EAAE,KAAK,CAAC,CAAC;IACnD,CAAC,CAAC,EAAE,CAAC,CAAC,CAAC,EAAE,CAAC,EAAE,CAAC,EAAE,CAAC,EAAE,CAAC,CAAC,CAAC,KAAK,CAAC,CAAC,CAAC,EAAE,CAAC,CAAC,GAAG,CAAC,CAAC,EAAE,CAAC,CAAC,CAAC;IAC3C,CAAC,CAAC,MAAM,CACN,GAAG,EAAE,CAAC,EAAE,CAAC,KAAK,EAAE,EAAC;QACf,OAAO,EACT,0DAA0D;KAC7D,CAAC,CAAC;AACH,CAAC,CAAC,CAAC;AAEH,IAAA,aAAI,EAAC,gBAAgB,EAAE,CAAC,CAAC,EAAE;IACzB,CAAC,CAAC,EAAE,CAAC,CAAC,KAAK,EAAE,MAAM,EAAE,KAAK,EAAE,KAAK,CAAC,CAAC,cAAc,EAAE,EAAE,KAAK,CAAC,CAAC;IAC5D,CAAC,CAAC,EAAE,CAAC,EAAE,CAAC,cAAc,EAAE,EAAE,SAAS,CAAC,CAAC;AACvC,CAAC,CAAC,CAAC;AAEH,IAAA,aAAI,EAAC,SAAS,EAAE,CAAC,CAAC,EAAE;IAClB,MAAM,KAAK,GAAG,CAAC,OAAO,EAAE,QAAQ,EAAE,KAAK,EAAE,SAAS,CAAC,CAAC;IACpD,IAAI,IAAI,GAAG,EAAE,CAAC;IACd,KAAK,CAAC,OAAO,CAAC,CAAC,CAAC,EAAE,CAAC,EAAE,EAAE,CAAC,CAAC,IAAI,IAAI,GAAG,CAAC,IAAI,CAAC,GAAG,CAAC,CAAC,CAAC;IAChD,CAAC,CAAC,EAAE,CAAC,IAAI,EAAE,mCAAmC,CAAC,CAAC;AAClD,CAAC,CAAC,CAAC;AAEH,IAAA,aAAI,EAAC,SAAS,EAAE,CAAC,CAAC,EAAE;IAClB,MAAM,IAAI,GAAU;QAClB,IAAI,GAAG,CAAC,EAAE,GAAG,EAAE,CAAC,EAAE,IAAI,EAAE,QAAQ,EAAE,CAAC;QACnC,IAAI,GAAG,CAAC,EAAE,GAAG,EAAE,CAAC,EAAE,IAAI,EAAE,OAAO,EAAE,CAAC;QAClC,IAAI,GAAG,CAAC,EAAE,GAAG,EAAE,CAAC,EAAE,IAAI,EAAE,UAAU,EAAE,CAAC;QACrC,IAAI,GAAG,CAAC,EAAE,GAAG,EAAE,CAAC,EAAE,IAAI,EAAE,OAAO,EAAE,CAAC;KACnC,CAAC;IACF,MAAM,MAAM,GAAG;QACb,GAAG,EAAE,CAAC,UAAU,CAAC;QACjB,GAAG,EAAE,CAAC,OAAO,EAAE,OAAO,CAAC;QACvB,GAAG,EAAE,CA
[...]
AAO,GAAG,UAAa,OAAU;IAC7C,OAAO,QAAQ,CAAI,IAAI,CAAC,CAAC,OAAO,CAAC,OAAO,CAAC,CAAC;AAC9C,CAAC,CAAC;AAEF,KAAK,CAAC,SAAS,CAAC,MAAM,GAAG,UAAa,KAAa,EAAE,OAAU;IAC3D,IAAI,EAAE,GAAG,QAAQ,CAAI,IAAI,CAAC,CAAC;IAC3B,IAAI,KAAK,GAAG,CAAC,IAAI,KAAK,GAAG,EAAE,CAAC,MAAM,EAAE,CAAC;QACjC,MAAM,IAAI,KAAK,CAAC,wBAAwB,CAAC,CAAC;IAC9C,CAAC;IACD,EAAE,CAAC,MAAM,CAAC,KAAK,EAAE,CAAC,EAAE,OAAO,CAAC,CAAC;AACjC,CAAC,CAAC;AAEF,KAAK,CAAC,SAAS,CAAC,WAAW,GAAG,UAAa,KAAa,EAAE,KAAU;IAChE,IAAI,EAAE,GAAG,QAAQ,CAAI,IAAI,CAAC,CAAC;IAC3B,IAAI,KAAK,GAAG,CAAC,IAAI,KAAK,GAAG,EAAE,CAAC,MAAM,EAAE,CAAC;QACjC,MAAM,IAAI,KAAK,CAAC,wBAAwB,CAAC,CAAC;IAC9C,CAAC;IACD,KAAK,IAAI,CAAC,GAAG,CAAC,EAAE,CAAC,GAAG,KAAK,CAAC,MAAM,EAAE,CAAC,EAAE,EAAE,CAAC;QACpC,EAAE,CAAC,MAAM,CAAC,KAAK,GAAG,CAAC,EAAE,CAAC,EAAE,KAAK,CAAC,CAAC,CAAC,CAAC,CAAC;IACtC,CAAC;AACL,CAAC,CAAC;AAEF,KAAK,CAAC,SAAS,CAAC,SAAS,GAAG,UAAa,MAAW;IAChD,OAAO,IAAI,CAAC,KAAK,CAAC,CAAC,CAAC,EAAE,CAAC,MAAM,CAAC,QAAQ,CAAC,CAAC,CAAC,CAAC,CAAA;AAC9C,CAAC,CAAC;AAEF,KAAK,CAAC,SAAS,CAAC,IAAI,GAAG,UACnB,IAAS,EACT,IAAqB,EACrB,IAAqB,EACrB,MAAoC;IAGpC,MAAM,OAAO,GAAI,IAAI,CAAC,UAAU,CAAC,CAAC,CAAC,EAAE;QACjC,MAAM,QAAQ,GAAG,IAAI,CAAC,KAAK,CAAC,CAAC,CAAC,EAAE,CAAC,IAAI,CAAC,CAAC,CAAC,KAAK,IAAI,CAAC,CAAC,CAAC,CAAC,CAAC;QACtD,MAAM,IAAI,GAAG,QAAQ,CAAC,MAAM,CAAC,CAAC,CAAC,EAAE,CAAC,MAAM,CAAC,CAAC,EAAE,CAAC,CAAC,CAAC,CAAC;QAChD,OAAO,IAAI,CAAC,OAAO,EAAE,CAAC;IAC1B,CAAC,CAAC,CAAC;IACH,OAAO,IAAI,IAAI,CAAC,OAAO,CAAC,CAAC;AAC7B,CAAC,CAAC;AAEF,KAAK,CAAC,SAAS,CAAC,IAAI,GAAG,UACnB,SAA2D;IAE3D,IAAI,EAAE,GAAG,QAAQ,CAAI,IAAI,CAAC,CAAA;IAC1B,IAAI,IAAI,CAAC,KAAK,EAAE,EAAE,CAAC;QACf,OAAO,SAAS,CAAC,CAAC,CAAC,EAAE,CAAC,KAAK,CAAC,SAAS,CAAC,CAAC,IAAI,EAAE,CAAC,CAAC,CAAC,EAAE,CAAC,EAAE,CAAC,KAAK,EAAE,GAAG,CAAC,CAAC,CAAC;IACvE,CAAC;SAAM,CAAC;QACJ,OAAO,CAAC,GAAG,CAAC,UAAU,GAAG,0DAA0D,CAAC,CAAC;QACrF,MAAM,KAAK,CAAC,0DAA0D,CAAC,CAAC;IAC5E,CAAC;AACL,CAAC,CAAC;AAEF,KAAK,CAAC,SAAS,CAAC,aAAa,GAAG,UAC5B,SAA2D;IAE3D,OAAO,IAAI,CAAC,KAAK,CAAC,SAAS,CAAC,CAAC,CAAC,CAAC,IAAI,CAAC,IAAI,CAAC,SAAS,CAAC,CAAC,CAAC,CAAC,SAAS,CAAC;AACpE,CAAC,CAAC;AAEF,KAAK,CAAC,SAAS,CAAC,GAAG,GAAG,UAAa,QAA0D;IACzF,IAAI,EAAE,GAAG,QAAQ,CAAI,IAAI,CAAC,CAAA;IAC1B,IAAI,GAAG,GAAG,QAAQ,CAAC,CAAC,CAAC,QAAQ,CAAC,EAAE,CAAC,CAAC,CAAC,EAAE,CAAC,EAAE,EAAE,CAAC,CAAC,CAAC,CAAC,EAAE,CAAC,CAAC,CAAW,CAAC;IAC9D,IAAI,QAAQ,EAAE,CAAC;QACX,KAAK,IAAI,CAAC,GAAG,CAAC,EAAE,CAAC,GAAG,EAAE,CAAC,MAAM,EAAE,CAAC,EAAE,EAAE,CAAC;YACjC,GAAG,GAAG,QAAQ,CAAC,EAAE,CAAC,CAAC,CAAC,EAAE,CAAC,EAAE,EAAE,CAAC,GAAG,GAAG,CAAC,CAAC,CAAC,GAAG,GAAG,QAAQ,CAAC,EAAE,CAAC,CAAC,CAAC,EAAE,CAAC,EAAE,EAAE,CAAC,CAAC,CAAC,CAAC,GAAG,CAAC;QAC5E,CAAC;IACL,CAAC;SAAM,CAAC;QACJ,KAAK,IAAI,CAAC,GAAG,CAAC,EAAE,CAAC,GAAG,EAAE,CAAC,MAAM,EAAE,CAAC,EAAE,EAAE,CAAC;YACjC,GAAG,GAAG,EAAE,CAAC,CAAC,CAAW,GAAG,GAAG,CAAC,CAAC,CAAC,GAAG,GAAG,EAAE,CAAC,CAAC,CAAW,CAAA,CAAC,CAAC,GAAG,CAAC;QAC7D,CAAC;IACL,CAAC;IACD,OAAO,GAAG,CAAC;AACf,CAAC,CAAC;AAEF,KAAK,CAAC,SAAS,CAAC,KAAK,GAAG,UAAa,WAA6B;IAC9D,OAAO,IAAI,CAAC,iBAAiB,CAAC,WAAW,CAAC,CAAC,KAAK,EAAE,CAAC;AACvD,CAAC,CAAC;AAEF,KAAK,CAAC,SAAS,CAAC,GAAG,GAAG,UAAa,QAA0D;IAEzF,IAAI,EAAE,GAAG,QAAQ,CAAI,IAAI,CAAC,CAAC;IAC3B,IAAI,GAAG,GAAG,QAAQ,CAAC,CAAC,CAAC,QAAQ,CAAC,IAAI,CAAC,CAAC,CAAC,EAAE,CAAC,EAAE,IAAI,CAAC,CAAC,CAAC,CAAC,IAAI,CAAC,CAAC,CAAW,CAAA;IACnE,IAAI,QAAQ,EAAE,CAAC;QACX,KAAK,IAAI,CAAC,GAAG,CAAC,EAAE,CAAC,GAAG,EAAE,CAAC,MAAM,EAAE,CAAC,EAAE,EAAE,CAAC;YACjC,GAAG,GAAG,QAAQ,CAAC,EAAE,CAAC,CAAC,CAAC,EAAE,CAAC,EAAE,EAAE,CAAC,GAAG,GAAG,CAAC,CAAC,CAAC,GAAG,GAAG,QAAQ,CAAC,EAAE,CAAC,CAAC,CAAC,EAAE,CAAC,EAAE,EAAE,CAAC,CAAC,CAAC,CAAC,GAAG,CAAC;QAC5E,CAAC;IACL,CAAC;SAAM,CAAC;QACJ,KAAK,IAAI,CAAC,GAAG,CAAC,EAAE,CAAC,GAAG,EAAE,CAAC,MAAM,EAAE,CAAC,EAAE,EAAE,CAAC;YACjC,GAAG,GAAG,EAAE,CAAC,CAAC,CAAW,GAAG,GAAG,CAAC,CAAC,CAAC,GAAG,GAAG,EAAE,CAAC,CAAC,CAAW,CAAC,CAAC,CAAC,GAAG,CAAC;QAC9D,CAAC;IACL,CAAC;IACD,OAAO,GAAG,CAAC;AACf,CAAC,CAAC;AAEF,KAAK,CAAC,SAAS,CAAC,KAAK,GAAG,UAAa,WAA6B;IAC9D,OAAO,IAAI,CAAC,OAAO,CAAC,WAAW,CAAC,CAAC,KAAK,EAAE,CAAC;AAC7C,CAAC,CAAC;AAEF,KAAK,CAAC,SAAS,CAAC,MAAM,GAAG,UAAa,IAAS;IAC3C,IAAI,QAAuB,CAAC;IAC5B,QAAQ,IAAI,EAAE,CAAC;QACb,KAAK,MAAM;YACT,QAAQ,GAAG,OAAO,CAAC,CAAA;YACnB,MAAK;QACP,KAAK,MAAM;YACT,QAAQ,GAAG,OAAO,EAAE,CAAA;YACpB,MAAK;QACP,KAAK,OAAO;YACV,QAAQ,GAAG,OAAO,IAAI,CAAA;YACtB,MAAK;QACP,KAAK,QAAQ;YACX,QAAQ,GAAG,OAAO,cAAY,CAAC,CAAA,CAAC,+BAA+B;YAC/D,MAAK;QACP;YACE,QAAQ,GAAG,IAAI,CAAA;YACf,MAAK;IACT,CAAC;IACD,OAAO,QAAQ,KAAK,IAAI;QACtB,CAAC,CAAC,IAAI,CAAC,KAAK,CAAC,CAAC,CAAC,EAAE,CAAC,CAAC,YAAY,IAAI,CAAC,CAAC,IAAI,EAAK;QAC9C,CAAC,CAAC,IAAI,CAAC,KAAK,CAAC,CAAC,CAAC,EAAE,CAAC,OAAO,CAAC,KAAK,QAAQ,CAAC,CAAC,IAAI,EAAK,CAAA;AACtD,CAAC,CAAA;AAEH,KAAK,CAAC,SAAS,CAAC,OAAO,GAAG,UAAa,WAA4B,EAC/D,QAAQ,GAAG,WAAW,CAAC,WAAW,EAAE,KAAK,CAAC;IAC1C,MAAM,IAAI,GAAa,IAAI,KAAK,EAAE,CAAC;IACnC,KAAK,MAAM,IAAI,IAAI,IAAI,YAAY,IAAI,CAAC,CAAC,CAAC,IAAI,CAAC,MAAM,CAAC,CAAC,CAAC,IAAI,EAAE,CAAC;QAC3D,IAAI,CAAC,IAAI,CAAC,IAAI,CAAC,CAAC;IACpB,CAAC;IACD,OAAO,IAAI,IAAI,CAAI,IAAI,EAAE,QAAQ,CAAC,CAAC;AACvC,CAAC,CAAC;AAEF,KAAK,CAAC,SAAS,CAAC,iBAAiB,GAAG,UAAa,WAA4B,EACzE,QAAQ,GAAG,WAAW,CAAC,WAAW,EAAE,IAAI,CAAC;IACzC,MAAM,IAAI,GAAa,IAAI,KAAK,EAAE,CAAC;IACnC,KAAK,MAAM,IAAI,IAAI,IAAI,YAAY,IAAI,CAAC,CAAC,CAAC,IAAI,CAAC,MAAM,CAAC,CAAC,CAAC,IAAI,EAAE,CAAC;QAC3D,IAAI,CAAC,IAAI,CAAC,IAAI,CAAC,CAAC;IACpB,CAAC;IACD,OAAO,IAAI,IAAI,CAAI,IAAI,EAAE,QAAQ,CAAC,CAAC;AACvC,CAAC,CAAC;AAEF,KAAK,CAAC,SAAS,CAAC,OAAO,GAAG,UAAa,KAAQ;IAC3C,MAAM,IAAI,GAAG,IAAI,IAAI,EAAK,CAAC;IAC3B,IAAI,CAAC,MAAM,CAAC,IAAI,CAAC,KAAK,CAAC,CAAA;IACvB,IAAI,CAAC,OAAO,CAAC,IAAI,CAAC,EAAE;QAChB,IAAI,CAAC,MAAM,CAAC,IAAI,CAAC,IAAI,CAAC,CAAA;IAC1B,CAAC,CAAC,CAAA;IACF,OAAO,IAAI,CAAC;AAChB,CAAC,CAAC;AAEF,KAAK,CAAC,SAAS,CAAC,MAAM,GAAG,UAAa,WAA4B;IAC9D,OAAO,IAAI,CAAC,OAAO,CAAC,WAAW,CAAC,CAAA;AACpC,CAAC,CAAC;AAEF,KAAK,CAAC,SAAS,CAAC,gBAAgB,GAAG,UAAa,WAA4B;IACxE,OAAO,IAAI,CAAC,iBAAiB,CAAC,WAAW,CAAC,CAAC;AAC/C,CAAC,CAAC;AAEF,KAAK,CAAC,SAAS,CAAC,MAAM,GAAG,UAAa,OAAU;IAC5C,OAAO,IAAI,CAAC,OAAO,CAAC,OAAO,CAAC,KAAK,CAAC,CAAC;QAC/B,CAAC,CAAC,CAAC,IAAI,CAAC,QAAQ,CAAC,IAAI,CAAC,OAAO,CAAC,OAAO,CAAC,CAAC,EAAE,IAAI,CAAC;QAC9C,CAAC,CAAC,KAAK,CAAC;AAChB,CAAC,CAAC;AAEF,KAAK,CAAC,SAAS,CAAC,SAAS,GAAG,UACxB,SAA2D;IAE3D,IAAI,SAAS,EAAE,CAAC;QACZ,MAAM,GAAG,GAAG,QAAQ,CAAI,IAAI,CAAC,CAAC;QAC9B,KAAK,IAAI,CAAC,GAAG,CAAC,EAAE,CAAC,GAAG,GAAG,CAAC,MAAM,EAAE,CAAC,EAAE,EAAE,CAAC;YAClC,IAAI,SAAS,CAAC,GAAG,CAAC,CAAC,CAAC,EAAE,CAAC,EAAC,GAAG,CAAE,EAAE,CAAC;gBAC5B,GAAG,CAAC,MAAM,CAAC,CAAC,EAAE,CAAC,CAAC,CAAC;gBACjB,CAAC,EAAE,CAAC;YACR,CAAC;QACL,CAAC;QACD,OAAO,IAAI,IAAI,CAAI,GAAG,CAAC,CAAC;IAC5B,CAAC;IACD,OAAO,IAAI,IAAI,EAAK,CAAC;AACzB,CAAC,CAAC;AAEF,KAAK,CAAC,SAAS,CAAC,QAAQ,GAAG,UAAa,KAAa;IACjD,OAAO,IAAI,YAAY,IAAI,CAAC,CAAC,CAAC,IAAI,IAAI,CAAC,IAAI,CAAC,MAAM,CAAC,MAAM,CAAC,KAAK,EAAE,CAAC,CAAC,CAAC,CAAC,CAAC,CAAC,IAAI,IAAI,CAAC,IAAI,CAAC,MAAM,CAAC,KAAK,EAAE,CAAC,CAAC,CAAC,CAAC;AAC3G,CAAC,CAAC;AAEF,KAAK,CAAC,SAAS,CAAC,WAAW,GAAG,UAAa,KAAa,EAAE,KAAa;IACnE,OAAO,IAAI,YAAY,IAAI,CAAC,CAAC,CAAC,IAAI,IAAI,CAAC,IAAI,CAAC,MAAM,CAAC,MAAM,CAAC,KAAK,EAAE,KAAK,CAAC,CAAC,CAAC,CAAC,CAAC,IAAI,IAAI,CAAC,IAAI,CAAC,MAAM,CAAC,KAAK,EAAE,KAAK,CAAC,CAAC,CAAC;AACnH,CAAC,CAAC;AAEF,KAAK,CAAC,SAAS,CAAC,OAAO,GAAG;IACtB,IAAI,YAAY,IAAI,CAAC,CAAC,CAAC,IAAI,CAAC,MAAM,CAAC,OAAO,EAAE,CAAC,CAAC,CAAC,IAAI,CAAC,OAAO,EAAE,CAAC;AAClE,CAAC,CAAC;AAEF,KAAK,CAAC,SAAS,CAAC,MAAM,GAAG,UACrB,QAA6C;IAE7C,OAAO,IAAI,IAAI,CAAO,QAAQ,CAAI,IAAI,CAAC,CAAC,GAAG,CAAC,QAAQ,CAAC,CAAC,CAAC;AAC3D,CAAC,CAAC;AAEF,KAAK,CAAC,SAAS,CAAC,UAAU,GAAG,UACzB,QAA6C;IAE7C,OAAO,IAAI,CAAC,SAAS,CACjB,CAAC,EAAE,EAAE,CAAC,EAAE,CAAC,EAAE,EAAE,CAAC,CACV,EAAE,CAAC,QAAQ,CACP,IAAI,CAAC,MAAM,CAAC,QAAQ,CAAC;SAChB,SAAS,CAAC,CAAQ,CAAC;SACnB,OAAO,EAAE,CACjB;QACD,EAAE,CACL,EACD,IAAI,IAAI,EAAQ,CACnB,CAAC;AACN,CAAC,CAAC;AAEF,KAAK,CAAC,SAAS,CAAC,aAAa,GAAG,UAAa,IAAS;IAClD,OAAQ,IAAI,CAAC,SAAS,CAAC,IAAI,CAAC,KAAG,IAAI,CAAC,SAAS,CAAC,IAAI,CAAC,CAAA;AACvD,CAAC,CAAC;AAEF,KAAK,CAAC,SAAS,CAAC,MAAM,GAAG,UACrB,SAA2D;IAE3D,IAAI,IAAI,CAAC,KAAK,CAAC,SAAS,CAAC,KAAK,CAAC,EAAE,CAAC;QAC9B,OAAO,CAAC,GAAG,CAAC,WAAW,GAAG,sDAAsD,CAAC,CAAC;QAClF,MAAM,IAAI,KAAK,CAAC,sDAAsD,CAAC,CAAC;IAC5E,CAAC;SAAM,CAAC;QACJ,OAAO,IAAI,CAAC,KAAK,CAAC,SAAS,CAAC,CAAC;IACjC,CAAC;AACL,CAAC,CAAC;AAEF,KAAK,CAAC,SAAS,CAAC,eAAe,GAAG,UAC9B,SAA2D;IAE3D,OAAO,IAAI,CAAC,KAAK,CAAC,SAAS,CAAC,CAAC,CAAC,CAAC,IAAI,CAAC,MAAM,CAAC,SAAS,CAAC,CAAC,CAAC,CAAC,SAAS,CAAC;AACtE,CAAC,CAAC;AAEF,KAAK,CAAC,SAAS,CAAC,IAAI,GAAG,UAAa,MAAc;IAC9C,OAAO,IAAI,IAAI,CAAI,QAAQ,CAAI,IAAI,CAAC,CAAC,KAAK,CAAC,IAAI,CAAC,GAAG,CAAC,CAAC,EAAE,MAAM,CAAC,CAAC,CAAC,CAAA;AACpE,CAAC,CAAC;AAEF,KAAK,CAAC,SAAS,CAAC,QAAQ,GAAG,UAAa,MAAc;IAClD,OAAO,IAAI,IAAI,CAAI,QAAQ,CAAI,IAAI,CAAC,CAAC,KAAK,CAAC,CAAC,EAAE,IAAI,CAAC,GAAG,CAAC,CAAC,EAAE,QAAQ,CAAI,IAAI,CAAC,CAAC,MAAM,GAAG,MAAM,CAAC,CAAC,CAAC,CAAA;AAClG,CAAC,CAAC;AAEF,KAAK,CAAC,SAAS,CAAC,SAAS,GAAG,UACxB,SAA4D;IAE5D,OAAO,IAAI,CAAC,IAAI,CACZ,IAAI,CAAC,SAAS,CAAC,EAAE,CAAC,EAAE,CAAC,CAAC,SAAS,CAAC,IAAI,CAAC,SAAS,CAAC,EAAE,CAAC,CAAC,CAAC,CAAC,CAAC,EAAE,EAAE,CAAC,CAAC,CAAC,EAAE,CAAC,EAAE,CAAC,CAAC,CACvE,CAAA;AACL,CAAC,CAAC;AAEF,KAAK,CAAC,SAAS,CAAC,GAAG,GAAG,UAClB,SAA2D;IAE3D,OAAO,SAAS;QACZ,CAAC,CAAC,IAAI,CAAC,MAAM,CAAC,SAAS,CAAC,CAAC,GAAG,EAAE;QAC9B,CAAC,CAAC,IAAI,CAAC,SAAS,CAAC,CAAC,EAAE,EAAE,CAAC,EAAE,EAAE,CAAC,CAAC,EAAE,IAAI,CAAC,CAAC,CAAC,EAAE,CAAC,CAAC,CAAC;AACnD,CAAC,CAAC;AAEF,KAAK,CAAC,SAAS,CAAC,IAAI,GAAG,UAAa,MAAc;IAC9C,OAAO,IAAI,IAAI,CAAI,QAAQ,CAAI,IAAI,CAAC,CAAC,KAAK,CAAC,CAAC,EAAE,IAAI,CAAC,GAAG,CAAC,CAAC,EAAE,MAAM,CAAC,CAAC,CAAC,CAAA;AACvE,CAAC,CAAC;AAEF,KAAK,CAAC,SAAS,CAAC,QAAQ,GAAG,UAAa,MAAc;IAClD,MAAM,GAAG,GAAG,QAAQ,CAAI,IAAI,CAAC,CAAC,MAAM,CAAC;IACrC,OAAO,IAAI,IAAI,CAAI,QAAQ,CAAI,IAAI,CAAC,CAAC,KAAK,CAAC,GAAG,GAAG,MAAM,CAAC,CAAC,CAAC,GAAG,GAAG,MAAM,CAAC,CAAC,CAAC,CAAC,EAAE,GAAG,CAAC,CAAC,CAAC;AACtF,CAAC,CAAC;AAEF,KAAK,CAAC,SAAS,CAAC,SAAS,GAAG,UACxB,SAA4D;IAE5D,OAAO,IAAI,CAAC,IAAI,CACZ,IAAI,CAAC,SAAS,CACV,CAAC,EAAE,EAAE,EAAE,CAAC,CAAC,SAAS,CAAC,IAAI,CAAC,SAAS,CAAC,EAAE,CAAC,CAAC,CAAC,CAAC,CAAC,EAAE,EAAE,CAAC,CAAC,CAAC,EAAE,CAAC,EACnD,CAAC,CACJ,CACJ,CAAC;AACN,CAAC,CAAC;AAEF,KAAK,CAAC,SAAS,CAAC,OAAO,GAAG;IACtB,OAAO,QAAQ,CAAI,IAAI,CAAC,CAAC;AAC7B,CAAC,CAAC;AAEF,KAAK,CAAC,SAAS,CAAC,YAAY,GAAG,UAC3B,GAAqB,EACrB,KAA4B;IAE5B,MAAM,IAAI,GAAE,IAAK,IAAI,CAAmC,IAAI,CAAC,SAAS,CAAC,CAAC,IAAI,EAAE,CAAC,EAAE,CAAC,EAAE,EAAE;QAClF,MAAM,EAAE,GAAG,IAAI,CAAC,MAAM,CAAC,GAAG,CAAC,CAAC,SAAS,CAAC,CAAE,CAAC,CAAC;QAC1C,IAAI;QACA,YAAY;QACZ,EAAE,CAAC,QAAQ,EAAE,CAChB,GAAG,KAAK,CAAC,CAAC,CAAC,IAAI,CAAC,MAAM,CAAC,KAAK,CAAC,CAAC,SAAS,CAAC,CAAE,CAAC,CAAC,CAAC,CAAC,CAAC,CAAA;QAChD,IAAI,CAAC,GAAG,CAAC;YACL,GAAG,EAAE,IAAI,CAAC,MAAM,CAAC,GAAG,CAAC,CAAC,SAAS,CAAC,CAAE,CAAC;YACnC,KAAK,EAAE,KAAK,CAAC,CAAC,CAAC,IAAI,CAAC,MAAM,CAAC,KAAK,CAAC,CAAC,SAAS,CAAC,CAAE,CAAC,CAAC,CAAC,CAAC,CAAC;SACtD,CAAC,CAAA;QACF,OAAO,IAAI,CAAC;IAChB,CAAC,EAAE,KAAK,EAAoC,CAAC,CAAC,CAAC;IAC/C,OAAO,IAAI,CAAC;AAChB,CAAC,CAAA;AAGD,KAAK,CAAC,SAAS,CAAC,MAAM,GAAG;IACrB,OAAO,IAAI,YAAY,IAAI,CAAC,CAAC,CAAC,IAAI,CAAC,CAAC,CAAC,IAAI,IAAI,CAAI,IAAI,CAAC,CAAC;AAC3D,CAAC,CAAC;AAEF,KAAK,CAAC,SAAS,CAAC,QAAQ,GAAG,UACvB,WAA4B,EAC5B,eAAoC;IAEpC,OAAO,IAAI,CAAC,OAAO,CAAC,WAAW,EAAE,eAAe,CAAC,CAAC;AACtD,CAAC,CAAC;AAEF,KAAK,CAAC,SAAS,CAAC,KAAK,GAAG,UAAa,IAAS;IAC1C,OAAO,IAAI,CAAC,MAAM,CAAC,IAAI,CAAC,CAAC,QAAQ,EAAE,CAAC;AACxC,CAAC,CAAC;AAEF,KAAK,CAAC,SAAS,CAAC,KAAK,GAAG,UACpB,SAA0D;IAE1D,OAAO,IAAI,YAAY,IAAI,CAAC,CAAC,CAAC,IAAI,CAAC,KAAK,CAAC,SAAS,CAAC,CAAC,CAAC,CAAC,CAAC,IAAI,IAAI,CAAI,IAAI,CAAC,MAAM,CAAC,SAAS,CAAC,CAAC,CAAC,CAAC;AAChG,CAAC,CAAC;AAEF,KAAK,CAAC,SAAS,CAAC,GAAG,GAAG,UAClB,IAAS,EACT,MAAqC;IAErC,OAAO,IAAI,CAAC,MAAM,GAAG,IAAI,CAAC,KAAK,EAAE;QAC7B,CAAC,CAAC,IAAI,CAAC,MAAM,CAAC,CAAC,CAAC,EAAE,CAAC,EAAE,EAAE,CAAC,MAAM,CAAC,IAAI,CAAC,SAAS,CAAC,CAAC,CAAC,EAAE,CAAC,CAAC,CAAC;QACrD,CAAC,CAAC,IAAI,CAAC,MAAM,CAAC,CAAC,CAAC,EAAE,CAAC,EAAE,EAAE,CAAC,MAAM,CAAC,CAAC,EAAE,IAAI,CAAC,SAAS,CAAC,CAAC,CAAC,CAAC,CAAC,CAAC;AAC9D,CAAC,CAAC;AAIF;;GAEG;AACH,MAAM,KAAK,GAAG,CAAI,CAAI,EAAW,EAAE,CAAC,OAAO,CAAC,KAAK,QAAQ,CAAA;AAEzD,MAAM,QAAQ,GAAG,UACb,GAAkB;IAElB,OAAO,CAAC,GAAG,YAAY,IAAI,CAAC,CAAC,CAAC,CAAC,GAAG,CAAC,MAAM,CAAC,CAAC,CAAC,CAAC,CAAC,GAAG,CAAC,CAAC,CAAA;AACvD,CAAC,CAAA;AAED;;GAEG;AACH,MAAM,KAAK,GAAI,CAAC,CAAM,EAAE,CAAM,EAAW,EAAE,CACvC,MAAM,CAAC,IAAI,CAAC,CAAC,CAAC,CAAC,KAAK,CAChB,GAAG,CAAC,EAAE,CAAC,CAAC,KAAK,CAAC,CAAC,CAAC,GAAG,CAAC,CAAC,CAAC,CAAC,CAAC,KAAK,CAAC,CAAC,CAAC,GAAG,CAAC,EAAE,CAAC,CAAC,GAAG,CAAC,CAAC,CAAC,CAAC,CAAC,CAAC,CAAC,GAAG,CAAC,KAAK,CAAC,CAAC,GAAG,CAAC,CAAC,CACrE,CAAA;AAEL,MAAM,OAAO,GAAG,CACZ,CAAI,EACJ,CAAI,EACJ,YAA6B,EAC7B,UAAoB,EACd,EAAE;IACR,MAAM,QAAQ,GAAG,YAAY,CAAC,CAAC,CAAC,CAAA;IAChC,MAAM,QAAQ,GAAG,YAAY,CAAC,CAAC,CAAC,CAAA;IAChC,IAAI,QAAQ,GAAG,QAAQ,EAAE,CAAC;QACtB,OAAO,CAAC,UAAU,CAAC,CAAC,CAAC,CAAC,CAAC,CAAC,CAAC,CAAC,CAAC,CAAA;IAC/B,CAAC;SAAM,IAAI,QAAQ,GAAG,QAAQ,EAAE,CAAC;QAC7B,OAAO,CAAC,UAAU,CAAC,CAAC,CAAC,CAAC,CAAC,CAAC,CAAC,CAAC,CAAC,CAAA;IAC/B,CAAC;SAAM,CAAC;QACJ,OAAO,CAAC,CAAA;IACZ,CAAC;AACL,CAAC,CAAA;AAGD,MAAM,WAAW,GAAG,CAChB,YAA6B,EAC7B,UAAoB,EACI,EAAE,CAAC,CAAC,CAAI,EAAE,CAAI,EAAE,EAAE,CACtC,OAAO,CAAC,CAAC,EAAE,CAAC,EAAE,YAAY,EAAE,UAAU,CAAC,CAAA;AAE/C,MAAM,gBAAgB,GAAG,CACrB,gBAAwC,EACxC,eAAuC,EACf,EAAE,CAAC,CAAC,CAAI,EAAE,CAAI,EAAE,EAAE,CACtC,gBAAgB,CAAC,CAAC,EAAE,CAAC,CAAC,IAAI,eAAe,CAAC,CAAC,EAAE,CAAC,CAAC,CAAA;AAGvD,MAAM,IAAI;IAGN,YAAY,QAAc,EAAU,SAAkC;QAAlC,cAAS,GAAT,SAAS,CAAyB;QAD/D,WAAM,GAAQ,EAAE,CAAC;QAEpB,IAAI,QAAQ,EAAE,CAAC;YACX,IAAI,CAAC,MAAM,GAAG,QAAQ,CAAC;QAC3B,CAAC;QACD,IAAI,IAAI,CAAC,SAAS,EAAE,CAAC;YACjB,OAAO,CAAC,IAAI,CAAC,IAAI,CAAC,MAAM,EAAE,IAAI,CAAC,SAAS,CAAC,CAAA;QAC7C,CAAC;IACL,CAAC;IAED;;;OAGG;IACI,MAAM,CAAC,WAA4B;QACtC,OAAO,IAAI,IAAI,CACX,QAAQ,CAAI,IAAI,CAAC,EACjB,gBAAgB,CAAC,IAAI,CAAC,SAAU,EAAE,WAAW,CAAC,WAAW,EAAE,KAAK,CAAC,CAAC,CACrE,CAAA;IACL,CAAC;IAED;;;OAGG;IACI,gBAAgB,CAAC,WAA4B;QAChD,OAAO,IAAI,IAAI,CACX,QAAQ,CAAI,IAAI,CAAC,EACjB,gBAAgB,CAAC,IAAI,CAAC,SAAU,EAAE,WAAW,CAAC,WAAW,EAAE,IAAI,CAAC,CAAC,CACpE,CAAA;IACL,CAAC;IAED,GAAG,CAAC,OAAU;QACV,OAAO,IAAI,CAAC,MAAM,CAAC,GAAG,CAAC,OAAO,CAAC,CAAC;IACpC,CAAC;IACD,QAAQ,CAAC,QAAa;QAClB,OAAO,IAAI,CAAC,MAAM,CAAC,QAAQ,CAAC,QAAQ,CAAC,CAAC;IAC1C,CAAC;IAAA,CAAC;IACF,SAAS,CAAI,WAAqE,EAAE,YAAgB;QAChG,OAAO,IAAI,CAAC,MAAM,CAAC,SAAS,CAAC,WAAW,EAAE,YAAY,CAAC,CAAC;IAC5D,CAAC;IACD,GAAG,CAAC,SAA0D;QAC1D,OAAO,IAAI,CAAC,MAAM,CAAC,GAAG,CAAC,SAAS,CAAC,CAAC;IACtC,CAAC;IACD,GAAG,CAAC,SAA2D;QAC3D,OAAO,IAAI,CAAC,MAAM,CAAC,GAAG,CAAC,SAAS,CAAC,CAAC;IACtC,CAAC;IACD,MAAM,CAAC,KAAQ;QACX,OAAO,IAAI,CAAC,MAAM,CAAC,MAAM,CAAC,KAAK,CAAC,CAAC;IACrC,CAAC;IACD,OAAO,CAAC,SAAwD;QAC5D,OAAO,IAAI,CAAC,MAAM,CAAC,OAAO,CAAC,SAAS,CAAC,CAAC;IAC1C,CAAC;IACD,IAAI;QACA,OAAO,IAAI,CAAC,MAAM,CAAC,IAAI,EAAK,CAAA;IAChC,CAAC;IACD,MAAM,CAAC,IAAS;QACZ,OAAO,IAAI,CAAC,MAAM,CAAC,MAAM,CAAC,IAAI,CAAC,CAAC;IACpC,CAAC;IACD,QAAQ,CAAC,OAAU;QACf,OAAO,IAAI,CAAC,MAAM,CAAC,QAAQ,CAAC,OAAO,CAAC,CAAC;IACzC,CAAC;IACD,KAAK,CAAC,SAA2D;QAC7D,OAAO,IAAI,CAAC,MAAM,CAAC,KAAK,CAAC,SAAS,CAAC,CAAC;IACxC,CAAC;IACD,cAAc,CAAC,YAAgB;QAC3B,OAAO,IAAI,CAAC,MAAM,CAAC,cAAc,CAAC,YAAY,CAAC,CAAC;IACpD,CAAC;IACD,QAAQ;QACJ,OAAO,IAAI,CAAC,MAAM,CAAC,QAAQ,EAAE,CAAC;IAClC,CAAC;IACD,UAAU,CAAC,WAA4B;QACnC,OAAO,IAAI,CAAC,MAAM,CAAC,UAAU,CAAC,WAAW,CAAC,CAAC;IAC/C,CAAC;IACD,SAAS,CAAC,KAAa;QACnB,OAAO,IAAI,CAAC,MAAM,CAAC,SAAS,CAAC,KAAK,CAAC,CAAC;IACxC,CAAC;IACD,kBAAkB,CAAC,KAAa;QAC5B,OAAO,IAAI,CAAC,MAAM,CAAC,kBAAkB,CAAC,KAAK,CAAC,CAAC;IACjD,CAAC;IACD,MAAM,CAAC,MAAW;QACd,OAAO,IAAI,CAAC,MAAM,CAAC,MAAM,CAAC,MAAM,CAAC,CAAC;IACtC,CAAC;IACD,OAAO,CAAC,SAA2D;QAC/D,OAAO,IAAI,CAAC,MAAM,CAAC,OAAO,CAAC,SAAS,CAAC,CAAC;IAC1C,CAAC;IACD,KAAK,CAAC,SAA2D;QAC7D,OAAO,IAAI,CAAC,MAAM,CAAC,KAAK,CAAC,SAAS,CAAC,CAAC;IACxC,CAAC;IACD,cAAc,CAAC,SAA2D;QACtE,OAAO,IAAI,CAAC,MAAM,CAAC,cAAc,CAAC,SAAS,CAAC,CAAC;IACjD,CAAC;IACD,OAAO,CAAC,MAAmD;QACvD,OAAO,IAAI,CAAC,MAAM,CAAC,OAAO,CAAC,MAAM,CAAC,CAAC;IACvC,CAAC;IACD,OAAO,CAAc,OAAwB,EAAE,MAAgC;QAC3E,OAAO,MAAM,CAAC,CAAC,CAAC,IAAI,CAAC,MAAM,CAAC,OAAO,CAAC,OAAO,EAAE,MAAM,CAAC,CAAA,CAAC,CAAA,IAAI,CAAC,MAAM,CAAC,OAAO,CAAC,OAAO,CAAC,CAAC;IACtF,CAAC;IACD,SAAS,CAAI,IAAS,EAAE,IAAmB,EAAE,IAAmB,EAAE,MAAsC;QACpG,OAAO,IAAI,CAAC,MAAM,CAAC,SAAS,CAAC,IAAI,EAAE,IAAI,EAAE,IAAI,EAAE,MAAM,CAAC,CAAC;IAC3D,CAAC;IACD,QAAQ,CAAC,KAAa,EAAE,KAAa;QACjC,OAAO,IAAI,CAAC,MAAM,CAAC,QAAQ,CAAC,KAAK,EAAE,KAAK,CAAC,CAAC;IAC9C,CAAC;IACD,OAAO,CAAC,OAAU;QACd,OAAO,IAAI,CAAC,MAAM,CAAC,OAAO,CAAC,OAAO,CAAC,CAAC;IACxC,CAAC;IACD,MAAM,CAAC,KAAa,EAAE,OAAU;QAC5B,OAAO,IAAI,CAAC,MAAM,CAAC,MAAM,CAAC,KAAK,EAAE,OAAO,CAAC,CAAC;IAC9C,CAAC;IACD,WAAW,CAAC,KAAa,EAAE,KAAU;QACjC,OAAO,IAAI,CAAC,MAAM,CAAC,WAAW,CAAC,KAAK,EAAE,KAAK,CAAC,CAAC;IACjD,CAAC;IACD,SAAS,CAAC,MAAW;QACjB,OAAO,IAAI,CAAC,MAAM,CAAC,SAAS,CAAC,MAAM,CAAC,CAAC;IACzC,CAAC;IACD,IAAI,CAAI,IAAc,EAAE,IAAqB,EAAE,IAAqB,EAAE,MAAoC;QACtG,OAAO,IAAI,CAAC,MAAM,CAAC,IAAI,CAAC,IAAI,EAAE,IAAI,EAAE,IAAI,EAAE,MAAM,CAAC,CAAC;IACtD,CAAC;IACD,IAAI,CAAC,SAA2D;QAC5D,OAAO,IAAI,CAAC,MAAM,CAAC,IAAI,CAAC,SAAS,CAAC,CAAC;IACvC,CAAC;IACD,aAAa,CAAC,SAA2D;QACrE,OAAO,IAAI,CAAC,MAAM,CAAC,aAAa,CAAC,SAAS,CAAC,CAAC;IAChD,CAAC;IACD,GAAG,CAAC,QAA0D;QAC1D,OAAO,IAAI,CAAC,MAAM,CAAC,GAAG,CAAC,QAAQ,CAAC,CAAC;IACrC,CAAC;IACD,KAAK,CAAC,WAA4B;QAC9B,OAAO,IAAI,CAAC,MAAM,CAAC,KAAK,CAAC,WAAW,CAAC,CAAC;IAC1C,CAAC;IACD,GAAG,CAAC,QAA0D;QAC1D,OAAO,IAAI,CAAC,MAAM,CAAC,GAAG,CAAC,QAAQ,CAAC,CAAA;IACpC,CAAC;IACD,KAAK,CAAC,WAA4B;QAC9B,OAAO,IAAI,CAAC,MAAM,CAAC,KAAK,CAAC,WAAW,CAAC,CAAA;IACzC,CAAC;IACD,MAAM,CAAI,IAAS;QACf,OAAO,IAAI,CAAC,MAAM,CAAC,MAAM,CAAC,IAAI,CAAC,CAAA;IACnC,CAAC;IACD,OAAO,CAAC,WAA4B,EAAE,WAAsB;QACxD,OAAO,IAAI,CAAC,MAAM,CAAC,OAAO,CAAC,WAAW,EAAE,WAAW,CAAC,CAAA;IACxD,CAAC;IACD,iBAAiB,CAAC,WAA4B;QAC1C,OAAO,IAAI,CAAC,MAAM,CAAC,iBAAiB,CAAC,WAAW,CAAC,CAAA;IACrD,CAAC;IACD,OAAO,CAAC,KAAQ;QACZ,OAAO,IAAI,CAAC,MAAM,CAAC,OAAO,CAAC,KAAK,CAAC,CAAA;IACrC,CAAC;IACD,MAAM,CAAC,OAAU;QACb,OAAO,IAAI,CAAC,MAAM,CAAC,MAAM,CAAC,OAAO,CAAC,CAAA;IACtC,CAAC;IACD,SAAS,CAAC,SAA2D;QACjE,OAAO,IAAI,CAAC,MAAM,CAAC,SAAS,CAAC,SAAS,CAAC,CAAA;IAC3C,CAAC;IACD,QAAQ,CAAC,KAAa;QAClB,OAAO,IAAI,CAAC,MAAM,CAAC,QAAQ,CAAC,KAAK,CAAC,CAAA;IACtC,CAAC;IACD,WAAW,CAAC,KAAa,EAAE,KAAa;QACpC,OAAO,IAAI,CAAC,MAAM,CAAC,WAAW,CAAC,KAAK,EAAE,KAAK,CAAC,CAAA;IAChD,CAAC;IACD,OAAO;QACH,IAAI,CAAC,MAAM,CAAC,OAAO,EAAE,CAAA;IACzB,CAAC;IACD,MAAM,CAAO,QAA6C;QACtD,OAAO,IAAI,CAAC,MAAM,CAAC,MAAM,CAAC,QAAQ,CAAC,CAAA;IACvC,CAAC;IACD,UAAU,CAAqB,QAA6C;QACxE,OAAO,IAAI,CAAC,MAAM,CAAC,UAAU,CAAC,QAAQ,CAAC,CAAA;IAC3C,CAAC;IACD,aAAa,CAAC,IAAS;QACnB,OAAO,IAAI,CAAC,MAAM,CAAC,aAAa,CAAC,IAAI,CAAC,CAAA;IAC1C,CAAC;IACD,MAAM,CAAC,SAA2D;QAC9D,OAAO,IAAI,CAAC,MAAM,CAAC,MAAM,CAAC,SAAS,CAAC,CAAA;IACxC,CAAC;IACD,eAAe,CAAC,SAA2D;QACvE,OAAO,IAAI,CAAC,MAAM,CAAC,eAAe,CAAC,SAAS,CAAC,CAAA;IACjD,CAAC;IACD,IAAI,CAAC,MAAc;QACf,OAAO,IAAI,CAAC,MAAM,CAAC,IAAI,CAAC,MAAM,CAAC,CAAA;IACnC,CAAC;IACD,QAAQ,CAAC,MAAc;QACnB,OAAO,IAAI,CAAC,MAAM,CAAC,QAAQ,CAAC,MAAM,CAAC,CAAA;IACvC,CAAC;IACD,SAAS,CAAC,SAA4D;QAClE,OAAO,IAAI,CAAC,MAAM,CAAC,SAAS,CAAC,SAAS,CAAC,CAAA;IAC3C,CAAC;IACD,GAAG,CAAC,SAA2D;QAC3D,OAAO,IAAI,CAAC,MAAM,CAAC,GAAG,CAAC,SAAS,CAAC,CAAA;IACrC,CAAC;IACD,IAAI,CAAC,MAAc;QACf,OAAO,IAAI,CAAC,MAAM,CAAC,IAAI,CAAC,MAAM,CAAC,CAAA;IACnC,CAAC;IACD,QAAQ,CAAC,MAAc;QACnB,OAAO,IAAI,CAAC,MAAM,CAAC,QAAQ,CAAC,MAAM,CAAC,CAAA;IACvC,CAAC;IACD,SAAS,CAAC,SAA4D;QAClE,OAAO,IAAI,CAAC,MAAM,CAAC,SAAS,CAAC,SAAS,CAAC,CAAA;IAC3C,CAAC;IACD,OAAO;QACH,OAAO,IAAI,CAAC,MAAM,CAAC;IACvB,CAAC;IACD,YAAY,CAAe,GAAqB,EAAE,KAA4B;QAC1E,OAAO,IAAI,CAAC,MAAM,CAAC,YAAY,CAAC,GAAG,EAAE,KAAK,CAAC,CAAA;IAC/C,CAAC;IACD,MAAM;QACF,OAAO,IAAI,IAAI,CAAI,IAAI,CAAC,MAAM,CAAC,CAAC;IACpC,CAAC;IACD,QAAQ,CAAC,WAA4B,EAAE,eAAoC;QACvE,OAAO,IAAI,CAAC,MAAM,CAAC,QAAQ,CAAC,WAAW,EAAE,eAAe,CAAC,CAAA;IAC7D,CAAC;IACD,KAAK,CAAC,IAAS;QACX,OAAO,IAAI,CAAC,MAAM,CAAC,KAAK,CAAC,IAAI,CAAC,CAAA;IAClC,CAAC;IACD,KAAK,CAAC,SAA0D;QAC5D,OAAO,IAAI,CAAC,MAAM,CAAC,KAAK,CAAC,SAAS,CAAC,CAAA;IACvC,CAAC;IACD,GAAG,CAAU,IAAS,EAAE,MAAqC;QACzD,OAAO,IAAI,CAAC,MAAM,CAAC,GAAG,CAAC,IAAI,EAAE,MAAM,CAAC,CAAA;IACxC,CAAC;CACJ;AAED,MAAM,UAAU;IACZ;;OAEG;IACI,MAAM,CAAC,KAAK,CAAC,KAAa,EAAE,KAAa;QAC5C,IAAI,MAAM,GAAG,IAAI,IAAI,EAAU,CAAA;QAC/B,OAAO,KAAK,EAAE,EAAE,CAAC;YACb,MAAM,CAAC,GAAG,CAAC,KAAK,EAAE,CAAC,CAAA;QACvB,CAAC;QACD,OAAO,MAAM,CAAA;IACjB,CAAC;IAED;;OAEG;IACI,MAAM,CAAC,MAAM,CAAI,OAAU,EAAE,KAAa;QAC7C,IAAI,MAAM,GAAG,IAAI,IAAI,EAAK,CAAA;QAC1B,OAAO,KAAK,EAAE,EAAE,CAAC;YACb,MAAM,CAAC,GAAG,CAAC,OAAO,CAAC,CAAA;QACvB,CAAC;QACD,OAAO,MAAM,CAAA;IACjB,CAAC;CACJ"},"_coverageSchema":"1a1c01bbd47fc00a2c39e90264f33305004495a9","hash":"a4f1ae96739fd638f17d69bb6d9f35dfa98da1d3","contentHash":"623cfe66d35cbc681a49f12b5001f52f841767c88b14b8bfc618fde1a3004997"}}