{"/home/misha/repos/Linq-Typed/dist/test.js":{"path":"/home/misha/repos/Linq-Typed/dist/test.js","statementMap":{"0":{"start":{"line":2,"column":0},"end":{"line":2,"column":62}},"1":{"start":{"line":3,"column":14},"end":{"line":3,"column":28}},"2":{"start":{"line":4,"column":0},"end":{"line":4,"column":22}},"3":{"start":{"line":5,"column":0},"end":{"line":5,"column":13}},"4":{"start":{"line":8,"column":8},"end":{"line":8,"column":33}},"5":{"start":{"line":9,"column":8},"end":{"line":9,"column":31}},"6":{"start":{"line":10,"column":8},"end":{"line":10,"column":47}},"7":{"start":{"line":15,"column":8},"end":{"line":15,"column":29}},"8":{"start":{"line":16,"column":8},"end":{"line":16,"column":27}},"9":{"start":{"line":21,"column":8},"end":{"line":21,"column":29}},"10":{"start":{"line":22,"column":8},"end":{"line":22,"column":27}},"11":{"start":{"line":23,"column":8},"end":{"line":23,"column":31}},"12":{"start":{"line":24,"column":8},"end":{"line":24,"column":41}},"13":{"start":{"line":29,"column":8},"end":{"line":29,"column":22}},"14":{"start":{"line":34,"column":8},"end":{"line":34,"column":25}},"15":{"start":{"line":35,"column":8},"end":{"line":35,"column":25}},"16":{"start":{"line":40,"column":8},"end":{"line":40,"column":33}},"17":{"start":{"line":41,"column":8},"end":{"line":41,"column":33}},"18":{"start":{"line":44,"column":0},"end":{"line":48,"column":3}},"19":{"start":{"line":45,"column":17},"end":{"line":45,"column":19}},"20":{"start":{"line":46,"column":4},"end":{"line":46,"column":20}},"21":{"start":{"line":47,"column":4},"end":{"line":47,"column":30}},"22":{"start":{"line":49,"column":0},"end":{"line":53,"column":3}},"23":{"start":{"line":50,"column":17},"end":{"line":50,"column":19}},"24":{"start":{"line":51,"column":4},"end":{"line":51,"column":43}},"25":{"start":{"line":52,"column":4},"end":{"line":52,"column":57}},"26":{"start":{"line":54,"column":0},"end":{"line":59,"column":3}},"27":{"start":{"line":55,"column":21},"end":{"line":55,"column":66}},"28":{"start":{"line":56,"column":21},"end":{"line":56,"column":67}},"29":{"start":{"line":57,"column":18},"end":{"line":57,"column":37}},"30":{"start":{"line":58,"column":4},"end":{"line":58,"column":97}},"31":{"start":{"line":58,"column":52},"end":{"line":58,"column":80}},"32":{"start":{"line":60,"column":0},"end":{"line":69,"column":3}},"33":{"start":{"line":61,"column":17},"end":{"line":65,"column":5}},"34":{"start":{"line":68,"column":4},"end":{"line":68,"column":55}},"35":{"start":{"line":68,"column":28},"end":{"line":68,"column":52}},"36":{"start":{"line":70,"column":0},"end":{"line":79,"column":3}},"37":{"start":{"line":71,"column":17},"end":{"line":75,"column":5}},"38":{"start":{"line":77,"column":4},"end":{"line":77,"column":63}},"39":{"start":{"line":77,"column":25},"end":{"line":77,"column":60}},"40":{"start":{"line":78,"column":4},"end":{"line":78,"column":23}},"41":{"start":{"line":80,"column":0},"end":{"line":86,"column":3}},"42":{"start":{"line":81,"column":17},"end":{"line":81,"column":19}},"43":{"start":{"line":82,"column":4},"end":{"line":82,"column":43}},"44":{"start":{"line":83,"column":4},"end":{"line":83,"column":24}},"45":{"start":{"line":84,"column":4},"end":{"line":84,"column":58}},"46":{"start":{"line":85,"column":4},"end":{"line":85,"column":80}},"47":{"start":{"line":87,"column":0},"end":{"line":96,"column":3}},"48":{"start":{"line":88,"column":19},"end":{"line":88,"column":40}},"49":{"start":{"line":89,"column":19},"end":{"line":93,"column":5}},"50":{"start":{"line":94,"column":4},"end":{"line":94,"column":33}},"51":{"start":{"line":95,"column":4},"end":{"line":95,"column":41}},"52":{"start":{"line":95,"column":29},"end":{"line":95,"column":34}},"53":{"start":{"line":97,"column":0},"end":{"line":106,"column":3}},"54":{"start":{"line":98,"column":17},"end":{"line":101,"column":5}},"55":{"start":{"line":102,"column":17},"end":{"line":102,"column":38}},"56":{"start":{"line":103,"column":4},"end":{"line":103,"column":53}},"57":{"start":{"line":104,"column":4},"end":{"line":104,"column":39}},"58":{"start":{"line":105,"column":4},"end":{"line":105,"column":53}},"59":{"start":{"line":107,"column":0},"end":{"line":134,"column":3}},"60":{"start":{"line":108,"column":17},"end":{"line":112,"column":5}},"61":{"start":{"line":113,"column":17},"end":{"line":117,"column":5}},"62":{"start":{"line":118,"column":21},"end":{"line":125,"column":5}},"63":{"start":{"line":126,"column":4},"end":{"line":128,"column":30}},"64":{"start":{"line":129,"column":4},"end":{"line":133,"column":7}},"65":{"start":{"line":135,"column":0},"end":{"line":145,"column":3}},"66":{"start":{"line":136,"column":19},"end":{"line":143,"column":5}},"67":{"start":{"line":144,"column":4},"end":{"line":144,"column":37}},"68":{"start":{"line":146,"column":0},"end":{"line":157,"column":3}},"69":{"start":{"line":147,"column":19},"end":{"line":154,"column":5}},"70":{"start":{"line":155,"column":4},"end":{"line":155,"column":28}},"71":{"start":{"line":156,"column":4},"end":{"line":156,"column":45}},"72":{"start":{"line":156,"column":27},"end":{"line":156,"column":39}},"73":{"start":{"line":158,"column":0},"end":{"line":170,"column":3}},"74":{"start":{"line":159,"column":17},"end":{"line":163,"column":5}},"75":{"start":{"line":164,"column":4},"end":{"line":167,"column":53}},"76":{"start":{"line":166,"column":23},"end":{"line":166,"column":31}},"77":{"start":{"line":168,"column":20},"end":{"line":168,"column":22}},"78":{"start":{"line":169,"column":4},"end":{"line":169,"column":58}},"79":{"start":{"line":171,"column":0},"end":{"line":187,"column":3}},"80":{"start":{"line":172,"column":17},"end":{"line":172,"column":49}},"81":{"start":{"line":173,"column":17},"end":{"line":179,"column":5}},"82":{"start":{"line":180,"column":21},"end":{"line":184,"column":5}},"83":{"start":{"line":185,"column":4},"end":{"line":185,"column":61}},"84":{"start":{"line":186,"column":4},"end":{"line":186,"column":53}},"85":{"start":{"line":188,"column":0},"end":{"line":201,"column":3}},"86":{"start":{"line":189,"column":17},"end":{"line":194,"column":5}},"87":{"start":{"line":195,"column":19},"end":{"line":199,"column":5}},"88":{"start":{"line":200,"column":4},"end":{"line":200,"column":67}},"89":{"start":{"line":200,"column":39},"end":{"line":200,"column":46}},"90":{"start":{"line":202,"column":0},"end":{"line":208,"column":3}},"91":{"start":{"line":203,"column":14},"end":{"line":203,"column":43}},"92":{"start":{"line":204,"column":4},"end":{"line":204,"column":32}},"93":{"start":{"line":205,"column":4},"end":{"line":207,"column":7}},"94":{"start":{"line":205,"column":19},"end":{"line":205,"column":33}},"95":{"start":{"line":209,"column":0},"end":{"line":213,"column":3}},"96":{"start":{"line":210,"column":14},"end":{"line":210,"column":43}},"97":{"start":{"line":211,"column":4},"end":{"line":211,"column":41}},"98":{"start":{"line":212,"column":4},"end":{"line":212,"column":45}},"99":{"start":{"line":214,"column":0},"end":{"line":218,"column":3}},"100":{"start":{"line":215,"column":21},"end":{"line":215,"column":51}},"101":{"start":{"line":216,"column":21},"end":{"line":216,"column":31}},"102":{"start":{"line":217,"column":4},"end":{"line":217,"column":73}},"103":{"start":{"line":219,"column":0},"end":{"line":225,"column":3}},"104":{"start":{"line":220,"column":4},"end":{"line":220,"column":55}},"105":{"start":{"line":221,"column":4},"end":{"line":221,"column":47}},"106":{"start":{"line":221,"column":36},"end":{"line":221,"column":41}},"107":{"start":{"line":222,"column":4},"end":{"line":224,"column":7}},"108":{"start":{"line":222,"column":19},"end":{"line":222,"column":29}},"109":{"start":{"line":226,"column":0},"end":{"line":229,"column":3}},"110":{"start":{"line":227,"column":4},"end":{"line":227,"column":64}},"111":{"start":{"line":228,"column":4},"end":{"line":228,"column":41}},"112":{"start":{"line":230,"column":0},"end":{"line":235,"column":3}},"113":{"start":{"line":231,"column":18},"end":{"line":231,"column":55}},"114":{"start":{"line":232,"column":15},"end":{"line":232,"column":17}},"115":{"start":{"line":233,"column":4},"end":{"line":233,"column":52}},"116":{"start":{"line":233,"column":29},"end":{"line":233,"column":49}},"117":{"start":{"line":234,"column":4},"end":{"line":234,"column":52}},"118":{"start":{"line":236,"column":0},"end":{"line":249,"column":3}},"119":{"start":{"line":237,"column":17},"end":{"line":242,"column":5}},"120":{"start":{"line":243,"column":19},"end":{"line":247,"column":5}},"121":{"start":{"line":248,"column":4},"end":{"line":248,"column":71}},"122":{"start":{"line":248,"column":36},"end":{"line":248,"column":43}},"123":{"start":{"line":248,"column":52},"end":{"line":248,"column":60}},"124":{"start":{"line":250,"column":0},"end":{"line":273,"column":3}},"125":{"start":{"line":251,"column":19},"end":{"line":251,"column":58}},"126":{"start":{"line":252,"column":18},"end":{"line":252,"column":54}},"127":{"start":{"line":253,"column":22},"end":{"line":253,"column":62}},"128":{"start":{"line":254,"column":19},"end":{"line":254,"column":60}},"129":{"start":{"line":255,"column":18},"end":{"line":255,"column":58}},"130":{"start":{"line":256,"column":21},"end":{"line":256,"column":68}},"131":{"start":{"line":257,"column":18},"end":{"line":257,"column":59}},"132":{"start":{"line":258,"column":19},"end":{"line":258,"column":45}},"133":{"start":{"line":259,"column":17},"end":{"line":259,"column":49}},"134":{"start":{"line":263,"column":18},"end":{"line":266,"column":7}},"135":{"start":{"line":263,"column":51},"end":{"line":263,"column":57}},"136":{"start":{"line":263,"column":66},"end":{"line":263,"column":75}},"137":{"start":{"line":263,"column":105},"end":{"line":266,"column":5}},"138":{"start":{"line":265,"column":42},"end":{"line":265,"column":50}},"139":{"start":{"line":267,"column":21},"end":{"line":271,"column":5}},"140":{"start":{"line":272,"column":4},"end":{"line":272,"column":100}},"141":{"start":{"line":272,"column":36},"end":{"line":272,"column":77}},"142":{"start":{"line":274,"column":0},"end":{"line":290,"column":3}},"143":{"start":{"line":275,"column":19},"end":{"line":282,"column":5}},"144":{"start":{"line":283,"column":19},"end":{"line":283,"column":72}},"145":{"start":{"line":284,"column":18},"end":{"line":284,"column":71}},"146":{"start":{"line":285,"column":21},"end":{"line":285,"column":77}},"147":{"start":{"line":286,"column":17},"end":{"line":286,"column":42}},"148":{"start":{"line":287,"column":4},"end":{"line":287,"column":38}},"149":{"start":{"line":288,"column":4},"end":{"line":288,"column":43}},"150":{"start":{"line":289,"column":4},"end":{"line":289,"column":33}},"151":{"start":{"line":291,"column":0},"end":{"line":308,"column":3}},"152":{"start":{"line":292,"column":17},"end":{"line":296,"column":5}},"153":{"start":{"line":297,"column":17},"end":{"line":297,"column":50}},"154":{"start":{"line":298,"column":4},"end":{"line":298,"column":27}},"155":{"start":{"line":299,"column":4},"end":{"line":299,"column":38}},"156":{"start":{"line":300,"column":4},"end":{"line":300,"column":31}},"157":{"start":{"line":301,"column":4},"end":{"line":301,"column":30}},"158":{"start":{"line":302,"column":4},"end":{"line":304,"column":7}},"159":{"start":{"line":302,"column":19},"end":{"line":302,"column":42}},"160":{"start":{"line":305,"column":4},"end":{"line":307,"column":7}},"161":{"start":{"line":305,"column":19},"end":{"line":305,"column":56}},"162":{"start":{"line":309,"column":0},"end":{"line":334,"column":3}},"163":{"start":{"line":310,"column":17},"end":{"line":314,"column":5}},"164":{"start":{"line":315,"column":19},"end":{"line":321,"column":5}},"165":{"start":{"line":322,"column":20},"end":{"line":325,"column":5}},"166":{"start":{"line":326,"column":4},"end":{"line":326,"column":35}},"167":{"start":{"line":327,"column":4},"end":{"line":327,"column":30}},"168":{"start":{"line":328,"column":4},"end":{"line":330,"column":7}},"169":{"start":{"line":328,"column":19},"end":{"line":328,"column":50}},"170":{"start":{"line":331,"column":4},"end":{"line":333,"column":7}},"171":{"start":{"line":331,"column":19},"end":{"line":331,"column":64}},"172":{"start":{"line":335,"column":0},"end":{"line":341,"column":3}},"173":{"start":{"line":336,"column":16},"end":{"line":336,"column":40}},"174":{"start":{"line":337,"column":16},"end":{"line":337,"column":43}},"175":{"start":{"line":338,"column":4},"end":{"line":338,"column":45}},"176":{"start":{"line":338,"column":37},"end":{"line":338,"column":38}},"177":{"start":{"line":339,"column":21},"end":{"line":339,"column":29}},"178":{"start":{"line":340,"column":4},"end":{"line":340,"column":56}},"179":{"start":{"line":342,"column":0},"end":{"line":363,"column":3}},"180":{"start":{"line":343,"column":19},"end":{"line":343,"column":58}},"181":{"start":{"line":344,"column":18},"end":{"line":344,"column":54}},"182":{"start":{"line":345,"column":22},"end":{"line":345,"column":62}},"183":{"start":{"line":346,"column":19},"end":{"line":346,"column":60}},"184":{"start":{"line":347,"column":18},"end":{"line":347,"column":58}},"185":{"start":{"line":348,"column":21},"end":{"line":348,"column":68}},"186":{"start":{"line":349,"column":18},"end":{"line":349,"column":59}},"187":{"start":{"line":350,"column":20},"end":{"line":350,"column":46}},"188":{"start":{"line":351,"column":17},"end":{"line":351,"column":49}},"189":{"start":{"line":355,"column":18},"end":{"line":355,"column":133}},"190":{"start":{"line":355,"column":46},"end":{"line":355,"column":52}},"191":{"start":{"line":355,"column":61},"end":{"line":355,"column":70}},"192":{"start":{"line":355,"column":90},"end":{"line":355,"column":131}},"193":{"start":{"line":356,"column":21},"end":{"line":361,"column":5}},"194":{"start":{"line":362,"column":4},"end":{"line":362,"column":90}},"195":{"start":{"line":362,"column":36},"end":{"line":362,"column":67}},"196":{"start":{"line":364,"column":0},"end":{"line":370,"column":3}},"197":{"start":{"line":365,"column":4},"end":{"line":365,"column":54}},"198":{"start":{"line":366,"column":4},"end":{"line":366,"column":46}},"199":{"start":{"line":366,"column":35},"end":{"line":366,"column":40}},"200":{"start":{"line":367,"column":4},"end":{"line":369,"column":7}},"201":{"start":{"line":367,"column":19},"end":{"line":367,"column":28}},"202":{"start":{"line":371,"column":0},"end":{"line":374,"column":3}},"203":{"start":{"line":372,"column":4},"end":{"line":372,"column":63}},"204":{"start":{"line":373,"column":4},"end":{"line":373,"column":40}},"205":{"start":{"line":375,"column":0},"end":{"line":383,"column":3}},"206":{"start":{"line":376,"column":19},"end":{"line":380,"column":5}},"207":{"start":{"line":381,"column":4},"end":{"line":381,"column":37}},"208":{"start":{"line":381,"column":25},"end":{"line":381,"column":30}},"209":{"start":{"line":382,"column":4},"end":{"line":382,"column":35}},"210":{"start":{"line":384,"column":0},"end":{"line":393,"column":3}},"211":{"start":{"line":385,"column":19},"end":{"line":389,"column":5}},"212":{"start":{"line":390,"column":4},"end":{"line":390,"column":43}},"213":{"start":{"line":390,"column":27},"end":{"line":390,"column":32}},"214":{"start":{"line":391,"column":4},"end":{"line":391,"column":47}},"215":{"start":{"line":391,"column":27},"end":{"line":391,"column":32}},"216":{"start":{"line":392,"column":4},"end":{"line":392,"column":43}},"217":{"start":{"line":392,"column":36},"end":{"line":392,"column":37}},"218":{"start":{"line":394,"column":0},"end":{"line":402,"column":3}},"219":{"start":{"line":395,"column":19},"end":{"line":399,"column":5}},"220":{"start":{"line":400,"column":4},"end":{"line":400,"column":37}},"221":{"start":{"line":400,"column":25},"end":{"line":400,"column":30}},"222":{"start":{"line":401,"column":4},"end":{"line":401,"column":35}},"223":{"start":{"line":403,"column":0},"end":{"line":411,"column":3}},"224":{"start":{"line":404,"column":19},"end":{"line":408,"column":5}},"225":{"start":{"line":409,"column":4},"end":{"line":409,"column":46}},"226":{"start":{"line":409,"column":27},"end":{"line":409,"column":32}},"227":{"start":{"line":410,"column":4},"end":{"line":410,"column":41}},"228":{"start":{"line":410,"column":34},"end":{"line":410,"column":35}},"229":{"start":{"line":412,"column":0},"end":{"line":427,"column":3}},"230":{"start":{"line":413,"column":17},"end":{"line":416,"column":5}},"231":{"start":{"line":417,"column":21},"end":{"line":417,"column":47}},"232":{"start":{"line":418,"column":4},"end":{"line":418,"column":45}},"233":{"start":{"line":419,"column":4},"end":{"line":419,"column":45}},"234":{"start":{"line":420,"column":4},"end":{"line":420,"column":46}},"235":{"start":{"line":421,"column":4},"end":{"line":421,"column":47}},"236":{"start":{"line":422,"column":4},"end":{"line":422,"column":38}},"237":{"start":{"line":423,"column":4},"end":{"line":426,"column":26}},"238":{"start":{"line":428,"column":0},"end":{"line":434,"column":3}},"239":{"start":{"line":429,"column":19},"end":{"line":429,"column":37}},"240":{"start":{"line":430,"column":21},"end":{"line":430,"column":39}},"241":{"start":{"line":431,"column":4},"end":{"line":431,"column":60}},"242":{"start":{"line":431,"column":36},"end":{"line":431,"column":37}},"243":{"start":{"line":432,"column":4},"end":{"line":432,"column":130}},"244":{"start":{"line":432,"column":72},"end":{"line":432,"column":73}},"245":{"start":{"line":433,"column":4},"end":{"line":433,"column":44}},"246":{"start":{"line":435,"column":0},"end":{"line":449,"column":3}},"247":{"start":{"line":436,"column":19},"end":{"line":436,"column":37}},"248":{"start":{"line":437,"column":4},"end":{"line":444,"column":7}},"249":{"start":{"line":437,"column":46},"end":{"line":437,"column":47}},"250":{"start":{"line":445,"column":4},"end":{"line":447,"column":64}},"251":{"start":{"line":446,"column":32},"end":{"line":446,"column":33}},"252":{"start":{"line":448,"column":4},"end":{"line":448,"column":44}},"253":{"start":{"line":450,"column":0},"end":{"line":456,"column":3}},"254":{"start":{"line":451,"column":17},"end":{"line":451,"column":19}},"255":{"start":{"line":452,"column":4},"end":{"line":452,"column":43}},"256":{"start":{"line":453,"column":4},"end":{"line":453,"column":25}},"257":{"start":{"line":454,"column":4},"end":{"line":454,"column":58}},"258":{"start":{"line":455,"column":4},"end":{"line":455,"column":81}},"259":{"start":{"line":457,"column":0},"end":{"line":497,"column":3}},"260":{"start":{"line":458,"column":19},"end":{"line":467,"column":5}},"261":{"start":{"line":470,"column":21},"end":{"line":479,"column":5}},"262":{"start":{"line":480,"column":4},"end":{"line":483,"column":30}},"263":{"start":{"line":481,"column":26},"end":{"line":481,"column":38}},"264":{"start":{"line":482,"column":25},"end":{"line":482,"column":30}},"265":{"start":{"line":484,"column":4},"end":{"line":493,"column":7}},"266":{"start":{"line":494,"column":25},"end":{"line":494,"column":43}},"267":{"start":{"line":496,"column":4},"end":{"line":496,"column":75}},"268":{"start":{"line":496,"column":47},"end":{"line":496,"column":48}},"269":{"start":{"line":499,"column":0},"end":{"line":512,"column":3}},"270":{"start":{"line":500,"column":12},"end":{"line":500,"column":32}},"271":{"start":{"line":501,"column":12},"end":{"line":501,"column":32}},"272":{"start":{"line":502,"column":12},"end":{"line":502,"column":32}},"273":{"start":{"line":503,"column":19},"end":{"line":503,"column":28}},"274":{"start":{"line":504,"column":17},"end":{"line":508,"column":18}},"275":{"start":{"line":505,"column":22},"end":{"line":505,"column":25}},"276":{"start":{"line":506,"column":21},"end":{"line":506,"column":24}},"277":{"start":{"line":507,"column":21},"end":{"line":507,"column":24}},"278":{"start":{"line":509,"column":4},"end":{"line":509,"column":23}},"279":{"start":{"line":510,"column":4},"end":{"line":510,"column":23}},"280":{"start":{"line":511,"column":4},"end":{"line":511,"column":23}},"281":{"start":{"line":513,"column":0},"end":{"line":558,"column":3}},"282":{"start":{"line":514,"column":19},"end":{"line":523,"column":5}},"283":{"start":{"line":526,"column":21},"end":{"line":535,"column":5}},"284":{"start":{"line":536,"column":4},"end":{"line":539,"column":30}},"285":{"start":{"line":537,"column":26},"end":{"line":537,"column":38}},"286":{"start":{"line":538,"column":35},"end":{"line":538,"column":40}},"287":{"start":{"line":540,"column":4},"end":{"line":549,"column":7}},"288":{"start":{"line":550,"column":4},"end":{"line":557,"column":7}},"289":{"start":{"line":550,"column":57},"end":{"line":550,"column":58}},"290":{"start":{"line":559,"column":0},"end":{"line":577,"column":3}},"291":{"start":{"line":560,"column":19},"end":{"line":567,"column":5}},"292":{"start":{"line":568,"column":19},"end":{"line":568,"column":72}},"293":{"start":{"line":569,"column":18},"end":{"line":569,"column":71}},"294":{"start":{"line":570,"column":21},"end":{"line":570,"column":77}},"295":{"start":{"line":571,"column":17},"end":{"line":571,"column":42}},"296":{"start":{"line":572,"column":21},"end":{"line":572,"column":39}},"297":{"start":{"line":573,"column":4},"end":{"line":573,"column":36}},"298":{"start":{"line":574,"column":4},"end":{"line":574,"column":41}},"299":{"start":{"line":575,"column":4},"end":{"line":575,"column":31}},"300":{"start":{"line":576,"column":4},"end":{"line":576,"column":32}},"301":{"start":{"line":578,"column":0},"end":{"line":602,"column":3}},"302":{"start":{"line":579,"column":22},"end":{"line":588,"column":5}},"303":{"start":{"line":589,"column":26},"end":{"line":596,"column":5}},"304":{"start":{"line":597,"column":17},"end":{"line":597,"column":53}},"305":{"start":{"line":598,"column":17},"end":{"line":598,"column":29}},"306":{"start":{"line":599,"column":4},"end":{"line":599,"column":89}},"307":{"start":{"line":599,"column":41},"end":{"line":599,"column":61}},"308":{"start":{"line":600,"column":4},"end":{"line":600,"column":61}},"309":{"start":{"line":600,"column":36},"end":{"line":600,"column":42}},"310":{"start":{"line":601,"column":4},"end":{"line":601,"column":48}},"311":{"start":{"line":603,"column":0},"end":{"line":625,"column":3}},"312":{"start":{"line":604,"column":22},"end":{"line":613,"column":5}},"313":{"start":{"line":614,"column":26},"end":{"line":622,"column":5}},"314":{"start":{"line":623,"column":4},"end":{"line":623,"column":26}},"315":{"start":{"line":624,"column":4},"end":{"line":624,"column":42}},"316":{"start":{"line":626,"column":0},"end":{"line":646,"column":3}},"317":{"start":{"line":627,"column":22},"end":{"line":636,"column":5}},"318":{"start":{"line":637,"column":26},"end":{"line":643,"column":5}},"319":{"start":{"line":644,"column":4},"end":{"line":644,"column":32}},"320":{"start":{"line":645,"column":4},"end":{"line":645,"column":42}},"321":{"start":{"line":647,"column":0},"end":{"line":651,"column":3}},"322":{"start":{"line":648,"column":12},"end":{"line":648,"column":27}},"323":{"start":{"line":649,"column":4},"end":{"line":649,"column":16}},"324":{"start":{"line":650,"column":4},"end":{"line":650,"column":36}},"325":{"start":{"line":652,"column":0},"end":{"line":654,"column":3}},"326":{"start":{"line":653,"column":4},"end":{"line":653,"column":67}},"327":{"start":{"line":653,"column":38},"end":{"line":653,"column":43}},"328":{"start":{"line":655,"column":0},"end":{"line":675,"column":3}},"329":{"start":{"line":656,"column":22},"end":{"line":669,"column":5}},"330":{"start":{"line":670,"column":21},"end":{"line":670,"column":81}},"331":{"start":{"line":671,"column":4},"end":{"line":674,"column":30}},"332":{"start":{"line":672,"column":34},"end":{"line":672,"column":55}},"333":{"start":{"line":673,"column":23},"end":{"line":673,"column":31}},"334":{"start":{"line":676,"column":0},"end":{"line":685,"column":3}},"335":{"start":{"line":677,"column":17},"end":{"line":677,"column":51}},"336":{"start":{"line":678,"column":17},"end":{"line":678,"column":52}},"337":{"start":{"line":680,"column":18},"end":{"line":680,"column":30}},"338":{"start":{"line":681,"column":18},"end":{"line":681,"column":30}},"339":{"start":{"line":682,"column":18},"end":{"line":682,"column":24}},"340":{"start":{"line":683,"column":4},"end":{"line":683,"column":39}},"341":{"start":{"line":684,"column":4},"end":{"line":684,"column":40}},"342":{"start":{"line":686,"column":0},"end":{"line":705,"column":3}},"343":{"start":{"line":687,"column":20},"end":{"line":687,"column":22}},"344":{"start":{"line":688,"column":20},"end":{"line":688,"column":30}},"345":{"start":{"line":689,"column":20},"end":{"line":689,"column":39}},"346":{"start":{"line":690,"column":21},"end":{"line":690,"column":39}},"347":{"start":{"line":691,"column":4},"end":{"line":691,"column":37}},"348":{"start":{"line":692,"column":4},"end":{"line":694,"column":7}},"349":{"start":{"line":692,"column":19},"end":{"line":692,"column":35}},"350":{"start":{"line":695,"column":4},"end":{"line":697,"column":7}},"351":{"start":{"line":695,"column":19},"end":{"line":695,"column":35}},"352":{"start":{"line":698,"column":4},"end":{"line":698,"column":43}},"353":{"start":{"line":698,"column":30},"end":{"line":698,"column":37}},"354":{"start":{"line":699,"column":4},"end":{"line":701,"column":7}},"355":{"start":{"line":699,"column":19},"end":{"line":699,"column":48}},"356":{"start":{"line":699,"column":40},"end":{"line":699,"column":47}},"357":{"start":{"line":702,"column":4},"end":{"line":704,"column":7}},"358":{"start":{"line":702,"column":19},"end":{"line":702,"column":46}},"359":{"start":{"line":702,"column":40},"end":{"line":702,"column":45}},"360":{"start":{"line":706,"column":0},"end":{"line":721,"column":3}},"361":{"start":{"line":707,"column":20},"end":{"line":707,"column":22}},"362":{"start":{"line":708,"column":20},"end":{"line":708,"column":30}},"363":{"start":{"line":709,"column":20},"end":{"line":709,"column":39}},"364":{"start":{"line":710,"column":21},"end":{"line":710,"column":39}},"365":{"start":{"line":711,"column":4},"end":{"line":711,"column":47}},"366":{"start":{"line":712,"column":4},"end":{"line":712,"column":46}},"367":{"start":{"line":713,"column":4},"end":{"line":715,"column":7}},"368":{"start":{"line":713,"column":19},"end":{"line":713,"column":44}},"369":{"start":{"line":716,"column":4},"end":{"line":716,"column":52}},"370":{"start":{"line":716,"column":39},"end":{"line":716,"column":46}},"371":{"start":{"line":717,"column":4},"end":{"line":717,"column":58}},"372":{"start":{"line":717,"column":39},"end":{"line":717,"column":44}},"373":{"start":{"line":718,"column":4},"end":{"line":720,"column":7}},"374":{"start":{"line":718,"column":19},"end":{"line":718,"column":57}},"375":{"start":{"line":718,"column":49},"end":{"line":718,"column":56}},"376":{"start":{"line":722,"column":0},"end":{"line":729,"column":3}},"377":{"start":{"line":723,"column":19},"end":{"line":723,"column":47}},"378":{"start":{"line":724,"column":4},"end":{"line":727,"column":38}},"379":{"start":{"line":725,"column":32},"end":{"line":725,"column":33}},"380":{"start":{"line":728,"column":4},"end":{"line":728,"column":54}},"381":{"start":{"line":730,"column":0},"end":{"line":736,"column":3}},"382":{"start":{"line":731,"column":19},"end":{"line":731,"column":47}},"383":{"start":{"line":732,"column":4},"end":{"line":734,"column":42}},"384":{"start":{"line":735,"column":4},"end":{"line":735,"column":54}},"385":{"start":{"line":737,"column":0},"end":{"line":744,"column":3}},"386":{"start":{"line":738,"column":19},"end":{"line":738,"column":47}},"387":{"start":{"line":739,"column":4},"end":{"line":742,"column":34}},"388":{"start":{"line":740,"column":32},"end":{"line":740,"column":33}},"389":{"start":{"line":741,"column":28},"end":{"line":741,"column":39}},"390":{"start":{"line":743,"column":4},"end":{"line":743,"column":54}},"391":{"start":{"line":745,"column":0},"end":{"line":753,"column":3}},"392":{"start":{"line":746,"column":19},"end":{"line":750,"column":5}},"393":{"start":{"line":751,"column":4},"end":{"line":751,"column":30}},"394":{"start":{"line":752,"column":4},"end":{"line":752,"column":37}},"395":{"start":{"line":752,"column":25},"end":{"line":752,"column":30}},"396":{"start":{"line":754,"column":0},"end":{"line":761,"column":3}},"397":{"start":{"line":755,"column":19},"end":{"line":755,"column":47}},"398":{"start":{"line":756,"column":4},"end":{"line":759,"column":34}},"399":{"start":{"line":757,"column":32},"end":{"line":757,"column":33}},"400":{"start":{"line":760,"column":4},"end":{"line":760,"column":54}},"401":{"start":{"line":762,"column":0},"end":{"line":768,"column":3}},"402":{"start":{"line":763,"column":19},"end":{"line":763,"column":47}},"403":{"start":{"line":764,"column":4},"end":{"line":766,"column":30}},"404":{"start":{"line":767,"column":4},"end":{"line":767,"column":54}},"405":{"start":{"line":769,"column":0},"end":{"line":788,"column":3}},"406":{"start":{"line":770,"column":21},"end":{"line":770,"column":49}},"407":{"start":{"line":771,"column":19},"end":{"line":778,"column":5}},"408":{"start":{"line":779,"column":4},"end":{"line":779,"column":83}},"409":{"start":{"line":779,"column":42},"end":{"line":779,"column":60}},"410":{"start":{"line":780,"column":4},"end":{"line":787,"column":7}},"411":{"start":{"line":789,"column":0},"end":{"line":791,"column":3}},"412":{"start":{"line":790,"column":4},"end":{"line":790,"column":60}},"413":{"start":{"line":792,"column":0},"end":{"line":812,"column":3}},"414":{"start":{"line":793,"column":19},"end":{"line":797,"column":6}},"415":{"start":{"line":798,"column":23},"end":{"line":798,"column":65}},"416":{"start":{"line":798,"column":48},"end":{"line":798,"column":54}},"417":{"start":{"line":800,"column":4},"end":{"line":800,"column":61}},"418":{"start":{"line":802,"column":4},"end":{"line":802,"column":36}},"419":{"start":{"line":803,"column":24},"end":{"line":803,"column":78}},"420":{"start":{"line":803,"column":49},"end":{"line":803,"column":55}},"421":{"start":{"line":803,"column":62},"end":{"line":803,"column":67}},"422":{"start":{"line":805,"column":4},"end":{"line":805,"column":35}},"423":{"start":{"line":807,"column":4},"end":{"line":807,"column":47}},"424":{"start":{"line":807,"column":29},"end":{"line":807,"column":40}},"425":{"start":{"line":808,"column":4},"end":{"line":808,"column":47}},"426":{"start":{"line":808,"column":29},"end":{"line":808,"column":40}},"427":{"start":{"line":809,"column":25},"end":{"line":809,"column":60}},"428":{"start":{"line":810,"column":4},"end":{"line":810,"column":61}},"429":{"start":{"line":810,"column":39},"end":{"line":810,"column":44}},"430":{"start":{"line":811,"column":4},"end":{"line":811,"column":57}},"431":{"start":{"line":811,"column":39},"end":{"line":811,"column":46}},"432":{"start":{"line":813,"column":0},"end":{"line":815,"column":3}},"433":{"start":{"line":814,"column":4},"end":{"line":814,"column":57}},"434":{"start":{"line":816,"column":0},"end":{"line":856,"column":3}},"435":{"start":{"line":818,"column":21},"end":{"line":844,"column":5}},"436":{"start":{"line":849,"column":19},"end":{"line":849,"column":109}},"437":{"start":{"line":849,"column":42},"end":{"line":849,"column":67}},"438":{"start":{"line":849,"column":74},"end":{"line":849,"column":108}},"439":{"start":{"line":850,"column":19},"end":{"line":854,"column":5}},"440":{"start":{"line":855,"column":4},"end":{"line":855,"column":32}},"441":{"start":{"line":857,"column":0},"end":{"line":875,"column":3}},"442":{"start":{"line":858,"column":18},"end":{"line":858,"column":42}},"443":{"start":{"line":859,"column":18},"end":{"line":859,"column":42}},"444":{"start":{"line":860,"column":4},"end":{"line":860,"column":75}},"445":{"start":{"line":861,"column":19},"end":{"line":865,"column":5}},"446":{"start":{"line":866,"column":19},"end":{"line":869,"column":5}},"447":{"start":{"line":870,"column":19},"end":{"line":873,"column":5}},"448":{"start":{"line":874,"column":4},"end":{"line":874,"column":56}},"449":{"start":{"line":876,"column":0},"end":{"line":889,"column":3}},"450":{"start":{"line":877,"column":19},"end":{"line":886,"column":5}},"451":{"start":{"line":887,"column":21},"end":{"line":887,"column":48}},"452":{"start":{"line":888,"column":4},"end":{"line":888,"column":77}},"453":{"start":{"line":888,"column":38},"end":{"line":888,"column":54}},"454":{"start":{"line":890,"column":0},"end":{"line":899,"column":3}},"455":{"start":{"line":891,"column":20},"end":{"line":891,"column":32}},"456":{"start":{"line":892,"column":18},"end":{"line":892,"column":41}},"457":{"start":{"line":893,"column":4},"end":{"line":893,"column":118}},"458":{"start":{"line":893,"column":54},"end":{"line":893,"column":74}},"459":{"start":{"line":895,"column":21},"end":{"line":895,"column":50}},"460":{"start":{"line":896,"column":21},"end":{"line":896,"column":33}},"461":{"start":{"line":897,"column":19},"end":{"line":897,"column":42}},"462":{"start":{"line":898,"column":4},"end":{"line":898,"column":99}},"463":{"start":{"line":898,"column":56},"end":{"line":898,"column":76}},"464":{"start":{"line":900,"column":0},"end":{"line":909,"column":3}},"465":{"start":{"line":901,"column":4},"end":{"line":904,"column":29}},"466":{"start":{"line":902,"column":20},"end":{"line":902,"column":25}},"467":{"start":{"line":903,"column":21},"end":{"line":903,"column":26}},"468":{"start":{"line":905,"column":4},"end":{"line":908,"column":34}},"469":{"start":{"line":906,"column":20},"end":{"line":906,"column":25}},"470":{"start":{"line":907,"column":21},"end":{"line":907,"column":28}}},"fnMap":{"0":{"name":"(anonymous_0)","decl":{"start":{"line":7,"column":4},"end":{"line":7,"column":5}},"loc":{"start":{"line":7,"column":19},"end":{"line":11,"column":5}},"line":7},"1":{"name":"(anonymous_1)","decl":{"start":{"line":14,"column":4},"end":{"line":14,"column":5}},"loc":{"start":{"line":14,"column":21},"end":{"line":17,"column":5}},"line":14},"2":{"name":"(anonymous_2)","decl":{"start":{"line":20,"column":4},"end":{"line":20,"column":5}},"loc":{"start":{"line":20,"column":21},"end":{"line":25,"column":5}},"line":20},"3":{"name":"(anonymous_3)","decl":{"start":{"line":28,"column":4},"end":{"line":28,"column":5}},"loc":{"start":{"line":28,"column":12},"end":{"line":30,"column":5}},"line":28},"4":{"name":"(anonymous_4)","decl":{"start":{"line":33,"column":4},"end":{"line":33,"column":5}},"loc":{"start":{"line":33,"column":28},"end":{"line":36,"column":5}},"line":33},"5":{"name":"(anonymous_5)","decl":{"start":{"line":39,"column":4},"end":{"line":39,"column":5}},"loc":{"start":{"line":39,"column":25},"end":{"line":42,"column":5}},"line":39},"6":{"name":"(anonymous_6)","decl":{"start":{"line":44,"column":26},"end":{"line":44,"column":27}},"loc":{"start":{"line":44,"column":31},"end":{"line":48,"column":1}},"line":44},"7":{"name":"(anonymous_7)","decl":{"start":{"line":49,"column":31},"end":{"line":49,"column":32}},"loc":{"start":{"line":49,"column":36},"end":{"line":53,"column":1}},"line":49},"8":{"name":"(anonymous_8)","decl":{"start":{"line":54,"column":32},"end":{"line":54,"column":33}},"loc":{"start":{"line":54,"column":37},"end":{"line":59,"column":1}},"line":54},"9":{"name":"(anonymous_9)","decl":{"start":{"line":58,"column":25},"end":{"line":58,"column":26}},"loc":{"start":{"line":58,"column":52},"end":{"line":58,"column":80}},"line":58},"10":{"name":"(anonymous_10)","decl":{"start":{"line":60,"column":26},"end":{"line":60,"column":27}},"loc":{"start":{"line":60,"column":31},"end":{"line":69,"column":1}},"line":60},"11":{"name":"(anonymous_11)","decl":{"start":{"line":68,"column":21},"end":{"line":68,"column":22}},"loc":{"start":{"line":68,"column":28},"end":{"line":68,"column":52}},"line":68},"12":{"name":"(anonymous_12)","decl":{"start":{"line":70,"column":26},"end":{"line":70,"column":27}},"loc":{"start":{"line":70,"column":31},"end":{"line":79,"column":1}},"line":70},"13":{"name":"(anonymous_13)","decl":{"start":{"line":77,"column":20},"end":{"line":77,"column":21}},"loc":{"start":{"line":77,"column":25},"end":{"line":77,"column":60}},"line":77},"14":{"name":"(anonymous_14)","decl":{"start":{"line":80,"column":29},"end":{"line":80,"column":30}},"loc":{"start":{"line":80,"column":34},"end":{"line":86,"column":1}},"line":80},"15":{"name":"(anonymous_15)","decl":{"start":{"line":87,"column":30},"end":{"line":87,"column":31}},"loc":{"start":{"line":87,"column":35},"end":{"line":96,"column":1}},"line":87},"16":{"name":"(anonymous_16)","decl":{"start":{"line":95,"column":24},"end":{"line":95,"column":25}},"loc":{"start":{"line":95,"column":29},"end":{"line":95,"column":34}},"line":95},"17":{"name":"(anonymous_17)","decl":{"start":{"line":97,"column":27},"end":{"line":97,"column":28}},"loc":{"start":{"line":97,"column":32},"end":{"line":106,"column":1}},"line":97},"18":{"name":"(anonymous_18)","decl":{"start":{"line":107,"column":29},"end":{"line":107,"column":30}},"loc":{"start":{"line":107,"column":34},"end":{"line":134,"column":1}},"line":107},"19":{"name":"(anonymous_19)","decl":{"start":{"line":135,"column":31},"end":{"line":135,"column":32}},"loc":{"start":{"line":135,"column":36},"end":{"line":145,"column":1}},"line":135},"20":{"name":"(anonymous_20)","decl":{"start":{"line":146,"column":28},"end":{"line":146,"column":29}},"loc":{"start":{"line":146,"column":33},"end":{"line":157,"column":1}},"line":146},"21":{"name":"(anonymous_21)","decl":{"start":{"line":156,"column":22},"end":{"line":156,"column":23}},"loc":{"start":{"line":156,"column":27},"end":{"line":156,"column":39}},"line":156},"22":{"name":"(anonymous_22)","decl":{"start":{"line":158,"column":37},"end":{"line":158,"column":38}},"loc":{"start":{"line":158,"column":42},"end":{"line":170,"column":1}},"line":158},"23":{"name":"(anonymous_23)","decl":{"start":{"line":166,"column":16},"end":{"line":166,"column":17}},"loc":{"start":{"line":166,"column":23},"end":{"line":166,"column":31}},"line":166},"24":{"name":"(anonymous_24)","decl":{"start":{"line":171,"column":31},"end":{"line":171,"column":32}},"loc":{"start":{"line":171,"column":36},"end":{"line":187,"column":1}},"line":171},"25":{"name":"(anonymous_25)","decl":{"start":{"line":188,"column":33},"end":{"line":188,"column":34}},"loc":{"start":{"line":188,"column":38},"end":{"line":201,"column":1}},"line":188},"26":{"name":"(anonymous_26)","decl":{"start":{"line":200,"column":32},"end":{"line":200,"column":33}},"loc":{"start":{"line":200,"column":39},"end":{"line":200,"column":46}},"line":200},"27":{"name":"(anonymous_27)","decl":{"start":{"line":202,"column":32},"end":{"line":202,"column":33}},"loc":{"start":{"line":202,"column":37},"end":{"line":208,"column":1}},"line":202},"28":{"name":"(anonymous_28)","decl":{"start":{"line":205,"column":13},"end":{"line":205,"column":14}},"loc":{"start":{"line":205,"column":19},"end":{"line":205,"column":33}},"line":205},"29":{"name":"(anonymous_29)","decl":{"start":{"line":209,"column":41},"end":{"line":209,"column":42}},"loc":{"start":{"line":209,"column":46},"end":{"line":213,"column":1}},"line":209},"30":{"name":"(anonymous_30)","decl":{"start":{"line":214,"column":29},"end":{"line":214,"column":30}},"loc":{"start":{"line":214,"column":34},"end":{"line":218,"column":1}},"line":214},"31":{"name":"(anonymous_31)","decl":{"start":{"line":219,"column":28},"end":{"line":219,"column":29}},"loc":{"start":{"line":219,"column":33},"end":{"line":225,"column":1}},"line":219},"32":{"name":"(anonymous_32)","decl":{"start":{"line":221,"column":31},"end":{"line":221,"column":32}},"loc":{"start":{"line":221,"column":36},"end":{"line":221,"column":41}},"line":221},"33":{"name":"(anonymous_33)","decl":{"start":{"line":222,"column":13},"end":{"line":222,"column":14}},"loc":{"start":{"line":222,"column":19},"end":{"line":222,"column":29}},"line":222},"34":{"name":"(anonymous_34)","decl":{"start":{"line":226,"column":37},"end":{"line":226,"column":38}},"loc":{"start":{"line":226,"column":42},"end":{"line":229,"column":1}},"line":226},"35":{"name":"(anonymous_35)","decl":{"start":{"line":230,"column":30},"end":{"line":230,"column":31}},"loc":{"start":{"line":230,"column":35},"end":{"line":235,"column":1}},"line":230},"36":{"name":"(anonymous_36)","decl":{"start":{"line":233,"column":18},"end":{"line":233,"column":19}},"loc":{"start":{"line":233,"column":29},"end":{"line":233,"column":49}},"line":233},"37":{"name":"(anonymous_37)","decl":{"start":{"line":236,"column":30},"end":{"line":236,"column":31}},"loc":{"start":{"line":236,"column":35},"end":{"line":249,"column":1}},"line":236},"38":{"name":"(anonymous_38)","decl":{"start":{"line":248,"column":29},"end":{"line":248,"column":30}},"loc":{"start":{"line":248,"column":36},"end":{"line":248,"column":43}},"line":248},"39":{"name":"(anonymous_39)","decl":{"start":{"line":248,"column":45},"end":{"line":248,"column":46}},"loc":{"start":{"line":248,"column":52},"end":{"line":248,"column":60}},"line":248},"40":{"name":"(anonymous_40)","decl":{"start":{"line":250,"column":32},"end":{"line":250,"column":33}},"loc":{"start":{"line":250,"column":37},"end":{"line":273,"column":1}},"line":250},"41":{"name":"(anonymous_41)","decl":{"start":{"line":263,"column":41},"end":{"line":263,"column":42}},"loc":{"start":{"line":263,"column":51},"end":{"line":263,"column":57}},"line":263},"42":{"name":"(anonymous_42)","decl":{"start":{"line":263,"column":59},"end":{"line":263,"column":60}},"loc":{"start":{"line":263,"column":66},"end":{"line":263,"column":75}},"line":263},"43":{"name":"(anonymous_43)","decl":{"start":{"line":263,"column":77},"end":{"line":263,"column":78}},"loc":{"start":{"line":263,"column":105},"end":{"line":266,"column":5}},"line":263},"44":{"name":"(anonymous_44)","decl":{"start":{"line":265,"column":35},"end":{"line":265,"column":36}},"loc":{"start":{"line":265,"column":42},"end":{"line":265,"column":50}},"line":265},"45":{"name":"(anonymous_45)","decl":{"start":{"line":272,"column":29},"end":{"line":272,"column":30}},"loc":{"start":{"line":272,"column":36},"end":{"line":272,"column":77}},"line":272},"46":{"name":"(anonymous_46)","decl":{"start":{"line":274,"column":30},"end":{"line":274,"column":31}},"loc":{"start":{"line":274,"column":35},"end":{"line":290,"column":1}},"line":274},"47":{"name":"(anonymous_47)","decl":{"start":{"line":291,"column":29},"end":{"line":291,"column":30}},"loc":{"start":{"line":291,"column":34},"end":{"line":308,"column":1}},"line":291},"48":{"name":"(anonymous_48)","decl":{"start":{"line":302,"column":13},"end":{"line":302,"column":14}},"loc":{"start":{"line":302,"column":19},"end":{"line":302,"column":42}},"line":302},"49":{"name":"(anonymous_49)","decl":{"start":{"line":305,"column":13},"end":{"line":305,"column":14}},"loc":{"start":{"line":305,"column":19},"end":{"line":305,"column":56}},"line":305},"50":{"name":"(anonymous_50)","decl":{"start":{"line":309,"column":34},"end":{"line":309,"column":35}},"loc":{"start":{"line":309,"column":39},"end":{"line":334,"column":1}},"line":309},"51":{"name":"(anonymous_51)","decl":{"start":{"line":328,"column":13},"end":{"line":328,"column":14}},"loc":{"start":{"line":328,"column":19},"end":{"line":328,"column":50}},"line":328},"52":{"name":"(anonymous_52)","decl":{"start":{"line":331,"column":13},"end":{"line":331,"column":14}},"loc":{"start":{"line":331,"column":19},"end":{"line":331,"column":64}},"line":331},"53":{"name":"(anonymous_53)","decl":{"start":{"line":335,"column":32},"end":{"line":335,"column":33}},"loc":{"start":{"line":335,"column":37},"end":{"line":341,"column":1}},"line":335},"54":{"name":"(anonymous_54)","decl":{"start":{"line":338,"column":32},"end":{"line":338,"column":33}},"loc":{"start":{"line":338,"column":37},"end":{"line":338,"column":38}},"line":338},"55":{"name":"(anonymous_55)","decl":{"start":{"line":342,"column":27},"end":{"line":342,"column":28}},"loc":{"start":{"line":342,"column":32},"end":{"line":363,"column":1}},"line":342},"56":{"name":"(anonymous_56)","decl":{"start":{"line":355,"column":36},"end":{"line":355,"column":37}},"loc":{"start":{"line":355,"column":46},"end":{"line":355,"column":52}},"line":355},"57":{"name":"(anonymous_57)","decl":{"start":{"line":355,"column":54},"end":{"line":355,"column":55}},"loc":{"start":{"line":355,"column":61},"end":{"line":355,"column":70}},"line":355},"58":{"name":"(anonymous_58)","decl":{"start":{"line":355,"column":72},"end":{"line":355,"column":73}},"loc":{"start":{"line":355,"column":90},"end":{"line":355,"column":131}},"line":355},"59":{"name":"(anonymous_59)","decl":{"start":{"line":362,"column":29},"end":{"line":362,"column":30}},"loc":{"start":{"line":362,"column":36},"end":{"line":362,"column":67}},"line":362},"60":{"name":"(anonymous_60)","decl":{"start":{"line":364,"column":27},"end":{"line":364,"column":28}},"loc":{"start":{"line":364,"column":32},"end":{"line":370,"column":1}},"line":364},"61":{"name":"(anonymous_61)","decl":{"start":{"line":366,"column":30},"end":{"line":366,"column":31}},"loc":{"start":{"line":366,"column":35},"end":{"line":366,"column":40}},"line":366},"62":{"name":"(anonymous_62)","decl":{"start":{"line":367,"column":13},"end":{"line":367,"column":14}},"loc":{"start":{"line":367,"column":19},"end":{"line":367,"column":28}},"line":367},"63":{"name":"(anonymous_63)","decl":{"start":{"line":371,"column":36},"end":{"line":371,"column":37}},"loc":{"start":{"line":371,"column":41},"end":{"line":374,"column":1}},"line":371},"64":{"name":"(anonymous_64)","decl":{"start":{"line":375,"column":26},"end":{"line":375,"column":27}},"loc":{"start":{"line":375,"column":31},"end":{"line":383,"column":1}},"line":375},"65":{"name":"(anonymous_65)","decl":{"start":{"line":381,"column":20},"end":{"line":381,"column":21}},"loc":{"start":{"line":381,"column":25},"end":{"line":381,"column":30}},"line":381},"66":{"name":"(anonymous_66)","decl":{"start":{"line":384,"column":28},"end":{"line":384,"column":29}},"loc":{"start":{"line":384,"column":33},"end":{"line":393,"column":1}},"line":384},"67":{"name":"(anonymous_67)","decl":{"start":{"line":390,"column":22},"end":{"line":390,"column":23}},"loc":{"start":{"line":390,"column":27},"end":{"line":390,"column":32}},"line":390},"68":{"name":"(anonymous_68)","decl":{"start":{"line":391,"column":22},"end":{"line":391,"column":23}},"loc":{"start":{"line":391,"column":27},"end":{"line":391,"column":32}},"line":391},"69":{"name":"(anonymous_69)","decl":{"start":{"line":392,"column":31},"end":{"line":392,"column":32}},"loc":{"start":{"line":392,"column":36},"end":{"line":392,"column":37}},"line":392},"70":{"name":"(anonymous_70)","decl":{"start":{"line":394,"column":26},"end":{"line":394,"column":27}},"loc":{"start":{"line":394,"column":31},"end":{"line":402,"column":1}},"line":394},"71":{"name":"(anonymous_71)","decl":{"start":{"line":400,"column":20},"end":{"line":400,"column":21}},"loc":{"start":{"line":400,"column":25},"end":{"line":400,"column":30}},"line":400},"72":{"name":"(anonymous_72)","decl":{"start":{"line":403,"column":28},"end":{"line":403,"column":29}},"loc":{"start":{"line":403,"column":33},"end":{"line":411,"column":1}},"line":403},"73":{"name":"(anonymous_73)","decl":{"start":{"line":409,"column":22},"end":{"line":409,"column":23}},"loc":{"start":{"line":409,"column":27},"end":{"line":409,"column":32}},"line":409},"74":{"name":"(anonymous_74)","decl":{"start":{"line":410,"column":29},"end":{"line":410,"column":30}},"loc":{"start":{"line":410,"column":34},"end":{"line":410,"column":35}},"line":410},"75":{"name":"(anonymous_75)","decl":{"start":{"line":412,"column":29},"end":{"line":412,"column":30}},"loc":{"start":{"line":412,"column":34},"end":{"line":427,"column":1}},"line":412},"76":{"name":"(anonymous_76)","decl":{"start":{"line":428,"column":30},"end":{"line":428,"column":31}},"loc":{"start":{"line":428,"column":35},"end":{"line":434,"column":1}},"line":428},"77":{"name":"(anonymous_77)","decl":{"start":{"line":431,"column":31},"end":{"line":431,"column":32}},"loc":{"start":{"line":431,"column":36},"end":{"line":431,"column":37}},"line":431},"78":{"name":"(anonymous_78)","decl":{"start":{"line":432,"column":67},"end":{"line":432,"column":68}},"loc":{"start":{"line":432,"column":72},"end":{"line":432,"column":73}},"line":432},"79":{"name":"(anonymous_79)","decl":{"start":{"line":435,"column":40},"end":{"line":435,"column":41}},"loc":{"start":{"line":435,"column":45},"end":{"line":449,"column":1}},"line":435},"80":{"name":"(anonymous_80)","decl":{"start":{"line":437,"column":41},"end":{"line":437,"column":42}},"loc":{"start":{"line":437,"column":46},"end":{"line":437,"column":47}},"line":437},"81":{"name":"(anonymous_81)","decl":{"start":{"line":446,"column":27},"end":{"line":446,"column":28}},"loc":{"start":{"line":446,"column":32},"end":{"line":446,"column":33}},"line":446},"82":{"name":"(anonymous_82)","decl":{"start":{"line":450,"column":30},"end":{"line":450,"column":31}},"loc":{"start":{"line":450,"column":35},"end":{"line":456,"column":1}},"line":450},"83":{"name":"(anonymous_83)","decl":{"start":{"line":457,"column":29},"end":{"line":457,"column":30}},"loc":{"start":{"line":457,"column":34},"end":{"line":497,"column":1}},"line":457},"84":{"name":"(anonymous_84)","decl":{"start":{"line":481,"column":17},"end":{"line":481,"column":18}},"loc":{"start":{"line":481,"column":26},"end":{"line":481,"column":38}},"line":481},"85":{"name":"(anonymous_85)","decl":{"start":{"line":482,"column":16},"end":{"line":482,"column":17}},"loc":{"start":{"line":482,"column":25},"end":{"line":482,"column":30}},"line":482},"86":{"name":"(anonymous_86)","decl":{"start":{"line":496,"column":42},"end":{"line":496,"column":43}},"loc":{"start":{"line":496,"column":47},"end":{"line":496,"column":48}},"line":496},"87":{"name":"(anonymous_87)","decl":{"start":{"line":499,"column":37},"end":{"line":499,"column":38}},"loc":{"start":{"line":499,"column":42},"end":{"line":512,"column":1}},"line":499},"88":{"name":"(anonymous_88)","decl":{"start":{"line":505,"column":17},"end":{"line":505,"column":18}},"loc":{"start":{"line":505,"column":22},"end":{"line":505,"column":25}},"line":505},"89":{"name":"(anonymous_89)","decl":{"start":{"line":506,"column":16},"end":{"line":506,"column":17}},"loc":{"start":{"line":506,"column":21},"end":{"line":506,"column":24}},"line":506},"90":{"name":"(anonymous_90)","decl":{"start":{"line":507,"column":16},"end":{"line":507,"column":17}},"loc":{"start":{"line":507,"column":21},"end":{"line":507,"column":24}},"line":507},"91":{"name":"(anonymous_91)","decl":{"start":{"line":513,"column":39},"end":{"line":513,"column":40}},"loc":{"start":{"line":513,"column":44},"end":{"line":558,"column":1}},"line":513},"92":{"name":"(anonymous_92)","decl":{"start":{"line":537,"column":17},"end":{"line":537,"column":18}},"loc":{"start":{"line":537,"column":26},"end":{"line":537,"column":38}},"line":537},"93":{"name":"(anonymous_93)","decl":{"start":{"line":538,"column":26},"end":{"line":538,"column":27}},"loc":{"start":{"line":538,"column":35},"end":{"line":538,"column":40}},"line":538},"94":{"name":"(anonymous_94)","decl":{"start":{"line":550,"column":52},"end":{"line":550,"column":53}},"loc":{"start":{"line":550,"column":57},"end":{"line":550,"column":58}},"line":550},"95":{"name":"(anonymous_95)","decl":{"start":{"line":559,"column":29},"end":{"line":559,"column":30}},"loc":{"start":{"line":559,"column":34},"end":{"line":577,"column":1}},"line":559},"96":{"name":"(anonymous_96)","decl":{"start":{"line":578,"column":32},"end":{"line":578,"column":33}},"loc":{"start":{"line":578,"column":37},"end":{"line":602,"column":1}},"line":578},"97":{"name":"(anonymous_97)","decl":{"start":{"line":599,"column":36},"end":{"line":599,"column":37}},"loc":{"start":{"line":599,"column":41},"end":{"line":599,"column":61}},"line":599},"98":{"name":"(anonymous_98)","decl":{"start":{"line":600,"column":31},"end":{"line":600,"column":32}},"loc":{"start":{"line":600,"column":36},"end":{"line":600,"column":42}},"line":600},"99":{"name":"(anonymous_99)","decl":{"start":{"line":603,"column":31},"end":{"line":603,"column":32}},"loc":{"start":{"line":603,"column":36},"end":{"line":625,"column":1}},"line":603},"100":{"name":"(anonymous_100)","decl":{"start":{"line":626,"column":34},"end":{"line":626,"column":35}},"loc":{"start":{"line":626,"column":39},"end":{"line":646,"column":1}},"line":626},"101":{"name":"(anonymous_101)","decl":{"start":{"line":647,"column":30},"end":{"line":647,"column":31}},"loc":{"start":{"line":647,"column":35},"end":{"line":651,"column":1}},"line":647},"102":{"name":"(anonymous_102)","decl":{"start":{"line":652,"column":29},"end":{"line":652,"column":30}},"loc":{"start":{"line":652,"column":34},"end":{"line":654,"column":1}},"line":652},"103":{"name":"(anonymous_103)","decl":{"start":{"line":653,"column":33},"end":{"line":653,"column":34}},"loc":{"start":{"line":653,"column":38},"end":{"line":653,"column":43}},"line":653},"104":{"name":"(anonymous_104)","decl":{"start":{"line":655,"column":33},"end":{"line":655,"column":34}},"loc":{"start":{"line":655,"column":38},"end":{"line":675,"column":1}},"line":655},"105":{"name":"(anonymous_105)","decl":{"start":{"line":672,"column":20},"end":{"line":672,"column":21}},"loc":{"start":{"line":672,"column":32},"end":{"line":672,"column":57}},"line":672},"106":{"name":"(anonymous_106)","decl":{"start":{"line":673,"column":16},"end":{"line":673,"column":17}},"loc":{"start":{"line":673,"column":23},"end":{"line":673,"column":31}},"line":673},"107":{"name":"(anonymous_107)","decl":{"start":{"line":676,"column":36},"end":{"line":676,"column":37}},"loc":{"start":{"line":676,"column":41},"end":{"line":685,"column":1}},"line":676},"108":{"name":"(anonymous_108)","decl":{"start":{"line":686,"column":29},"end":{"line":686,"column":30}},"loc":{"start":{"line":686,"column":34},"end":{"line":705,"column":1}},"line":686},"109":{"name":"(anonymous_109)","decl":{"start":{"line":692,"column":13},"end":{"line":692,"column":14}},"loc":{"start":{"line":692,"column":19},"end":{"line":692,"column":35}},"line":692},"110":{"name":"(anonymous_110)","decl":{"start":{"line":695,"column":13},"end":{"line":695,"column":14}},"loc":{"start":{"line":695,"column":19},"end":{"line":695,"column":35}},"line":695},"111":{"name":"(anonymous_111)","decl":{"start":{"line":698,"column":25},"end":{"line":698,"column":26}},"loc":{"start":{"line":698,"column":30},"end":{"line":698,"column":37}},"line":698},"112":{"name":"(anonymous_112)","decl":{"start":{"line":699,"column":13},"end":{"line":699,"column":14}},"loc":{"start":{"line":699,"column":19},"end":{"line":699,"column":48}},"line":699},"113":{"name":"(anonymous_113)","decl":{"start":{"line":699,"column":35},"end":{"line":699,"column":36}},"loc":{"start":{"line":699,"column":40},"end":{"line":699,"column":47}},"line":699},"114":{"name":"(anonymous_114)","decl":{"start":{"line":702,"column":13},"end":{"line":702,"column":14}},"loc":{"start":{"line":702,"column":19},"end":{"line":702,"column":46}},"line":702},"115":{"name":"(anonymous_115)","decl":{"start":{"line":702,"column":35},"end":{"line":702,"column":36}},"loc":{"start":{"line":702,"column":40},"end":{"line":702,"column":45}},"line":702},"116":{"name":"(anonymous_116)","decl":{"start":{"line":706,"column":38},"end":{"line":706,"column":39}},"loc":{"start":{"line":706,"column":43},"end":{"line":721,"column":1}},"line":706},"117":{"name":"(anonymous_117)","decl":{"start":{"line":713,"column":13},"end":{"line":713,"column":14}},"loc":{"start":{"line":713,"column":19},"end":{"line":713,"column":44}},"line":713},"118":{"name":"(anonymous_118)","decl":{"start":{"line":716,"column":34},"end":{"line":716,"column":35}},"loc":{"start":{"line":716,"column":39},"end":{"line":716,"column":46}},"line":716},"119":{"name":"(anonymous_119)","decl":{"start":{"line":717,"column":34},"end":{"line":717,"column":35}},"loc":{"start":{"line":717,"column":39},"end":{"line":717,"column":44}},"line":717},"120":{"name":"(anonymous_120)","decl":{"start":{"line":718,"column":13},"end":{"line":718,"column":14}},"loc":{"start":{"line":718,"column":19},"end":{"line":718,"column":57}},"line":718},"121":{"name":"(anonymous_121)","decl":{"start":{"line":718,"column":44},"end":{"line":718,"column":45}},"loc":{"start":{"line":718,"column":49},"end":{"line":718,"column":56}},"line":718},"122":{"name":"(anonymous_122)","decl":{"start":{"line":722,"column":27},"end":{"line":722,"column":28}},"loc":{"start":{"line":722,"column":32},"end":{"line":729,"column":1}},"line":722},"123":{"name":"(anonymous_123)","decl":{"start":{"line":725,"column":27},"end":{"line":725,"column":28}},"loc":{"start":{"line":725,"column":32},"end":{"line":725,"column":33}},"line":725},"124":{"name":"(anonymous_124)","decl":{"start":{"line":730,"column":31},"end":{"line":730,"column":32}},"loc":{"start":{"line":730,"column":36},"end":{"line":736,"column":1}},"line":730},"125":{"name":"(anonymous_125)","decl":{"start":{"line":737,"column":32},"end":{"line":737,"column":33}},"loc":{"start":{"line":737,"column":37},"end":{"line":744,"column":1}},"line":737},"126":{"name":"(anonymous_126)","decl":{"start":{"line":740,"column":27},"end":{"line":740,"column":28}},"loc":{"start":{"line":740,"column":32},"end":{"line":740,"column":33}},"line":740},"127":{"name":"(anonymous_127)","decl":{"start":{"line":741,"column":19},"end":{"line":741,"column":20}},"loc":{"start":{"line":741,"column":28},"end":{"line":741,"column":39}},"line":741},"128":{"name":"(anonymous_128)","decl":{"start":{"line":745,"column":26},"end":{"line":745,"column":27}},"loc":{"start":{"line":745,"column":31},"end":{"line":753,"column":1}},"line":745},"129":{"name":"(anonymous_129)","decl":{"start":{"line":752,"column":20},"end":{"line":752,"column":21}},"loc":{"start":{"line":752,"column":25},"end":{"line":752,"column":30}},"line":752},"130":{"name":"(anonymous_130)","decl":{"start":{"line":754,"column":27},"end":{"line":754,"column":28}},"loc":{"start":{"line":754,"column":32},"end":{"line":761,"column":1}},"line":754},"131":{"name":"(anonymous_131)","decl":{"start":{"line":757,"column":27},"end":{"line":757,"column":28}},"loc":{"start":{"line":757,"column":32},"end":{"line":757,"column":33}},"line":757},"132":{"name":"(anonymous_132)","decl":{"start":{"line":762,"column":31},"end":{"line":762,"column":32}},"loc":{"start":{"line":762,"column":36},"end":{"line":768,"column":1}},"line":762},"133":{"name":"(anonymous_133)","decl":{"start":{"line":769,"column":32},"end":{"line":769,"column":33}},"loc":{"start":{"line":769,"column":37},"end":{"line":788,"column":1}},"line":769},"134":{"name":"(anonymous_134)","decl":{"start":{"line":779,"column":33},"end":{"line":779,"column":34}},"loc":{"start":{"line":779,"column":42},"end":{"line":779,"column":60}},"line":779},"135":{"name":"(anonymous_135)","decl":{"start":{"line":789,"column":30},"end":{"line":789,"column":31}},"loc":{"start":{"line":789,"column":35},"end":{"line":791,"column":1}},"line":789},"136":{"name":"(anonymous_136)","decl":{"start":{"line":792,"column":35},"end":{"line":792,"column":36}},"loc":{"start":{"line":792,"column":40},"end":{"line":812,"column":1}},"line":792},"137":{"name":"(anonymous_137)","decl":{"start":{"line":798,"column":43},"end":{"line":798,"column":44}},"loc":{"start":{"line":798,"column":48},"end":{"line":798,"column":54}},"line":798},"138":{"name":"(anonymous_138)","decl":{"start":{"line":803,"column":44},"end":{"line":803,"column":45}},"loc":{"start":{"line":803,"column":49},"end":{"line":803,"column":55}},"line":803},"139":{"name":"(anonymous_139)","decl":{"start":{"line":803,"column":57},"end":{"line":803,"column":58}},"loc":{"start":{"line":803,"column":62},"end":{"line":803,"column":67}},"line":803},"140":{"name":"(anonymous_140)","decl":{"start":{"line":807,"column":24},"end":{"line":807,"column":25}},"loc":{"start":{"line":807,"column":29},"end":{"line":807,"column":40}},"line":807},"141":{"name":"(anonymous_141)","decl":{"start":{"line":808,"column":24},"end":{"line":808,"column":25}},"loc":{"start":{"line":808,"column":29},"end":{"line":808,"column":40}},"line":808},"142":{"name":"(anonymous_142)","decl":{"start":{"line":810,"column":34},"end":{"line":810,"column":35}},"loc":{"start":{"line":810,"column":39},"end":{"line":810,"column":44}},"line":810},"143":{"name":"(anonymous_143)","decl":{"start":{"line":811,"column":34},"end":{"line":811,"column":35}},"loc":{"start":{"line":811,"column":39},"end":{"line":811,"column":46}},"line":811},"144":{"name":"(anonymous_144)","decl":{"start":{"line":813,"column":29},"end":{"line":813,"column":30}},"loc":{"start":{"line":813,"column":34},"end":{"line":815,"column":1}},"line":813},"145":{"name":"(anonymous_145)","decl":{"start":{"line":816,"column":31},"end":{"line":816,"column":32}},"loc":{"start":{"line":816,"column":36},"end":{"line":856,"column":1}},"line":816},"146":{"name":"(anonymous_146)","decl":{"start":{"line":849,"column":37},"end":{"line":849,"column":38}},"loc":{"start":{"line":849,"column":42},"end":{"line":849,"column":67}},"line":849},"147":{"name":"(anonymous_147)","decl":{"start":{"line":849,"column":69},"end":{"line":849,"column":70}},"loc":{"start":{"line":849,"column":74},"end":{"line":849,"column":108}},"line":849},"148":{"name":"(anonymous_148)","decl":{"start":{"line":857,"column":28},"end":{"line":857,"column":29}},"loc":{"start":{"line":857,"column":33},"end":{"line":875,"column":1}},"line":857},"149":{"name":"(anonymous_149)","decl":{"start":{"line":876,"column":28},"end":{"line":876,"column":29}},"loc":{"start":{"line":876,"column":33},"end":{"line":889,"column":1}},"line":876},"150":{"name":"(anonymous_150)","decl":{"start":{"line":888,"column":29},"end":{"line":888,"column":30}},"loc":{"start":{"line":888,"column":38},"end":{"line":888,"column":54}},"line":888},"151":{"name":"(anonymous_151)","decl":{"start":{"line":890,"column":26},"end":{"line":890,"column":27}},"loc":{"start":{"line":890,"column":31},"end":{"line":899,"column":1}},"line":890},"152":{"name":"(anonymous_152)","decl":{"start":{"line":893,"column":35},"end":{"line":893,"column":36}},"loc":{"start":{"line":893,"column":54},"end":{"line":893,"column":74}},"line":893},"153":{"name":"(anonymous_153)","decl":{"start":{"line":898,"column":37},"end":{"line":898,"column":38}},"loc":{"start":{"line":898,"column":56},"end":{"line":898,"column":76}},"line":898},"154":{"name":"(anonymous_154)","decl":{"start":{"line":900,"column":39},"end":{"line":900,"column":40}},"loc":{"start":{"line":900,"column":44},"end":{"line":909,"column":1}},"line":900},"155":{"name":"(anonymous_155)","decl":{"start":{"line":902,"column":15},"end":{"line":902,"column":16}},"loc":{"start":{"line":902,"column":20},"end":{"line":902,"column":25}},"line":902},"156":{"name":"(anonymous_156)","decl":{"start":{"line":903,"column":16},"end":{"line":903,"column":17}},"loc":{"start":{"line":903,"column":21},"end":{"line":903,"column":26}},"line":903},"157":{"name":"(anonymous_157)","decl":{"start":{"line":906,"column":15},"end":{"line":906,"column":16}},"loc":{"start":{"line":906,"column":20},"end":{"line":906,"column":25}},"line":906},"158":{"name":"(anonymous_158)","decl":{"start":{"line":907,"column":16},"end":{"line":907,"column":17}},"loc":{"start":{"line":907,"column":21},"end":{"line":907,"column":28}},"line":907}},"branchMap":{"0":{"loc":{"start":{"line":77,"column":25},"end":{"line":77,"column":60}},"type":"binary-expr","locations":[{"start":{"line":77,"column":25},"end":{"line":77,"column":34}},{"start":{"line":77,"column":38},"end":{"line":77,"column":60}}],"line":77}},"s":{"0":1,"1":1,"2":1,"3":1,"4":5,"5":5,"6":5,"7":6,"8":6,"9":83,"10":83,"11":83,"12":83,"13":1,"14":3,"15":3,"16":7,"17":7,"18":1,"19":1,"20":1,"21":1,"22":1,"23":1,"24":1,"25":1,"26":1,"27":1,"28":1,"29":1,"30":1,"31":9,"32":1,"33":1,"34":1,"35":3,"36":1,"37":1,"38":1,"39":2,"40":1,"41":1,"42":1,"43":1,"44":1,"45":1,"46":1,"47":1,"48":1,"49":1,"50":1,"51":1,"52":6,"53":1,"54":1,"55":1,"56":1,"57":1,"58":1,"59":1,"60":1,"61":1,"62":1,"63":1,"64":1,"65":1,"66":1,"67":1,"68":1,"69":1,"70":1,"71":1,"72":6,"73":1,"74":1,"75":1,"76":3,"77":1,"78":1,"79":1,"80":1,"81":1,"82":1,"83":1,"84":1,"85":1,"86":1,"87":1,"88":1,"89":4,"90":1,"91":1,"92":1,"93":1,"94":1,"95":1,"96":1,"97":1,"98":1,"99":1,"100":1,"101":1,"102":1,"103":1,"104":1,"105":1,"106":5,"107":1,"108":1,"109":1,"110":1,"111":1,"112":1,"113":1,"114":1,"115":1,"116":4,"117":1,"118":1,"119":1,"120":1,"121":1,"122":4,"123":4,"124":1,"125":1,"126":1,"127":1,"128":1,"129":1,"130":1,"131":1,"132":1,"133":1,"134":1,"135":12,"136":12,"137":3,"138":4,"139":1,"140":1,"141":3,"142":1,"143":1,"144":1,"145":1,"146":1,"147":1,"148":1,"149":1,"150":1,"151":1,"152":1,"153":1,"154":1,"155":1,"156":1,"157":1,"158":1,"159":1,"160":1,"161":1,"162":1,"163":1,"164":1,"165":1,"166":1,"167":1,"168":1,"169":1,"170":1,"171":1,"172":1,"173":1,"174":1,"175":1,"176":2,"177":1,"178":1,"179":1,"180":1,"181":1,"182":1,"183":1,"184":1,"185":1,"186":1,"187":1,"188":1,"189":1,"190":36,"191":36,"192":12,"193":1,"194":1,"195":4,"196":1,"197":1,"198":1,"199":5,"200":1,"201":1,"202":1,"203":1,"204":1,"205":1,"206":1,"207":1,"208":6,"209":1,"210":1,"211":1,"212":1,"213":4,"214":1,"215":4,"216":1,"217":8,"218":1,"219":1,"220":1,"221":4,"222":1,"223":1,"224":1,"225":1,"226":4,"227":1,"228":6,"229":1,"230":1,"231":1,"232":1,"233":1,"234":1,"235":1,"236":1,"237":1,"238":1,"239":1,"240":1,"241":1,"242":22,"243":1,"244":8,"245":1,"246":1,"247":1,"248":1,"249":18,"250":1,"251":6,"252":1,"253":1,"254":1,"255":1,"256":1,"257":1,"258":1,"259":1,"260":1,"261":1,"262":1,"263":66,"264":12,"265":1,"266":1,"267":1,"268":22,"269":1,"270":1,"271":1,"272":1,"273":1,"274":1,"275":18,"276":4,"277":0,"278":1,"279":1,"280":1,"281":1,"282":1,"283":1,"284":1,"285":62,"286":10,"287":1,"288":1,"289":18,"290":1,"291":1,"292":1,"293":1,"294":1,"295":1,"296":1,"297":1,"298":1,"299":1,"300":1,"301":1,"302":1,"303":1,"304":1,"305":1,"306":1,"307":8,"308":1,"309":11,"310":1,"311":1,"312":1,"313":1,"314":1,"315":1,"316":1,"317":1,"318":1,"319":1,"320":1,"321":1,"322":1,"323":1,"324":1,"325":1,"326":1,"327":3,"328":1,"329":1,"330":1,"331":1,"332":9,"333":6,"334":1,"335":1,"336":1,"337":1,"338":1,"339":1,"340":1,"341":1,"342":1,"343":1,"344":1,"345":1,"346":1,"347":1,"348":1,"349":1,"350":1,"351":1,"352":1,"353":12,"354":1,"355":1,"356":6,"357":1,"358":1,"359":6,"360":1,"361":1,"362":1,"363":1,"364":1,"365":1,"366":1,"367":1,"368":1,"369":1,"370":18,"371":1,"372":6,"373":1,"374":1,"375":12,"376":1,"377":1,"378":1,"379":30,"380":1,"381":1,"382":1,"383":1,"384":1,"385":1,"386":1,"387":1,"388":30,"389":7,"390":1,"391":1,"392":1,"393":1,"394":1,"395":3,"396":1,"397":1,"398":1,"399":30,"400":1,"401":1,"402":1,"403":1,"404":1,"405":1,"406":1,"407":1,"408":1,"409":6,"410":1,"411":1,"412":1,"413":1,"414":1,"415":0,"416":0,"417":0,"418":0,"419":0,"420":0,"421":0,"422":0,"423":0,"424":0,"425":0,"426":0,"427":0,"428":0,"429":0,"430":0,"431":0,"432":1,"433":1,"434":1,"435":1,"436":1,"437":5,"438":5,"439":1,"440":1,"441":1,"442":1,"443":1,"444":1,"445":1,"446":1,"447":1,"448":1,"449":1,"450":1,"451":1,"452":1,"453":8,"454":1,"455":1,"456":1,"457":1,"458":3,"459":1,"460":1,"461":1,"462":1,"463":3,"464":1,"465":1,"466":5,"467":2,"468":1,"469":5,"470":2},"f":{"0":5,"1":6,"2":83,"3":1,"4":3,"5":7,"6":1,"7":1,"8":1,"9":9,"10":1,"11":3,"12":1,"13":2,"14":1,"15":1,"16":6,"17":1,"18":1,"19":1,"20":1,"21":6,"22":1,"23":3,"24":1,"25":1,"26":4,"27":1,"28":1,"29":1,"30":1,"31":1,"32":5,"33":1,"34":1,"35":1,"36":4,"37":1,"38":4,"39":4,"40":1,"41":12,"42":12,"43":3,"44":4,"45":3,"46":1,"47":1,"48":1,"49":1,"50":1,"51":1,"52":1,"53":1,"54":2,"55":1,"56":36,"57":36,"58":12,"59":4,"60":1,"61":5,"62":1,"63":1,"64":1,"65":6,"66":1,"67":4,"68":4,"69":8,"70":1,"71":4,"72":1,"73":4,"74":6,"75":1,"76":1,"77":22,"78":8,"79":1,"80":18,"81":6,"82":1,"83":1,"84":66,"85":12,"86":22,"87":1,"88":18,"89":4,"90":0,"91":1,"92":62,"93":10,"94":18,"95":1,"96":1,"97":8,"98":11,"99":1,"100":1,"101":1,"102":1,"103":3,"104":1,"105":9,"106":6,"107":1,"108":1,"109":1,"110":1,"111":12,"112":1,"113":6,"114":1,"115":6,"116":1,"117":1,"118":18,"119":6,"120":1,"121":12,"122":1,"123":30,"124":1,"125":1,"126":30,"127":7,"128":1,"129":3,"130":1,"131":30,"132":1,"133":1,"134":6,"135":1,"136":1,"137":0,"138":0,"139":0,"140":0,"141":0,"142":0,"143":0,"144":1,"145":1,"146":5,"147":5,"148":1,"149":1,"150":8,"151":1,"152":3,"153":3,"154":1,"155":5,"156":2,"157":5,"158":2},"b":{"0":[2,2]},"inputSourceMap":{"version":3,"file":"test.js","sourceRoot":"","sources":["../src/test.ts"],"names":[],"mappings":";;AAAA,6BAAuB;AACvB,sBAAoB;AACpB,YAAY,CAAC;AAyBb,MAAM,OAAO;IAKX,YAAY,CAAW;QACrB,IAAI,CAAC,OAAO,GAAG,CAAC,CAAC,OAAO,CAAC;QACzB,IAAI,CAAC,MAAM,GAAG,CAAC,CAAC,MAAM,CAAC;QACvB,IAAI,CAAC,cAAc,GAAG,CAAC,CAAC,cAAc,CAAC;IACzC,CAAC;CACF;AAED,MAAM,MAAM;IAIV,YAAY,GAAS;QACnB,IAAI,CAAC,IAAI,GAAG,GAAG,CAAC,IAAI,CAAC;QACrB,IAAI,CAAC,GAAG,GAAG,GAAG,CAAC,GAAI,CAAC;IACtB,CAAC;CACF;AAED,MAAM,GAAG;IAMP,YAAY,GAAS;QACnB,IAAI,CAAC,IAAI,GAAG,GAAG,CAAC,IAAI,CAAC;QACrB,IAAI,CAAC,GAAG,GAAG,GAAG,CAAC,GAAI,CAAC;QACpB,IAAI,CAAC,KAAK,GAAG,GAAG,CAAC,KAAM,CAAC;QACxB,IAAI,CAAC,UAAU,GAAG,GAAG,CAAC,UAAW,CAAC;IACpC,CAAC;CACF;AAED,MAAM,GAAI,SAAQ,GAAG;IACZ,KAAK;QACV,OAAO,MAAM,CAAC;IAChB,CAAC;CACF;AAED,MAAM,QAAQ;IACZ,YAAmB,IAAY,EAAS,IAAW;QAAhC,SAAI,GAAJ,IAAI,CAAQ;QAAS,SAAI,GAAJ,IAAI,CAAO;IAAI,CAAC;CACzD;AAED,MAAM,OAAO;IAIX,YAAY,OAAiB;QAC3B,IAAI,CAAC,IAAI,GAAG,OAAO,CAAC,IAAI,CAAC;QACzB,IAAI,CAAC,IAAI,GAAG,OAAO,CAAC,IAAI,CAAC;IAC3B,CAAC;CACF;AAED,IAAA,aAAI,EAAC,KAAK,EAAE,CAAC,CAAC,EAAE;IACd,MAAM,IAAI,GAAa,EAAE,CAAC;IAC1B,IAAI,CAAC,GAAG,CAAC,KAAK,CAAC,CAAC;IAChB,CAAC,CAAC,EAAE,CAAC,IAAI,CAAC,KAAK,EAAE,EAAE,KAAK,CAAC,CAAC;AAC5B,CAAC,CAAC,CAAC;AAEH,IAAA,aAAI,EAAC,UAAU,EAAE,CAAC,CAAC,EAAE;IACnB,MAAM,IAAI,GAAa,EAAE,CAAC;IAC1B,IAAI,CAAC,QAAQ,CAAC,CAAC,KAAK,EAAE,QAAQ,EAAE,IAAI,CAAC,CAAC,CAAC;IACvC,CAAC,CAAC,SAAS,CAAC,IAAI,CAAC,OAAO,EAAE,EAAE,CAAC,KAAK,EAAE,QAAQ,EAAE,IAAI,CAAC,CAAC,CAAC;AACvD,CAAC,CAAC,CAAC;AAEH,IAAA,aAAI,EAAC,WAAW,EAAE,CAAC,CAAC,EAAE;IACpB,MAAM,QAAQ,GAAG,6CAA6C,CAAC;IAC/D,MAAM,QAAQ,GAAG,8CAA8C,CAAC;IAChE,MAAM,KAAK,GAAG,QAAQ,CAAC,KAAK,CAAC,GAAG,CAAC,CAAC;IAClC,CAAC,CAAC,EAAE,CACF,KAAK,CAAC,SAAS,CACb,CAAC,eAAe,EAAE,IAAI,EAAE,EAAE,CAAC,IAAI,GAAG,GAAG,GAAG,eAAe,EACvD,EAAE,CACH,EACD,QAAQ,CACT,CAAC;AACJ,CAAC,CAAC,CAAC;AAEH,IAAA,aAAI,EAAC,KAAK,EAAE,CAAC,CAAC,EAAE;IACd,MAAM,IAAI,GAAG;QACX,IAAI,GAAG,CAAC,EAAE,GAAG,EAAE,EAAE,EAAE,IAAI,EAAE,QAAQ,EAAE,CAAC;QACpC,IAAI,GAAG,CAAC,EAAE,GAAG,EAAE,CAAC,EAAE,IAAI,EAAE,OAAO,EAAE,CAAC;QAClC,IAAI,GAAG,CAAC,EAAE,GAAG,EAAE,CAAC,EAAE,IAAI,EAAE,UAAU,EAAE,CAAC;KACtC,CAAC;IAEF,kCAAkC;IAClC,+BAA+B;IAC/B,CAAC,CAAC,KAAK,CAAC,IAAI,CAAC,GAAG,CAAC,GAAG,CAAC,EAAE,CAAC,GAAG,CAAC,IAAI,CAAC,UAAU,CAAC,GAAG,CAAC,CAAC,CAAC,CAAC;AACrD,CAAC,CAAC,CAAC;AAEH,IAAA,aAAI,EAAC,KAAK,EAAE,CAAC,CAAC,EAAE;IACd,MAAM,IAAI,GAAG;QACX,IAAI,GAAG,CAAC,EAAE,GAAG,EAAE,CAAC,EAAE,IAAI,EAAE,QAAQ,EAAE,UAAU,EAAE,IAAI,EAAE,CAAC;QACrD,IAAI,GAAG,CAAC,EAAE,GAAG,EAAE,CAAC,EAAE,IAAI,EAAE,OAAO,EAAE,UAAU,EAAE,KAAK,EAAE,CAAC;QACrD,IAAI,GAAG,CAAC,EAAE,GAAG,EAAE,CAAC,EAAE,IAAI,EAAE,UAAU,EAAE,UAAU,EAAE,KAAK,EAAE,CAAC;KACzD,CAAC;IAEF,+DAA+D;IAC/D,CAAC,CAAC,IAAI,CAAC,IAAI,CAAC,GAAG,CAAC,CAAC,CAAC,EAAE,CAAC,CAAC,CAAC,GAAG,GAAG,CAAC,IAAI,CAAC,CAAC,UAAU,KAAK,KAAK,CAAC,CAAC,CAAC;IAC3D,CAAC,CAAC,IAAI,CAAC,IAAI,CAAC,GAAG,EAAE,CAAC,CAAC;AACrB,CAAC,CAAC,CAAC;AAEH,IAAA,aAAI,EAAC,QAAQ,EAAE,CAAC,CAAC,EAAE;IACjB,MAAM,IAAI,GAAa,EAAE,CAAC;IAC1B,IAAI,CAAC,QAAQ,CAAC,CAAC,KAAK,EAAE,QAAQ,EAAE,IAAI,CAAC,CAAC,CAAC;IACvC,IAAI,CAAC,MAAM,CAAC,MAAM,CAAC,CAAC,CAAC,iBAAiB;IACtC,CAAC,CAAC,SAAS,CAAC,IAAI,CAAC,OAAO,EAAE,EAAE,CAAC,KAAK,EAAE,QAAQ,EAAE,IAAI,EAAE,CAAC,CAAC;IACtD,CAAC,CAAC,SAAS,CAAC,IAAI,CAAC,MAAM,CAAC,MAAM,CAAC,CAAC,OAAO,EAAE,EAAE,CAAC,KAAK,EAAE,QAAQ,EAAE,IAAI,EAAE,MAAM,CAAC,CAAC,CAAC;AAC9E,CAAC,CAAC,CAAC;AAEH,IAAA,aAAI,EAAC,SAAS,EAAE,CAAC,CAAC,EAAE;IAClB,MAAM,MAAM,GAAG,CAAC,EAAE,EAAE,EAAE,EAAE,GAAG,EAAE,EAAE,EAAE,EAAE,CAAC,CAAC;IACrC,MAAM,MAAM,GAAc;QACxB,EAAE,GAAG,EAAE,EAAE,EAAE,IAAI,EAAE,OAAO,EAAE;QAC1B,EAAE,GAAG,EAAE,EAAE,EAAE,IAAI,EAAE,OAAO,EAAE;QAC1B,EAAE,GAAG,EAAE,EAAE,EAAE,IAAI,EAAE,KAAK,EAAE;KACzB,CAAC;IACF,CAAC,CAAC,EAAE,CAAC,MAAM,CAAC,OAAO,EAAE,EAAE,IAAI,CAAC,CAAC;IAC7B,CAAC,CAAC,EAAE,CAAC,MAAM,CAAC,OAAO,CAAC,CAAC,CAAC,EAAE,CAAC,CAAC,CAAC,GAAG,CAAC,EAAE,EAAE,CAAC,CAAC;AACvC,CAAC,CAAC,CAAC;AAEH,IAAA,aAAI,EAAC,MAAM,EAAE,CAAC,CAAC,EAAE;IACf,MAAM,IAAI,GAAG;QACX,IAAI,GAAG,CAAC,EAAE,GAAG,EAAE,CAAC,EAAE,IAAI,EAAE,QAAQ,EAAE,UAAU,EAAE,IAAI,EAAE,CAAC;QACrD,IAAI,GAAG,CAAC,EAAE,GAAG,EAAE,CAAC,EAAE,IAAI,EAAE,UAAU,EAAE,UAAU,EAAE,KAAK,EAAE,CAAC;KACzD,CAAC;IAEF,MAAM,IAAI,GAAG,IAAI,CAAC,IAAI,EAAO,CAAC,OAAO,EAAE,CAAC;IAExC,CAAC,CAAC,IAAI,CAAC,OAAO,IAAI,CAAC,KAAK,EAAE,CAAC,KAAK,KAAK,UAAU,CAAC,CAAC;IACjD,CAAC,CAAC,EAAE,CAAC,IAAI,CAAC,KAAK,EAAE,CAAC,KAAK,EAAE,EAAE,MAAM,CAAC,CAAC;IACnC,CAAC,CAAC,IAAI,CAAC,OAAO,IAAI,CAAC,IAAI,EAAE,CAAC,KAAK,KAAK,WAAW,CAAC,CAAC;AACnD,CAAC,CAAC,CAAC;AAEH,IAAA,aAAI,EAAC,QAAQ,EAAE,CAAC,CAAC,EAAE;IACjB,MAAM,IAAI,GAAG;QACX,IAAI,GAAG,CAAC,EAAE,GAAG,EAAE,CAAC,EAAE,IAAI,EAAE,QAAQ,EAAE,CAAC;QACnC,IAAI,GAAG,CAAC,EAAE,GAAG,EAAE,CAAC,EAAE,IAAI,EAAE,OAAO,EAAE,CAAC;QAClC,IAAI,GAAG,CAAC,EAAE,GAAG,EAAE,CAAC,EAAE,IAAI,EAAE,UAAU,EAAE,CAAC;KACtC,CAAC;IACF,MAAM,IAAI,GAAG;QACX,IAAI,GAAG,CAAC,EAAE,GAAG,EAAE,CAAC,EAAE,IAAI,EAAE,SAAS,EAAE,CAAC;QACpC,IAAI,GAAG,CAAC,EAAE,GAAG,EAAE,EAAE,EAAE,IAAI,EAAE,QAAQ,EAAE,CAAC;QACpC,IAAI,GAAG,CAAC,EAAE,GAAG,EAAE,CAAC,EAAE,IAAI,EAAE,MAAM,EAAE,CAAC;KAClC,CAAC;IACF,MAAM,QAAQ,GAAG;QACf,IAAI,GAAG,CAAC,EAAE,GAAG,EAAE,CAAC,EAAE,IAAI,EAAE,QAAQ,EAAE,CAAC;QACnC,IAAI,GAAG,CAAC,EAAE,GAAG,EAAE,CAAC,EAAE,IAAI,EAAE,OAAO,EAAE,CAAC;QAClC,IAAI,GAAG,CAAC,EAAE,GAAG,EAAE,CAAC,EAAE,IAAI,EAAE,UAAU,EAAE,CAAC;QACrC,IAAI,GAAG,CAAC,EAAE,GAAG,EAAE,CAAC,EAAE,IAAI,EAAE,SAAS,EAAE,CAAC;QACpC,IAAI,GAAG,CAAC,EAAE,GAAG,EAAE,EAAE,EAAE,IAAI,EAAE,QAAQ,EAAE,CAAC;QACpC,IAAI,GAAG,CAAC,EAAE,GAAG,EAAE,CAAC,EAAE,IAAI,EAAE,MAAM,EAAE,CAAC;KAClC,CAAC;IACF,CAAC,CAAC,SAAS,CACT,IAAI;SACD,MAAM,CAAC,IAAI,CAAC;SACZ,OAAO,EAAE,EACZ,QAAQ,CACT,CAAC;IACF,CAAC,CAAC,SAAS,CACT,IAAI,EACJ;QACE,IAAI,GAAG,CAAC,EAAE,GAAG,EAAE,CAAC,EAAE,IAAI,EAAE,QAAQ,EAAE,CAAC;QACnC,IAAI,GAAG,CAAC,EAAE,GAAG,EAAE,CAAC,EAAE,IAAI,EAAE,OAAO,EAAE,CAAC;QAClC,IAAI,GAAG,CAAC,EAAE,GAAG,EAAE,CAAC,EAAE,IAAI,EAAE,UAAU,EAAE,CAAC;KACtC,CACF,CAAC;AACJ,CAAC,CAAC,CAAC;AAEH,IAAA,aAAI,EAAC,UAAU,EAAE,CAAC,CAAC,EAAE;IACnB,MAAM,MAAM,GAAG;QACb,OAAO;QACP,QAAQ;QACR,OAAO;QACP,QAAQ;QACR,cAAc;QACd,OAAO;KACR,CAAC;IACF,CAAC,CAAC,IAAI,CAAC,MAAM,CAAC,QAAQ,CAAC,OAAO,CAAC,CAAC,CAAC;AACnC,CAAC,CAAC,CAAC;AAEH,IAAA,aAAI,EAAC,OAAO,EAAE,CAAC,CAAC,EAAE;IAChB,MAAM,MAAM,GAAG;QACb,OAAO;QACP,QAAQ;QACR,OAAO;QACP,QAAQ;QACR,cAAc;QACd,OAAO;KACR,CAAC;IACF,CAAC,CAAC,EAAE,CAAC,MAAM,CAAC,KAAK,EAAE,EAAE,CAAC,CAAC,CAAC;IACxB,CAAC,CAAC,EAAE,CAAC,MAAM,CAAC,KAAK,CAAC,CAAC,CAAC,EAAE,CAAC,CAAC,CAAC,MAAM,GAAG,CAAC,CAAC,EAAE,CAAC,CAAC,CAAC;AAC3C,CAAC,CAAC,CAAC;AAEH,IAAA,aAAI,EAAC,gBAAgB,EAAE,CAAC,CAAC,EAAE;IACzB,MAAM,IAAI,GAAG;QACX,IAAI,GAAG,CAAC,EAAE,GAAG,EAAE,CAAC,EAAE,IAAI,EAAE,QAAQ,EAAE,CAAC;QACnC,IAAI,GAAG,CAAC,EAAE,GAAG,EAAE,CAAC,EAAE,IAAI,EAAE,OAAO,EAAE,CAAC;QAClC,IAAI,GAAG,CAAC,EAAE,GAAG,EAAE,CAAC,EAAE,IAAI,EAAE,UAAU,EAAE,CAAC;KACtC,CAAC;IACF,CAAC,CAAC,SAAS,CACT,IAAI;SACD,cAAc,EAAE;SAChB,MAAM,CAAC,GAAG,CAAC,EAAE,CAAC,GAAG,CAAC,IAAI,CAAC;SACvB,OAAO,EAAE,EACZ,CAAC,QAAQ,EAAE,OAAO,EAAE,UAAU,CAAC,CAChC,CAAC;IACF,MAAM,OAAO,GAAa,EAAE,CAAC;IAC7B,CAAC,CAAC,SAAS,CAAC,OAAO,CAAC,cAAc,CAAC,CAAC,CAAC,CAAC,OAAO,EAAE,EAAE,CAAC,CAAC,CAAC,CAAC,CAAC;AACxD,CAAC,CAAC,CAAC;AAEH,IAAA,aAAI,EAAC,UAAU,EAAE,CAAC,CAAC,EAAE;IACnB,MAAM,IAAI,GAAG,CAAC,EAAE,EAAE,EAAE,EAAE,EAAE,EAAE,EAAE,EAAE,EAAE,EAAE,EAAE,EAAE,EAAE,EAAE,EAAE,CAAC,CAAC;IAC9C,MAAM,IAAI,GAAG;QACX,IAAI,GAAG,CAAC,EAAE,GAAG,EAAE,CAAC,EAAE,IAAI,EAAE,UAAU,EAAE,CAAC;QACrC,IAAI,GAAG,CAAC,EAAE,GAAG,EAAE,CAAC,EAAE,IAAI,EAAE,UAAU,EAAE,CAAC;QACrC,IAAI,GAAG,CAAC,EAAE,GAAG,EAAE,CAAC,EAAE,IAAI,EAAE,QAAQ,EAAE,CAAC;QACnC,IAAI,GAAG,CAAC,EAAE,GAAG,EAAE,CAAC,EAAE,IAAI,EAAE,QAAQ,EAAE,CAAC;QACnC,IAAI,GAAG,CAAC,EAAE,GAAG,EAAE,EAAE,EAAE,IAAI,EAAE,SAAS,EAAE,CAAC;KACtC,CAAC;IACF,MAAM,QAAQ,GAAG;QACf,IAAI,GAAG,CAAC,EAAE,GAAG,EAAE,CAAC,EAAE,IAAI,EAAE,UAAU,EAAE,CAAC;QACrC,IAAI,GAAG,CAAC,EAAE,GAAG,EAAE,CAAC,EAAE,IAAI,EAAE,QAAQ,EAAE,CAAC;QACnC,IAAI,GAAG,CAAC,EAAE,GAAG,EAAE,EAAE,EAAE,IAAI,EAAE,SAAS,EAAE,CAAC;KACtC,CAAC;IACF,CAAC,CAAC,SAAS,CAAC,IAAI,CAAC,QAAQ,EAAE,CAAC,OAAO,EAAE,EAAE,CAAC,EAAE,EAAE,EAAE,EAAE,EAAE,EAAE,EAAE,CAAC,CAAC,CAAC;IACzD,CAAC,CAAC,SAAS,CAAC,IAAI,CAAC,QAAQ,EAAE,CAAC,OAAO,EAAE,EAAE,QAAQ,CAAC,CAAC;AACnD,CAAC,CAAC,CAAC;AAEH,IAAA,aAAI,EAAC,YAAY,EAAE,CAAC,CAAC,EAAE;IACrB,MAAM,IAAI,GAAG;QACX,IAAI,GAAG,CAAC,EAAE,GAAG,EAAE,CAAC,EAAE,IAAI,EAAE,UAAU,EAAE,CAAC;QACrC,IAAI,GAAG,CAAC,EAAE,GAAG,EAAE,CAAC,EAAE,IAAI,EAAE,OAAO,EAAE,CAAC;QAClC,IAAI,GAAG,CAAC,EAAE,GAAG,EAAE,CAAC,EAAE,IAAI,EAAE,QAAQ,EAAE,CAAC;QACnC,IAAI,GAAG,CAAC,EAAE,GAAG,EAAE,CAAC,EAAE,IAAI,EAAE,OAAO,EAAE,CAAC;KACnC,CAAC;IAEF,MAAM,MAAM,GAAG;QACb,IAAI,GAAG,CAAC,EAAE,GAAG,EAAE,CAAC,EAAE,IAAI,EAAE,UAAU,EAAE,CAAC;QACrC,IAAI,GAAG,CAAC,EAAE,GAAG,EAAE,CAAC,EAAE,IAAI,EAAE,OAAO,EAAE,CAAC;QAClC,IAAI,GAAG,CAAC,EAAE,GAAG,EAAE,CAAC,EAAE,IAAI,EAAE,QAAQ,EAAE,CAAC;KACpC,CAAC;IAEF,CAAC,CAAC,SAAS,CAAC,IAAI,CAAC,UAAU,CAAC,GAAG,CAAC,EAAE,CAAC,GAAG,CAAC,GAAG,CAAC,CAAC,OAAO,EAAE,EAAE,MAAM,CAAC,CAAC;AACjE,CAAC,CAAC,CAAC;AAEH,IAAA,aAAI,EAAC,WAAW,EAAE,CAAC,CAAC,EAAE;IACpB,MAAM,CAAC,GAAG,CAAC,KAAK,EAAE,MAAM,EAAE,KAAK,EAAE,KAAK,CAAC,CAAC;IACxC,CAAC,CAAC,EAAE,CAAC,CAAC,CAAC,SAAS,CAAC,CAAC,CAAC,EAAE,KAAK,CAAC,CAAC;IAC5B,CAAC,CAAC,MAAM,CACN,GAAG,EAAE,CAAC,CAAC,CAAC,SAAS,CAAC,CAAC,CAAC,EAAC;QACnB,OAAO,EACT,iHAAiH;KACpH,CAAC,CAAC;AACH,CAAC,CAAC,CAAC;AAEH,IAAA,aAAI,EAAC,oBAAoB,EAAE,CAAC,CAAC,EAAE;IAC7B,MAAM,CAAC,GAAG,CAAC,KAAK,EAAE,MAAM,EAAE,KAAK,EAAE,KAAK,CAAC,CAAC;IACxC,CAAC,CAAC,EAAE,CAAC,CAAC,CAAC,kBAAkB,CAAC,CAAC,CAAC,EAAE,KAAK,CAAC,CAAC;IACrC,CAAC,CAAC,EAAE,CAAC,CAAC,CAAC,kBAAkB,CAAC,CAAC,CAAC,EAAE,SAAS,CAAC,CAAC;AAC3C,CAAC,CAAC,CAAC;AAEH,IAAA,aAAI,EAAC,QAAQ,EAAE,CAAC,CAAC,EAAE;IACjB,MAAM,QAAQ,GAAG,CAAC,GAAG,EAAE,GAAG,EAAE,GAAG,EAAE,GAAG,EAAE,GAAG,EAAE,GAAG,CAAC,CAAC;IAChD,MAAM,QAAQ,GAAG,CAAC,GAAG,EAAE,GAAG,CAAC,CAAC;IAC5B,CAAC,CAAC,SAAS,CAAC,QAAQ,CAAC,MAAM,CAAC,QAAQ,CAAC,CAAC,OAAO,EAAE,EAAE,CAAC,CAAC,EAAE,GAAG,EAAE,GAAG,EAAE,GAAG,CAAC,CAAC,CAAC;AACvE,CAAC,CAAC,CAAC;AAEH,IAAA,aAAI,EAAC,OAAO,EAAE,CAAC,CAAC,EAAE;IAChB,CAAC,CAAC,EAAE,CAAC,CAAC,KAAK,EAAE,MAAM,EAAE,KAAK,EAAE,KAAK,CAAC,CAAC,KAAK,EAAE,EAAE,KAAK,CAAC,CAAC;IACnD,CAAC,CAAC,EAAE,CAAC,CAAC,CAAC,EAAE,CAAC,EAAE,CAAC,EAAE,CAAC,EAAE,CAAC,CAAC,CAAC,KAAK,CAAC,CAAC,CAAC,EAAE,CAAC,CAAC,GAAG,CAAC,CAAC,EAAE,CAAC,CAAC,CAAC;IAC3C,CAAC,CAAC,MAAM,CACN,GAAG,EAAE,CAAC,EAAE,CAAC,KAAK,EAAE,EAAC;QACf,OAAO,EACT,0DAA0D;KAC7D,CAAC,CAAC;AACH,CAAC,CAAC,CAAC;AAEH,IAAA,aAAI,EAAC,gBAAgB,EAAE,CAAC,CAAC,EAAE;IACzB,CAAC,CAAC,EAAE,CAAC,CAAC,KAAK,EAAE,MAAM,EAAE,KAAK,EAAE,KAAK,CAAC,CAAC,cAAc,EAAE,EAAE,KAAK,CAAC,CAAC;IAC5D,CAAC,CAAC,EAAE,CAAC,EAAE,CAAC,cAAc,EAAE,EAAE,SAAS,CAAC,CAAC;AACvC,CAAC,CAAC,CAAC;AAEH,IAAA,aAAI,EAAC,SAAS,EAAE,CAAC,CAAC,EAAE;IAClB,MAAM,KAAK,GAAG,CAAC,OAAO,EAAE,QAAQ,EAAE,KAAK,EAAE,SAAS,CAAC,CAAC;IACpD,IAAI,IAAI,GAAG,EAAE,CAAC;IACd,KAAK,CAAC,OAAO,CAAC,CAAC,CAAC,EAAE,CAAC,EAAE,EAAE,CAAC,CAAC,IAAI,IAAI,GAAG,CAAC,IAAI,CAAC,GAAG,CAAC,CAAC,CAAC;IAChD,CAAC,CAAC,EAAE,CAAC,IAAI,EAAE,mCAAmC,CAAC,CAAC;AAClD,CAAC,CAAC,CAAC;AAEH,IAAA,aAAI,EAAC,SAAS,EAAE,CAAC,CAAC,EAAE;IAClB,MAAM,IAAI,GAAU;QAClB,IAAI,GAAG,CAAC,EAAE,GAAG,EAAE,CAAC,EAAE,IAAI,EAAE,QAAQ,EAAE,CAAC;QACnC,IAAI,GAAG,CAAC,EAAE,GAAG,EAAE,CAAC,EAAE,IAAI,EAAE,OAAO,EAAE,CAAC;QAClC,IAAI,GAAG,CAAC,EAAE,GAAG,EAAE,CAAC,EAAE,IAAI,EAAE,UAAU,EAAE,CAAC;QACrC,IAAI,GAAG,CAAC,EAAE,GAAG,EAAE,CAAC,EAAE,IAAI,EAAE,OAAO,EAAE,CAAC;KACnC,CAAC;IACF,MAAM,MAAM,GAAG;QACb,GAAG,EAAE,CAAC,UAAU,CAAC;QACjB,GAAG,EAAE,CAAC,OAAO,EAAE,OAAO,CAAC;QACvB,GAAG,EAAE,CAAC,QAAQ,CAAC;KAChB,CAAC;IACF,CAAC,CAAC,SAAS,CAAC,IAAI,CAAC,OAAO,CAAC,GAAG,CAAC,EAAE,CAAC,GAAG,CAAC,GAAG,EAAE,GAAG,CAAC,EAAE,CAAC,GAAG,CAAC,IAAI,CAAC,EAAE,MAAM,CAAC,CAAC;AACrE,CAAC,CAAC,CAAC;AAEH,IAAA,aAAI,EAAC,WAAW,EAAE,CAAC,CAAC,EAAE;IACpB,MAAM,MAAM,GAAG,IAAI,MAAM,CAAC,EAAE,IAAI,EAAE,iBAAiB,EAAE,CAAC,CAAC;IACvD,MAAM,KAAK,GAAG,IAAI,MAAM,CAAC,EAAE,IAAI,EAAE,cAAc,EAAE,CAAC,CAAC;IACnD,MAAM,SAAS,GAAG,IAAI,MAAM,CAAC,EAAE,IAAI,EAAE,kBAAkB,EAAE,CAAC,CAAC;IAE3D,MAAM,MAAM,GAAG,IAAI,GAAG,CAAC,EAAE,IAAI,EAAE,QAAQ,EAAE,KAAK,EAAE,KAAK,EAAE,CAAC,CAAC;IACzD,MAAM,KAAK,GAAG,IAAI,GAAG,CAAC,EAAE,IAAI,EAAE,OAAO,EAAE,KAAK,EAAE,KAAK,EAAE,CAAC,CAAC;IACv
[...]
CAAC,OAAO,GAAG,UAAa,OAAU;IAC7C,OAAO,QAAQ,CAAI,IAAI,CAAC,CAAC,OAAO,CAAC,OAAO,CAAC,CAAC;AAC9C,CAAC,CAAC;AAEF,KAAK,CAAC,SAAS,CAAC,MAAM,GAAG,UAAa,KAAa,EAAE,OAAU;IAC3D,IAAI,EAAE,GAAG,QAAQ,CAAI,IAAI,CAAC,CAAC;IAC3B,IAAI,KAAK,GAAG,CAAC,IAAI,KAAK,GAAG,EAAE,CAAC,MAAM,EAAE,CAAC;QACjC,MAAM,IAAI,KAAK,CAAC,wBAAwB,CAAC,CAAC;IAC9C,CAAC;IACD,EAAE,CAAC,MAAM,CAAC,KAAK,EAAE,CAAC,EAAE,OAAO,CAAC,CAAC;AACjC,CAAC,CAAC;AAEF,KAAK,CAAC,SAAS,CAAC,WAAW,GAAG,UAAa,KAAa,EAAE,KAAU;IAChE,IAAI,EAAE,GAAG,QAAQ,CAAI,IAAI,CAAC,CAAC;IAC3B,IAAI,KAAK,GAAG,CAAC,IAAI,KAAK,GAAG,EAAE,CAAC,MAAM,EAAE,CAAC;QACjC,MAAM,IAAI,KAAK,CAAC,wBAAwB,CAAC,CAAC;IAC9C,CAAC;IACD,KAAK,IAAI,CAAC,GAAG,CAAC,EAAE,CAAC,GAAG,KAAK,CAAC,MAAM,EAAE,CAAC,EAAE,EAAE,CAAC;QACpC,EAAE,CAAC,MAAM,CAAC,KAAK,GAAG,CAAC,EAAE,CAAC,EAAE,KAAK,CAAC,CAAC,CAAC,CAAC,CAAC;IACtC,CAAC;AACL,CAAC,CAAC;AAEF,KAAK,CAAC,SAAS,CAAC,SAAS,GAAG,UAAa,MAAW;IAChD,OAAO,IAAI,CAAC,KAAK,CAAC,CAAC,CAAC,EAAE,CAAC,MAAM,CAAC,QAAQ,CAAC,CAAC,CAAC,CAAC,CAAA;AAC9C,CAAC,CAAC;AAEF,KAAK,CAAC,SAAS,CAAC,IAAI,GAAG,UACnB,IAAS,EACT,IAAqB,EACrB,IAAqB,EACrB,MAAoC;IAGpC,MAAM,OAAO,GAAI,IAAI,CAAC,UAAU,CAAC,CAAC,CAAC,EAAE;QACjC,MAAM,QAAQ,GAAG,IAAI,CAAC,KAAK,CAAC,CAAC,CAAC,EAAE,CAAC,IAAI,CAAC,CAAC,CAAC,KAAK,IAAI,CAAC,CAAC,CAAC,CAAC,CAAC;QACtD,MAAM,IAAI,GAAG,QAAQ,CAAC,MAAM,CAAC,CAAC,CAAC,EAAE,CAAC,MAAM,CAAC,CAAC,EAAE,CAAC,CAAC,CAAC,CAAC;QAChD,OAAO,IAAI,CAAC,OAAO,EAAE,CAAC;IAC1B,CAAC,CAAC,CAAC;IACH,OAAO,IAAI,IAAI,CAAC,OAAO,CAAC,CAAC;AAC7B,CAAC,CAAC;AAEF,KAAK,CAAC,SAAS,CAAC,IAAI,GAAG,UACnB,SAA2D;IAE3D,IAAI,EAAE,GAAG,QAAQ,CAAI,IAAI,CAAC,CAAA;IAC1B,IAAI,IAAI,CAAC,KAAK,EAAE,EAAE,CAAC;QACf,OAAO,SAAS,CAAC,CAAC,CAAC,EAAE,CAAC,KAAK,CAAC,SAAS,CAAC,CAAC,IAAI,EAAE,CAAC,CAAC,CAAC,EAAE,CAAC,EAAE,CAAC,KAAK,EAAE,GAAG,CAAC,CAAC,CAAC;IACvE,CAAC;SAAM,CAAC;QACJ,OAAO,CAAC,GAAG,CAAC,UAAU,GAAG,0DAA0D,CAAC,CAAC;QACrF,MAAM,KAAK,CAAC,0DAA0D,CAAC,CAAC;IAC5E,CAAC;AACL,CAAC,CAAC;AAEF,KAAK,CAAC,SAAS,CAAC,aAAa,GAAG,UAC5B,SAA2D;IAE3D,OAAO,IAAI,CAAC,KAAK,CAAC,SAAS,CAAC,CAAC,CAAC,CAAC,IAAI,CAAC,IAAI,CAAC,SAAS,CAAC,CAAC,CAAC,CAAC,SAAS,CAAC;AACpE,CAAC,CAAC;AAEF,KAAK,CAAC,SAAS,CAAC,GAAG,GAAG,UAAa,QAA0D;IACzF,IAAI,EAAE,GAAG,QAAQ,CAAI,IAAI,CAAC,CAAA;IAC1B,IAAI,GAAG,GAAG,QAAQ,CAAC,CAAC,CAAC,QAAQ,CAAC,EAAE,CAAC,CAAC,CAAC,EAAE,CAAC,EAAE,EAAE,CAAC,CAAC,CAAC,CAAC,EAAE,CAAC,CAAC,CAAW,CAAC;IAC9D,IAAI,QAAQ,EAAE,CAAC;QACX,KAAK,IAAI,CAAC,GAAG,CAAC,EAAE,CAAC,GAAG,EAAE,CAAC,MAAM,EAAE,CAAC,EAAE,EAAE,CAAC;YACjC,GAAG,GAAG,QAAQ,CAAC,EAAE,CAAC,CAAC,CAAC,EAAE,CAAC,EAAE,EAAE,CAAC,GAAG,GAAG,CAAC,CAAC,CAAC,GAAG,GAAG,QAAQ,CAAC,EAAE,CAAC,CAAC,CAAC,EAAE,CAAC,EAAE,EAAE,CAAC,CAAC,CAAC,CAAC,GAAG,CAAC;QAC5E,CAAC;IACL,CAAC;SAAM,CAAC;QACJ,KAAK,IAAI,CAAC,GAAG,CAAC,EAAE,CAAC,GAAG,EAAE,CAAC,MAAM,EAAE,CAAC,EAAE,EAAE,CAAC;YACjC,GAAG,GAAG,EAAE,CAAC,CAAC,CAAW,GAAG,GAAG,CAAC,CAAC,CAAC,GAAG,GAAG,EAAE,CAAC,CAAC,CAAW,CAAA,CAAC,CAAC,GAAG,CAAC;QAC7D,CAAC;IACL,CAAC;IACD,OAAO,GAAG,CAAC;AACf,CAAC,CAAC;AAEF,KAAK,CAAC,SAAS,CAAC,KAAK,GAAG,UAAa,WAA6B;IAC9D,OAAO,IAAI,CAAC,iBAAiB,CAAC,WAAW,CAAC,CAAC,KAAK,EAAE,CAAC;AACvD,CAAC,CAAC;AAEF,KAAK,CAAC,SAAS,CAAC,GAAG,GAAG,UAAa,QAA0D;IAEzF,IAAI,EAAE,GAAG,QAAQ,CAAI,IAAI,CAAC,CAAC;IAC3B,IAAI,GAAG,GAAG,QAAQ,CAAC,CAAC,CAAC,QAAQ,CAAC,IAAI,CAAC,CAAC,CAAC,EAAE,CAAC,EAAE,IAAI,CAAC,CAAC,CAAC,CAAC,IAAI,CAAC,CAAC,CAAW,CAAA;IACnE,IAAI,QAAQ,EAAE,CAAC;QACX,KAAK,IAAI,CAAC,GAAG,CAAC,EAAE,CAAC,GAAG,EAAE,CAAC,MAAM,EAAE,CAAC,EAAE,EAAE,CAAC;YACjC,GAAG,GAAG,QAAQ,CAAC,EAAE,CAAC,CAAC,CAAC,EAAE,CAAC,EAAE,EAAE,CAAC,GAAG,GAAG,CAAC,CAAC,CAAC,GAAG,GAAG,QAAQ,CAAC,EAAE,CAAC,CAAC,CAAC,EAAE,CAAC,EAAE,EAAE,CAAC,CAAC,CAAC,CAAC,GAAG,CAAC;QAC5E,CAAC;IACL,CAAC;SAAM,CAAC;QACJ,KAAK,IAAI,CAAC,GAAG,CAAC,EAAE,CAAC,GAAG,EAAE,CAAC,MAAM,EAAE,CAAC,EAAE,EAAE,CAAC;YACjC,GAAG,GAAG,EAAE,CAAC,CAAC,CAAW,GAAG,GAAG,CAAC,CAAC,CAAC,GAAG,GAAG,EAAE,CAAC,CAAC,CAAW,CAAC,CAAC,CAAC,GAAG,CAAC;QAC9D,CAAC;IACL,CAAC;IACD,OAAO,GAAG,CAAC;AACf,CAAC,CAAC;AAEF,KAAK,CAAC,SAAS,CAAC,KAAK,GAAG,UAAa,WAA6B;IAC9D,OAAO,IAAI,CAAC,OAAO,CAAC,WAAW,CAAC,CAAC,KAAK,EAAE,CAAC;AAC7C,CAAC,CAAC;AAEF,KAAK,CAAC,SAAS,CAAC,MAAM,GAAG,UAAa,IAAS;IAC3C,IAAI,QAAgB,CAAC;IACrB,IAAI,EAAE,GAAG,QAAQ,CAAI,IAAI,CAAC,CAAA;IAC1B,QAAQ,IAAI,EAAE,CAAC;QACX,KAAK,MAAM;YACP,QAAQ,GAAG,OAAO,CAAC,CAAA;YACnB,MAAK;QACT,KAAK,MAAM;YACP,QAAQ,GAAG,OAAO,EAAE,CAAA;YACpB,MAAK;QACT,KAAK,OAAO;YACR,QAAQ,GAAG,OAAO,IAAI,CAAA;YACtB,MAAK;QACT,KAAK,QAAQ;YACT,QAAQ,GAAG,OAAO,cAAc,CAAC,CAAA;YACjC,MAAK;QACT;YACI,QAAQ,GAAG,EAAE,CAAA;YACb,MAAK;IACb,CAAC;IACD,OAAO,QAAQ,KAAK,IAAI;QACpB,CAAC,CAAC,EAAE,CAAC,KAAK,CAAC,CAAC,CAAC,EAAE,CAAC,CAAC,YAAY,IAAI,CAAC,CAAC,IAAI,EAAE;QACzC,CAAC,CAAC,EAAE,CAAC,KAAK,CAAC,CAAC,CAAC,EAAE,CAAC,OAAO,CAAC,KAAK,QAAQ,CAAC,CAAC,IAAI,EAAE,CAAA;AACrD,CAAC,CAAA;AAED,KAAK,CAAC,SAAS,CAAC,OAAO,GAAG,UAAa,WAA4B,EAC/D,QAAQ,GAAG,WAAW,CAAC,WAAW,EAAE,KAAK,CAAC;IAC1C,MAAM,IAAI,GAAa,IAAI,KAAK,EAAE,CAAC;IACnC,KAAK,MAAM,IAAI,IAAI,IAAI,YAAY,IAAI,CAAC,CAAC,CAAC,IAAI,CAAC,MAAM,CAAC,CAAC,CAAC,IAAI,EAAE,CAAC;QAC3D,IAAI,CAAC,IAAI,CAAC,IAAI,CAAC,CAAC;IACpB,CAAC;IACD,OAAO,IAAI,IAAI,CAAI,IAAI,EAAE,QAAQ,CAAC,CAAC;AACvC,CAAC,CAAC;AAEF,KAAK,CAAC,SAAS,CAAC,iBAAiB,GAAG,UAAa,WAA4B,EACzE,QAAQ,GAAG,WAAW,CAAC,WAAW,EAAE,IAAI,CAAC;IACzC,MAAM,IAAI,GAAa,IAAI,KAAK,EAAE,CAAC;IACnC,KAAK,MAAM,IAAI,IAAI,IAAI,YAAY,IAAI,CAAC,CAAC,CAAC,IAAI,CAAC,MAAM,CAAC,CAAC,CAAC,IAAI,EAAE,CAAC;QAC3D,IAAI,CAAC,IAAI,CAAC,IAAI,CAAC,CAAC;IACpB,CAAC;IACD,OAAO,IAAI,IAAI,CAAI,IAAI,EAAE,QAAQ,CAAC,CAAC;AACvC,CAAC,CAAC;AAEF,KAAK,CAAC,SAAS,CAAC,OAAO,GAAG,UAAa,KAAQ;IAC3C,MAAM,IAAI,GAAG,IAAI,IAAI,EAAK,CAAC;IAC3B,IAAI,CAAC,MAAM,CAAC,IAAI,CAAC,KAAK,CAAC,CAAA;IACvB,IAAI,CAAC,OAAO,CAAC,IAAI,CAAC,EAAE;QAChB,IAAI,CAAC,MAAM,CAAC,IAAI,CAAC,IAAI,CAAC,CAAA;IAC1B,CAAC,CAAC,CAAA;IACF,OAAO,IAAI,CAAC;AAChB,CAAC,CAAC;AAEF,KAAK,CAAC,SAAS,CAAC,MAAM,GAAG,UAAa,WAA4B;IAC9D,OAAO,IAAI,CAAC,OAAO,CAAC,WAAW,CAAC,CAAA;AACpC,CAAC,CAAC;AAEF,KAAK,CAAC,SAAS,CAAC,gBAAgB,GAAG,UAAa,WAA4B;IACxE,OAAO,IAAI,CAAC,iBAAiB,CAAC,WAAW,CAAC,CAAC;AAC/C,CAAC,CAAC;AAEF,KAAK,CAAC,SAAS,CAAC,MAAM,GAAG,UAAa,OAAU;IAC5C,OAAO,IAAI,CAAC,OAAO,CAAC,OAAO,CAAC,KAAK,CAAC,CAAC;QAC/B,CAAC,CAAC,CAAC,IAAI,CAAC,QAAQ,CAAC,IAAI,CAAC,OAAO,CAAC,OAAO,CAAC,CAAC,EAAE,IAAI,CAAC;QAC9C,CAAC,CAAC,KAAK,CAAC;AAChB,CAAC,CAAC;AAEF,KAAK,CAAC,SAAS,CAAC,SAAS,GAAG,UACxB,SAA2D;IAE3D,IAAI,SAAS,EAAE,CAAC;QACZ,MAAM,GAAG,GAAG,QAAQ,CAAI,IAAI,CAAC,CAAC;QAC9B,KAAK,IAAI,CAAC,GAAG,CAAC,EAAE,CAAC,GAAG,GAAG,CAAC,MAAM,EAAE,CAAC,EAAE,EAAE,CAAC;YAClC,IAAI,SAAS,CAAC,GAAG,CAAC,CAAC,CAAC,EAAE,CAAC,EAAC,GAAG,CAAE,EAAE,CAAC;gBAC5B,GAAG,CAAC,MAAM,CAAC,CAAC,EAAE,CAAC,CAAC,CAAC;gBACjB,CAAC,EAAE,CAAC;YACR,CAAC;QACL,CAAC;QACD,OAAO,IAAI,IAAI,CAAI,GAAG,CAAC,CAAC;IAC5B,CAAC;IACD,OAAO,IAAI,IAAI,EAAK,CAAC;AACzB,CAAC,CAAC;AAEF,KAAK,CAAC,SAAS,CAAC,QAAQ,GAAG,UAAa,KAAa;IACjD,OAAO,IAAI,YAAY,IAAI,CAAC,CAAC,CAAC,IAAI,IAAI,CAAC,IAAI,CAAC,MAAM,CAAC,MAAM,CAAC,KAAK,EAAE,CAAC,CAAC,CAAC,CAAC,CAAC,CAAC,IAAI,IAAI,CAAC,IAAI,CAAC,MAAM,CAAC,KAAK,EAAE,CAAC,CAAC,CAAC,CAAC;AAC3G,CAAC,CAAC;AAEF,KAAK,CAAC,SAAS,CAAC,WAAW,GAAG,UAAa,KAAa,EAAE,KAAa;IACnE,OAAO,IAAI,YAAY,IAAI,CAAC,CAAC,CAAC,IAAI,IAAI,CAAC,IAAI,CAAC,MAAM,CAAC,MAAM,CAAC,KAAK,EAAE,KAAK,CAAC,CAAC,CAAC,CAAC,CAAC,IAAI,IAAI,CAAC,IAAI,CAAC,MAAM,CAAC,KAAK,EAAE,KAAK,CAAC,CAAC,CAAC;AACnH,CAAC,CAAC;AAEF,KAAK,CAAC,SAAS,CAAC,OAAO,GAAG;IACtB,IAAI,YAAY,IAAI,CAAC,CAAC,CAAC,IAAI,CAAC,MAAM,CAAC,OAAO,EAAE,CAAC,CAAC,CAAC,IAAI,CAAC,OAAO,EAAE,CAAC;AAClE,CAAC,CAAC;AAEF,KAAK,CAAC,SAAS,CAAC,MAAM,GAAG,UACrB,QAA6C;IAE7C,OAAO,IAAI,IAAI,CAAO,QAAQ,CAAI,IAAI,CAAC,CAAC,GAAG,CAAC,QAAQ,CAAC,CAAC,CAAC;AAC3D,CAAC,CAAC;AAEF,KAAK,CAAC,SAAS,CAAC,UAAU,GAAG,UACzB,QAA6C;IAE7C,OAAO,IAAI,CAAC,SAAS,CACjB,CAAC,EAAE,EAAE,CAAC,EAAE,CAAC,EAAE,EAAE,CAAC,CACV,EAAE,CAAC,QAAQ,CACP,IAAI,CAAC,MAAM,CAAC,QAAQ,CAAC;SAChB,SAAS,CAAC,CAAQ,CAAC;SACnB,OAAO,EAAE,CACjB;QACD,EAAE,CACL,EACD,IAAI,IAAI,EAAQ,CACnB,CAAC;AACN,CAAC,CAAC;AAEF,KAAK,CAAC,SAAS,CAAC,aAAa,GAAG,UAAa,IAAS;IAClD,OAAQ,IAAI,CAAC,SAAS,CAAC,IAAI,CAAC,KAAG,IAAI,CAAC,SAAS,CAAC,IAAI,CAAC,CAAA;AACvD,CAAC,CAAC;AAEF,KAAK,CAAC,SAAS,CAAC,MAAM,GAAG,UACrB,SAA2D;IAE3D,IAAI,IAAI,CAAC,KAAK,CAAC,SAAS,CAAC,KAAK,CAAC,EAAE,CAAC;QAC9B,OAAO,CAAC,GAAG,CAAC,WAAW,GAAG,sDAAsD,CAAC,CAAC;QAClF,MAAM,IAAI,KAAK,CAAC,sDAAsD,CAAC,CAAC;IAC5E,CAAC;SAAM,CAAC;QACJ,OAAO,IAAI,CAAC,KAAK,CAAC,SAAS,CAAC,CAAC;IACjC,CAAC;AACL,CAAC,CAAC;AAEF,KAAK,CAAC,SAAS,CAAC,eAAe,GAAG,UAC9B,SAA2D;IAE3D,OAAO,IAAI,CAAC,KAAK,CAAC,SAAS,CAAC,CAAC,CAAC,CAAC,IAAI,CAAC,MAAM,CAAC,SAAS,CAAC,CAAC,CAAC,CAAC,SAAS,CAAC;AACtE,CAAC,CAAC;AAEF,KAAK,CAAC,SAAS,CAAC,IAAI,GAAG,UAAa,MAAc;IAC9C,OAAO,IAAI,IAAI,CAAI,QAAQ,CAAI,IAAI,CAAC,CAAC,KAAK,CAAC,IAAI,CAAC,GAAG,CAAC,CAAC,EAAE,MAAM,CAAC,CAAC,CAAC,CAAA;AACpE,CAAC,CAAC;AAEF,KAAK,CAAC,SAAS,CAAC,QAAQ,GAAG,UAAa,MAAc;IAClD,OAAO,IAAI,IAAI,CAAI,QAAQ,CAAI,IAAI,CAAC,CAAC,KAAK,CAAC,CAAC,EAAE,IAAI,CAAC,GAAG,CAAC,CAAC,EAAE,QAAQ,CAAI,IAAI,CAAC,CAAC,MAAM,GAAG,MAAM,CAAC,CAAC,CAAC,CAAA;AAClG,CAAC,CAAC;AAEF,KAAK,CAAC,SAAS,CAAC,SAAS,GAAG,UACxB,SAA4D;IAE5D,OAAO,IAAI,CAAC,IAAI,CACZ,IAAI,CAAC,SAAS,CAAC,EAAE,CAAC,EAAE,CAAC,CAAC,SAAS,CAAC,IAAI,CAAC,SAAS,CAAC,EAAE,CAAC,CAAC,CAAC,CAAC,CAAC,EAAE,EAAE,CAAC,CAAC,CAAC,EAAE,CAAC,EAAE,CAAC,CAAC,CACvE,CAAA;AACL,CAAC,CAAC;AAEF,KAAK,CAAC,SAAS,CAAC,GAAG,GAAG,UAClB,SAA2D;IAE3D,OAAO,SAAS;QACZ,CAAC,CAAC,IAAI,CAAC,MAAM,CAAC,SAAS,CAAC,CAAC,GAAG,EAAE;QAC9B,CAAC,CAAC,IAAI,CAAC,SAAS,CAAC,CAAC,EAAE,EAAE,CAAC,EAAE,EAAE,CAAC,CAAC,EAAE,IAAI,CAAC,CAAC,CAAC,EAAE,CAAC,CAAC,CAAC;AACnD,CAAC,CAAC;AAEF,KAAK,CAAC,SAAS,CAAC,IAAI,GAAG,UAAa,MAAc;IAC9C,OAAO,IAAI,IAAI,CAAI,QAAQ,CAAI,IAAI,CAAC,CAAC,KAAK,CAAC,CAAC,EAAE,IAAI,CAAC,GAAG,CAAC,CAAC,EAAE,MAAM,CAAC,CAAC,CAAC,CAAA;AACvE,CAAC,CAAC;AAEF,KAAK,CAAC,SAAS,CAAC,QAAQ,GAAG,UAAa,MAAc;IAClD,MAAM,GAAG,GAAG,QAAQ,CAAI,IAAI,CAAC,CAAC,MAAM,CAAC;IACrC,OAAO,IAAI,IAAI,CAAI,QAAQ,CAAI,IAAI,CAAC,CAAC,KAAK,CAAC,GAAG,GAAG,MAAM,CAAC,CAAC,CAAC,GAAG,GAAG,MAAM,CAAC,CAAC,CAAC,CAAC,EAAE,GAAG,CAAC,CAAC,CAAC;AACtF,CAAC,CAAC;AAEF,KAAK,CAAC,SAAS,CAAC,SAAS,GAAG,UACxB,SAA4D;IAE5D,OAAO,IAAI,CAAC,IAAI,CACZ,IAAI,CAAC,SAAS,CACV,CAAC,EAAE,EAAE,EAAE,CAAC,CAAC,SAAS,CAAC,IAAI,CAAC,SAAS,CAAC,EAAE,CAAC,CAAC,CAAC,CAAC,CAAC,EAAE,EAAE,CAAC,CAAC,CAAC,EAAE,CAAC,EACnD,CAAC,CACJ,CACJ,CAAC;AACN,CAAC,CAAC;AAEF,KAAK,CAAC,SAAS,CAAC,OAAO,GAAG;IACtB,OAAO,QAAQ,CAAI,IAAI,CAAC,CAAC;AAC7B,CAAC,CAAC;AAEF,KAAK,CAAC,SAAS,CAAC,YAAY,GAAG,UAC3B,GAAqB,EACrB,KAA4B;IAE5B,MAAM,IAAI,GAAE,IAAK,IAAI,CAAmC,IAAI,CAAC,SAAS,CAAC,CAAC,IAAI,EAAE,CAAC,EAAE,CAAC,EAAE,EAAE;QAClF,IAAI,CACC,IAAI,CAAC,MAAM,CAAC,GAAG,CAAC;aACZ,SAAS,CAAC,CAAE,CAAS;aACrB,QAAQ,EAAE,CAClB,GAAG,KAAK,CAAC,CAAC,CAAC,IAAI,CAAC,MAAM,CAAC,KAAK,CAAC,CAAC,SAAS,CAAC,CAAE,CAAC,CAAC,CAAC,CAAC,CAAC,CAAA;QAChD,IAAI,CAAC,GAAG,CAAC;YACL,GAAG,EAAE,IAAI,CAAC,MAAM,CAAC,GAAG,CAAC,CAAC,SAAS,CAAC,CAAE,CAAC;YACnC,KAAK,EAAE,KAAK,CAAC,CAAC,CAAC,IAAI,CAAC,MAAM,CAAC,KAAK,CAAC,CAAC,SAAS,CAAC,CAAE,CAAC,CAAC,CAAC,CAAC,CAAC;SACtD,CAAC,CAAA;QACF,OAAO,IAAI,CAAC;IAChB,CAAC,EAAE,KAAK,EAAoC,CAAC,CAAC,CAAC;IAC/C,OAAO,IAAI,CAAC;AAChB,CAAC,CAAA;AAGD,KAAK,CAAC,SAAS,CAAC,MAAM,GAAG;IACrB,OAAO,IAAI,YAAY,IAAI,CAAC,CAAC,CAAC,IAAI,CAAC,CAAC,CAAC,IAAI,IAAI,CAAI,IAAI,CAAC,CAAC;AAC3D,CAAC,CAAC;AAEF,KAAK,CAAC,SAAS,CAAC,QAAQ,GAAG,UACvB,WAA4B,EAC5B,eAAoC;IAEpC,OAAO,IAAI,CAAC,OAAO,CAAC,WAAW,EAAE,eAAe,CAAC,CAAC;AACtD,CAAC,CAAC;AAEF,KAAK,CAAC,SAAS,CAAC,KAAK,GAAG,UAAa,IAAS;IAC1C,OAAO,IAAI,CAAC,MAAM,CAAC,IAAI,CAAC,CAAC,QAAQ,EAAE,CAAC;AACxC,CAAC,CAAC;AAEF,KAAK,CAAC,SAAS,CAAC,KAAK,GAAG,UACpB,SAA0D;IAE1D,OAAO,IAAI,YAAY,IAAI,CAAC,CAAC,CAAC,IAAI,CAAC,KAAK,CAAC,SAAS,CAAC,CAAC,CAAC,CAAC,CAAC,IAAI,IAAI,CAAI,IAAI,CAAC,MAAM,CAAC,SAAS,CAAC,CAAC,CAAC,CAAC;AAChG,CAAC,CAAC;AAEF,KAAK,CAAC,SAAS,CAAC,GAAG,GAAG,UAClB,IAAS,EACT,MAAqC;IAErC,OAAO,IAAI,CAAC,MAAM,GAAG,IAAI,CAAC,KAAK,EAAE;QAC7B,CAAC,CAAC,IAAI,CAAC,MAAM,CAAC,CAAC,CAAC,EAAE,CAAC,EAAE,EAAE,CAAC,MAAM,CAAC,IAAI,CAAC,SAAS,CAAC,CAAC,CAAC,EAAE,CAAC,CAAC,CAAC;QACrD,CAAC,CAAC,IAAI,CAAC,MAAM,CAAC,CAAC,CAAC,EAAE,CAAC,EAAE,EAAE,CAAC,MAAM,CAAC,CAAC,EAAE,IAAI,CAAC,SAAS,CAAC,CAAC,CAAC,CAAC,CAAC,CAAC;AAC9D,CAAC,CAAC;AAIF;;GAEG;AACH,MAAM,KAAK,GAAG,CAAI,CAAI,EAAW,EAAE,CAAC,OAAO,CAAC,KAAK,QAAQ,CAAA;AAEzD,MAAM,QAAQ,GAAG,UACb,GAAkB;IAElB,OAAO,CAAC,GAAG,YAAY,IAAI,CAAC,CAAC,CAAC,CAAC,GAAG,CAAC,MAAM,CAAC,CAAC,CAAC,CAAC,CAAC,GAAG,CAAC,CAAC,CAAA;AACvD,CAAC,CAAA;AAED;;GAEG;AACH,MAAM,KAAK,GAAI,CAAC,CAAM,EAAE,CAAM,EAAW,EAAE,CACvC,MAAM,CAAC,IAAI,CAAC,CAAC,CAAC,CAAC,KAAK,CAChB,GAAG,CAAC,EAAE,CAAC,CAAC,KAAK,CAAC,CAAC,CAAC,GAAG,CAAC,CAAC,CAAC,CAAC,CAAC,KAAK,CAAC,CAAC,CAAC,GAAG,CAAC,EAAE,CAAC,CAAC,GAAG,CAAC,CAAC,CAAC,CAAC,CAAC,CAAC,CAAC,GAAG,CAAC,KAAK,CAAC,CAAC,GAAG,CAAC,CAAC,CACrE,CAAA;AAEL,MAAM,OAAO,GAAG,CACZ,CAAI,EACJ,CAAI,EACJ,YAA6B,EAC7B,UAAoB,EACd,EAAE;IACR,MAAM,QAAQ,GAAG,YAAY,CAAC,CAAC,CAAC,CAAA;IAChC,MAAM,QAAQ,GAAG,YAAY,CAAC,CAAC,CAAC,CAAA;IAChC,IAAI,QAAQ,GAAG,QAAQ,EAAE,CAAC;QACtB,OAAO,CAAC,UAAU,CAAC,CAAC,CAAC,CAAC,CAAC,CAAC,CAAC,CAAC,CAAC,CAAA;IAC/B,CAAC;SAAM,IAAI,QAAQ,GAAG,QAAQ,EAAE,CAAC;QAC7B,OAAO,CAAC,UAAU,CAAC,CAAC,CAAC,CAAC,CAAC,CAAC,CAAC,CAAC,CAAC,CAAA;IAC/B,CAAC;SAAM,CAAC;QACJ,OAAO,CAAC,CAAA;IACZ,CAAC;AACL,CAAC,CAAA;AAGD,MAAM,WAAW,GAAG,CAChB,YAA6B,EAC7B,UAAoB,EACI,EAAE,CAAC,CAAC,CAAI,EAAE,CAAI,EAAE,EAAE,CACtC,OAAO,CAAC,CAAC,EAAE,CAAC,EAAE,YAAY,EAAE,UAAU,CAAC,CAAA;AAE/C,MAAM,gBAAgB,GAAG,CACrB,gBAAwC,EACxC,eAAuC,EACf,EAAE,CAAC,CAAC,CAAI,EAAE,CAAI,EAAE,EAAE,CACtC,gBAAgB,CAAC,CAAC,EAAE,CAAC,CAAC,IAAI,eAAe,CAAC,CAAC,EAAE,CAAC,CAAC,CAAA;AAGvD,MAAM,IAAI;IAGN,YAAY,QAAc,EAAU,SAAkC;QAAlC,cAAS,GAAT,SAAS,CAAyB;QAD/D,WAAM,GAAQ,EAAE,CAAC;QAEpB,IAAI,QAAQ,EAAE,CAAC;YACX,IAAI,CAAC,MAAM,GAAG,QAAQ,CAAC;QAC3B,CAAC;QACD,IAAI,IAAI,CAAC,SAAS,EAAE,CAAC;YACjB,OAAO,CAAC,IAAI,CAAC,IAAI,CAAC,MAAM,EAAE,IAAI,CAAC,SAAS,CAAC,CAAA;QAC7C,CAAC;IACL,CAAC;IAED;;;OAGG;IACI,MAAM,CAAC,WAA4B;QACtC,OAAO,IAAI,IAAI,CACX,QAAQ,CAAI,IAAI,CAAC,EACjB,gBAAgB,CAAC,IAAI,CAAC,SAAU,EAAE,WAAW,CAAC,WAAW,EAAE,KAAK,CAAC,CAAC,CACrE,CAAA;IACL,CAAC;IAED;;;OAGG;IACI,gBAAgB,CAAC,WAA4B;QAChD,OAAO,IAAI,IAAI,CACX,QAAQ,CAAI,IAAI,CAAC,EACjB,gBAAgB,CAAC,IAAI,CAAC,SAAU,EAAE,WAAW,CAAC,WAAW,EAAE,IAAI,CAAC,CAAC,CACpE,CAAA;IACL,CAAC;IAED,GAAG,CAAC,OAAU;QACV,OAAO,IAAI,CAAC,MAAM,CAAC,GAAG,CAAC,OAAO,CAAC,CAAC;IACpC,CAAC;IACD,QAAQ,CAAC,QAAa;QAClB,OAAO,IAAI,CAAC,MAAM,CAAC,QAAQ,CAAC,QAAQ,CAAC,CAAC;IAC1C,CAAC;IAAA,CAAC;IACF,SAAS,CAAI,WAAqE,EAAE,YAAgB;QAChG,OAAO,IAAI,CAAC,MAAM,CAAC,SAAS,CAAC,WAAW,EAAE,YAAY,CAAC,CAAC;IAC5D,CAAC;IACD,GAAG,CAAC,SAA0D;QAC1D,OAAO,IAAI,CAAC,MAAM,CAAC,GAAG,CAAC,SAAS,CAAC,CAAC;IACtC,CAAC;IACD,GAAG,CAAC,SAA2D;QAC3D,OAAO,IAAI,CAAC,MAAM,CAAC,GAAG,CAAC,SAAS,CAAC,CAAC;IACtC,CAAC;IACD,MAAM,CAAC,KAAQ;QACX,OAAO,IAAI,CAAC,MAAM,CAAC,MAAM,CAAC,KAAK,CAAC,CAAC;IACrC,CAAC;IACD,OAAO,CAAC,SAAwD;QAC5D,OAAO,IAAI,CAAC,MAAM,CAAC,OAAO,CAAC,SAAS,CAAC,CAAC;IAC1C,CAAC;IACD,IAAI;QACA,OAAO,IAAI,CAAC,MAAM,CAAC,IAAI,EAAK,CAAA;IAChC,CAAC;IACD,MAAM,CAAC,IAAS;QACZ,OAAO,IAAI,CAAC,MAAM,CAAC,MAAM,CAAC,IAAI,CAAC,CAAC;IACpC,CAAC;IACD,QAAQ,CAAC,OAAU;QACf,OAAO,IAAI,CAAC,MAAM,CAAC,QAAQ,CAAC,OAAO,CAAC,CAAC;IACzC,CAAC;IACD,KAAK,CAAC,SAA2D;QAC7D,OAAO,IAAI,CAAC,MAAM,CAAC,KAAK,CAAC,SAAS,CAAC,CAAC;IACxC,CAAC;IACD,cAAc,CAAC,YAAgB;QAC3B,OAAO,IAAI,CAAC,MAAM,CAAC,cAAc,CAAC,YAAY,CAAC,CAAC;IACpD,CAAC;IACD,QAAQ;QACJ,OAAO,IAAI,CAAC,MAAM,CAAC,QAAQ,EAAE,CAAC;IAClC,CAAC;IACD,UAAU,CAAC,WAA4B;QACnC,OAAO,IAAI,CAAC,MAAM,CAAC,UAAU,CAAC,WAAW,CAAC,CAAC;IAC/C,CAAC;IACD,SAAS,CAAC,KAAa;QACnB,OAAO,IAAI,CAAC,MAAM,CAAC,SAAS,CAAC,KAAK,CAAC,CAAC;IACxC,CAAC;IACD,kBAAkB,CAAC,KAAa;QAC5B,OAAO,IAAI,CAAC,MAAM,CAAC,kBAAkB,CAAC,KAAK,CAAC,CAAC;IACjD,CAAC;IACD,MAAM,CAAC,MAAW;QACd,OAAO,IAAI,CAAC,MAAM,CAAC,MAAM,CAAC,MAAM,CAAC,CAAC;IACtC,CAAC;IACD,OAAO,CAAC,SAA2D;QAC/D,OAAO,IAAI,CAAC,MAAM,CAAC,OAAO,CAAC,SAAS,CAAC,CAAC;IAC1C,CAAC;IACD,KAAK,CAAC,SAA2D;QAC7D,OAAO,IAAI,CAAC,MAAM,CAAC,KAAK,CAAC,SAAS,CAAC,CAAC;IACxC,CAAC;IACD,cAAc,CAAC,SAA2D;QACtE,OAAO,IAAI,CAAC,MAAM,CAAC,cAAc,CAAC,SAAS,CAAC,CAAC;IACjD,CAAC;IACD,OAAO,CAAC,MAAmD;QACvD,OAAO,IAAI,CAAC,MAAM,CAAC,OAAO,CAAC,MAAM,CAAC,CAAC;IACvC,CAAC;IACD,OAAO,CAAc,OAAwB,EAAE,MAAgC;QAC3E,OAAO,MAAM,CAAC,CAAC,CAAC,IAAI,CAAC,MAAM,CAAC,OAAO,CAAC,OAAO,EAAE,MAAM,CAAC,CAAA,CAAC,CAAA,IAAI,CAAC,MAAM,CAAC,OAAO,CAAC,OAAO,CAAC,CAAC;IACtF,CAAC;IACD,SAAS,CAAI,IAAS,EAAE,IAAmB,EAAE,IAAmB,EAAE,MAAsC;QACpG,OAAO,IAAI,CAAC,MAAM,CAAC,SAAS,CAAC,IAAI,EAAE,IAAI,EAAE,IAAI,EAAE,MAAM,CAAC,CAAC;IAC3D,CAAC;IACD,QAAQ,CAAC,KAAa,EAAE,KAAa;QACjC,OAAO,IAAI,CAAC,MAAM,CAAC,QAAQ,CAAC,KAAK,EAAE,KAAK,CAAC,CAAC;IAC9C,CAAC;IACD,OAAO,CAAC,OAAU;QACd,OAAO,IAAI,CAAC,MAAM,CAAC,OAAO,CAAC,OAAO,CAAC,CAAC;IACxC,CAAC;IACD,MAAM,CAAC,KAAa,EAAE,OAAU;QAC5B,OAAO,IAAI,CAAC,MAAM,CAAC,MAAM,CAAC,KAAK,EAAE,OAAO,CAAC,CAAC;IAC9C,CAAC;IACD,WAAW,CAAC,KAAa,EAAE,KAAU;QACjC,OAAO,IAAI,CAAC,MAAM,CAAC,WAAW,CAAC,KAAK,EAAE,KAAK,CAAC,CAAC;IACjD,CAAC;IACD,SAAS,CAAC,MAAW;QACjB,OAAO,IAAI,CAAC,MAAM,CAAC,SAAS,CAAC,MAAM,CAAC,CAAC;IACzC,CAAC;IACD,IAAI,CAAI,IAAc,EAAE,IAAqB,EAAE,IAAqB,EAAE,MAAoC;QACtG,OAAO,IAAI,CAAC,MAAM,CAAC,IAAI,CAAC,IAAI,EAAE,IAAI,EAAE,IAAI,EAAE,MAAM,CAAC,CAAC;IACtD,CAAC;IACD,IAAI,CAAC,SAA2D;QAC5D,OAAO,IAAI,CAAC,MAAM,CAAC,IAAI,CAAC,SAAS,CAAC,CAAC;IACvC,CAAC;IACD,aAAa,CAAC,SAA2D;QACrE,OAAO,IAAI,CAAC,MAAM,CAAC,aAAa,CAAC,SAAS,CAAC,CAAC;IAChD,CAAC;IACD,GAAG,CAAC,QAA0D;QAC1D,OAAO,IAAI,CAAC,MAAM,CAAC,GAAG,CAAC,QAAQ,CAAC,CAAC;IACrC,CAAC;IACD,KAAK,CAAC,WAA4B;QAC9B,OAAO,IAAI,CAAC,MAAM,CAAC,KAAK,CAAC,WAAW,CAAC,CAAC;IAC1C,CAAC;IACD,GAAG,CAAC,QAA0D;QAC1D,OAAO,IAAI,CAAC,MAAM,CAAC,GAAG,CAAC,QAAQ,CAAC,CAAA;IACpC,CAAC;IACD,KAAK,CAAC,WAA4B;QAC9B,OAAO,IAAI,CAAC,MAAM,CAAC,KAAK,CAAC,WAAW,CAAC,CAAA;IACzC,CAAC;IACD,MAAM,CAAI,IAAS;QACf,OAAO,IAAI,CAAC,MAAM,CAAC,MAAM,CAAC,IAAI,CAAC,CAAA;IACnC,CAAC;IACD,OAAO,CAAC,WAA4B,EAAE,WAAsB;QACxD,OAAO,IAAI,CAAC,MAAM,CAAC,OAAO,CAAC,WAAW,EAAE,WAAW,CAAC,CAAA;IACxD,CAAC;IACD,iBAAiB,CAAC,WAA4B;QAC1C,OAAO,IAAI,CAAC,MAAM,CAAC,iBAAiB,CAAC,WAAW,CAAC,CAAA;IACrD,CAAC;IACD,OAAO,CAAC,KAAQ;QACZ,OAAO,IAAI,CAAC,MAAM,CAAC,OAAO,CAAC,KAAK,CAAC,CAAA;IACrC,CAAC;IACD,MAAM,CAAC,OAAU;QACb,OAAO,IAAI,CAAC,MAAM,CAAC,MAAM,CAAC,OAAO,CAAC,CAAA;IACtC,CAAC;IACD,SAAS,CAAC,SAA2D;QACjE,OAAO,IAAI,CAAC,MAAM,CAAC,SAAS,CAAC,SAAS,CAAC,CAAA;IAC3C,CAAC;IACD,QAAQ,CAAC,KAAa;QAClB,OAAO,IAAI,CAAC,MAAM,CAAC,QAAQ,CAAC,KAAK,CAAC,CAAA;IACtC,CAAC;IACD,WAAW,CAAC,KAAa,EAAE,KAAa;QACpC,OAAO,IAAI,CAAC,MAAM,CAAC,WAAW,CAAC,KAAK,EAAE,KAAK,CAAC,CAAA;IAChD,CAAC;IACD,OAAO;QACH,IAAI,CAAC,MAAM,CAAC,OAAO,EAAE,CAAA;IACzB,CAAC;IACD,MAAM,CAAO,QAA6C;QACtD,OAAO,IAAI,CAAC,MAAM,CAAC,MAAM,CAAC,QAAQ,CAAC,CAAA;IACvC,CAAC;IACD,UAAU,CAAqB,QAA6C;QACxE,OAAO,IAAI,CAAC,MAAM,CAAC,UAAU,CAAC,QAAQ,CAAC,CAAA;IAC3C,CAAC;IACD,aAAa,CAAC,IAAS;QACnB,OAAO,IAAI,CAAC,MAAM,CAAC,aAAa,CAAC,IAAI,CAAC,CAAA;IAC1C,CAAC;IACD,MAAM,CAAC,SAA2D;QAC9D,OAAO,IAAI,CAAC,MAAM,CAAC,MAAM,CAAC,SAAS,CAAC,CAAA;IACxC,CAAC;IACD,eAAe,CAAC,SAA2D;QACvE,OAAO,IAAI,CAAC,MAAM,CAAC,eAAe,CAAC,SAAS,CAAC,CAAA;IACjD,CAAC;IACD,IAAI,CAAC,MAAc;QACf,OAAO,IAAI,CAAC,MAAM,CAAC,IAAI,CAAC,MAAM,CAAC,CAAA;IACnC,CAAC;IACD,QAAQ,CAAC,MAAc;QACnB,OAAO,IAAI,CAAC,MAAM,CAAC,QAAQ,CAAC,MAAM,CAAC,CAAA;IACvC,CAAC;IACD,SAAS,CAAC,SAA4D;QAClE,OAAO,IAAI,CAAC,MAAM,CAAC,SAAS,CAAC,SAAS,CAAC,CAAA;IAC3C,CAAC;IACD,GAAG,CAAC,SAA2D;QAC3D,OAAO,IAAI,CAAC,MAAM,CAAC,GAAG,CAAC,SAAS,CAAC,CAAA;IACrC,CAAC;IACD,IAAI,CAAC,MAAc;QACf,OAAO,IAAI,CAAC,MAAM,CAAC,IAAI,CAAC,MAAM,CAAC,CAAA;IACnC,CAAC;IACD,QAAQ,CAAC,MAAc;QACnB,OAAO,IAAI,CAAC,MAAM,CAAC,QAAQ,CAAC,MAAM,CAAC,CAAA;IACvC,CAAC;IACD,SAAS,CAAC,SAA4D;QAClE,OAAO,IAAI,CAAC,MAAM,CAAC,SAAS,CAAC,SAAS,CAAC,CAAA;IAC3C,CAAC;IACD,OAAO;QACH,OAAO,IAAI,CAAC,MAAM,CAAC;IACvB,CAAC;IACD,YAAY,CAAe,GAAqB,EAAE,KAA4B;QAC1E,OAAO,IAAI,CAAC,MAAM,CAAC,YAAY,CAAC,GAAG,EAAE,KAAK,CAAC,CAAA;IAC/C,CAAC;IACD,MAAM;QACF,OAAO,IAAI,IAAI,CAAI,IAAI,CAAC,MAAM,CAAC,CAAC;IACpC,CAAC;IACD,QAAQ,CAAC,WAA4B,EAAE,eAAoC;QACvE,OAAO,IAAI,CAAC,MAAM,CAAC,QAAQ,CAAC,WAAW,EAAE,eAAe,CAAC,CAAA;IAC7D,CAAC;IACD,KAAK,CAAC,IAAS;QACX,OAAO,IAAI,CAAC,MAAM,CAAC,KAAK,CAAC,IAAI,CAAC,CAAA;IAClC,CAAC;IACD,KAAK,CAAC,SAA0D;QAC5D,OAAO,IAAI,CAAC,MAAM,CAAC,KAAK,CAAC,SAAS,CAAC,CAAA;IACvC,CAAC;IACD,GAAG,CAAU,IAAS,EAAE,MAAqC;QACzD,OAAO,IAAI,CAAC,MAAM,CAAC,GAAG,CAAC,IAAI,EAAE,MAAM,CAAC,CAAA;IACxC,CAAC;CACJ;AAED,MAAM,UAAU;IACZ;;OAEG;IACI,MAAM,CAAC,KAAK,CAAC,KAAa,EAAE,KAAa;QAC5C,IAAI,MAAM,GAAG,IAAI,IAAI,EAAU,CAAA;QAC/B,OAAO,KAAK,EAAE,EAAE,CAAC;YACb,MAAM,CAAC,GAAG,CAAC,KAAK,EAAE,CAAC,CAAA;QACvB,CAAC;QACD,OAAO,MAAM,CAAA;IACjB,CAAC;IAED;;OAEG;IACI,MAAM,CAAC,MAAM,CAAI,OAAU,EAAE,KAAa;QAC7C,IAAI,MAAM,GAAG,IAAI,IAAI,EAAK,CAAA;QAC1B,OAAO,KAAK,EAAE,EAAE,CAAC;YACb,MAAM,CAAC,GAAG,CAAC,OAAO,CAAC,CAAA;QACvB,CAAC;QACD,OAAO,MAAM,CAAA;IACjB,CAAC;CACJ"},"_coverageSchema":"1a1c01bbd47fc00a2c39e90264f33305004495a9","hash":"710e10e1564aa116fdb76b3c840963ada3683aae","contentHash":"7de16487702399fa651d89be20e1112e86c826b21a15916d7d42259a3790b1ea"}}